TID GID GT TTy ReqT TAr TT Res
1	 0	 4	 Q	 0	 0	 1	 S	
2	 0	 4	 P	 0	 0	 3	 A	
3	 2	 1	 C	 2	 2	 1	 B	
4	 2	 1	 D	 2	 3	 1	 S	
5	 0	 4	 C	 0	 3	 1	 A	
6	 3	 3	 A	 3	 3	 2	 B	
7	 0	 4	 D	 0	 4	 1	 S	
8	 4	 1	 C	 4	 4	 1	 A	
9	 4	 1	 D	 4	 5	 1	 S	
10	 5	 1	 C	 5	 5	 1	 A	
11	 3	 3	 C	 3	 5	 1	 B	
12	 5	 1	 D	 5	 6	 1	 S	
13	 6	 1	 C	 6	 6	 1	 A	
14	 3	 3	 D	 3	 6	 2	 S	
15	 7	 1	 C	 7	 7	 1	 B	
16	 6	 1	 D	 6	 7	 2	 S	
17	 8	 1	 C	 8	 8	 1	 B	
18	 7	 1	 D	 7	 8	 2	 S	
19	 1	 2	 P	 1	 1	 9	 A	
20	 8	 1	 D	 8	 9	 2	 S	
21	 9	 3	 A	 9	 9	 2	 B	
22	 1	 2	 C	 1	 10	 1	 A	
23	 1	 2	 D	 1	 11	 1	 S	
24	 9	 3	 C	 9	 11	 1	 B	
25	 9	 3	 D	 9	 12	 1	 S	
26	 10	 2	 P	 10	 10	 4	 A	
27	 11	 3	 A	 11	 11	 3	 B	
28	 13	 1	 C	 13	 13	 2	 A	
29	 10	 2	 C	 10	 14	 1	 B	
30	 13	 1	 D	 13	 15	 1	 S	
31	 11	 3	 C	 11	 14	 2	 A	
32	 10	 2	 D	 10	 15	 2	 S	
33	 14	 3	 A	 14	 14	 3	 B	
34	 11	 3	 D	 11	 16	 2	 S	
35	 16	 1	 C	 16	 16	 2	 B	
36	 12	 2	 P	 12	 12	 7	 A	
37	 16	 1	 D	 16	 18	 1	 S	
38	 14	 3	 C	 14	 17	 2	 B	
39	 12	 2	 C	 12	 19	 1	 A	
40	 14	 3	 D	 14	 19	 1	 S	
41	 12	 2	 D	 12	 20	 1	 S	
42	 15	 3	 A	 15	 15	 6	 B	
43	 20	 1	 C	 20	 20	 2	 B	
44	 17	 2	 P	 17	 17	 6	 A	
45	 20	 1	 D	 20	 22	 1	 S	
46	 15	 3	 C	 15	 21	 2	 B	
47	 22	 1	 C	 22	 22	 2	 A	
48	 15	 3	 D	 15	 23	 1	 S	
49	 17	 2	 C	 17	 23	 1	 B	
50	 22	 1	 D	 22	 24	 1	 S	
51	 24	 1	 C	 24	 24	 1	 B	
52	 17	 2	 D	 17	 24	 2	 S	
53	 18	 2	 P	 18	 18	 9	 A	
54	 25	 3	 A	 25	 25	 2	 B	
55	 24	 1	 D	 24	 25	 2	 S	
56	 26	 1	 C	 26	 26	 2	 A	
57	 18	 2	 C	 18	 27	 1	 B	
58	 26	 1	 D	 26	 28	 1	 S	
59	 25	 3	 C	 25	 27	 2	 A	
60	 27	 1	 C	 27	 27	 2	 B	
61	 18	 2	 D	 18	 28	 2	 S	
62	 29	 3	 A	 29	 29	 2	 B	
63	 25	 3	 D	 25	 29	 2	 S	
64	 19	 2	 P	 19	 19	 13	 A	
65	 27	 1	 D	 27	 29	 3	 S	
66	 30	 1	 C	 30	 30	 2	 B	
67	 31	 1	 C	 31	 31	 2	 A	
68	 28	 4	 Q	 28	 28	 5	 S	
69	 29	 3	 C	 29	 31	 2	 B	
70	 19	 2	 C	 19	 32	 2	 A	
71	 30	 1	 D	 30	 32	 2	 S	
72	 33	 1	 C	 33	 33	 1	 B	
73	 31	 1	 D	 31	 33	 2	 S	
74	 32	 3	 A	 32	 32	 4	 B	
75	 29	 3	 D	 29	 33	 3	 S	
76	 21	 2	 P	 21	 21	 16	 A	
77	 19	 2	 D	 19	 34	 3	 S	
78	 32	 3	 C	 32	 36	 1	 B	
79	 36	 1	 C	 36	 36	 2	 A	
80	 33	 1	 D	 33	 34	 4	 S	
81	 21	 2	 C	 21	 37	 1	 B	
82	 32	 3	 D	 32	 37	 2	 S	
83	 37	 1	 C	 37	 37	 2	 A	
84	 35	 3	 A	 35	 35	 5	 B	
85	 36	 1	 D	 36	 38	 2	 S	
86	 39	 1	 C	 39	 39	 1	 A	
87	 21	 2	 D	 21	 38	 3	 S	
88	 35	 3	 C	 35	 40	 1	 B	
89	 37	 1	 D	 37	 39	 3	 S	
90	 41	 1	 C	 41	 41	 1	 B	
91	 23	 2	 P	 23	 23	 20	 A	
92	 39	 1	 D	 39	 40	 3	 S	
93	 42	 1	 C	 42	 42	 1	 B	
94	 23	 2	 C	 23	 43	 1	 A	
95	 35	 3	 D	 35	 41	 3	 S	
96	 41	 1	 D	 41	 42	 3	 S	
97	 38	 3	 A	 38	 38	 7	 B	
98	 42	 1	 D	 42	 43	 3	 S	
99	 44	 1	 C	 44	 44	 2	 B	
100	 28	 4	 P	 28	 28	 19	 A	
101	 23	 2	 D	 23	 44	 3	 S	
102	 38	 3	 C	 38	 45	 2	 B	
103	 45	 1	 C	 45	 45	 3	 A	
104	 28	 4	 C	 28	 47	 1	 B	
105	 44	 1	 D	 44	 46	 2	 S	
106	 47	 1	 C	 47	 47	 2	 A	
107	 38	 3	 D	 38	 47	 2	 S	
108	 45	 1	 D	 45	 48	 2	 S	
109	 48	 5	 A	 48	 48	 2	 B	
110	 28	 4	 D	 28	 48	 3	 S	
111	 50	 1	 C	 50	 50	 1	 B	
112	 34	 2	 P	 34	 34	 18	 A	
113	 47	 1	 D	 47	 49	 3	 S	
114	 34	 2	 C	 34	 52	 1	 B	
115	 50	 1	 D	 50	 51	 2	 S	
116	 52	 1	 C	 52	 52	 2	 B	
117	 34	 2	 D	 34	 53	 1	 S	
118	 40	 2	 P	 40	 40	 15	 A	
119	 53	 1	 C	 53	 53	 2	 B	
120	 52	 1	 D	 52	 54	 1	 S	
121	 40	 2	 C	 40	 55	 1	 A	
122	 55	 1	 C	 55	 55	 1	 B	
123	 53	 1	 D	 53	 55	 1	 S	
124	 40	 2	 D	 40	 56	 1	 S	
125	 55	 1	 D	 55	 56	 2	 S	
126	 43	 2	 P	 43	 43	 16	 A	
127	 57	 3	 A	 57	 57	 2	 B	
128	 48	 5	 Q	 48	 48	 11	 S	
129	 43	 2	 C	 43	 59	 1	 A	
130	 57	 3	 C	 57	 59	 1	 B	
131	 58	 5	 Q	 58	 58	 2	 S	
132	 59	 1	 C	 59	 59	 2	 A	
133	 48	 5	 C	 48	 59	 2	 B	
134	 43	 2	 D	 43	 60	 1	 S	
135	 57	 3	 D	 57	 60	 2	 S	
136	 58	 5	 A	 58	 58	 5	 B	
137	 59	 1	 D	 59	 61	 2	 S	
138	 46	 2	 P	 46	 46	 18	 A	
139	 62	 1	 C	 62	 62	 2	 B	
140	 48	 5	 D	 48	 61	 3	 S	
141	 58	 5	 C	 58	 63	 2	 A	
142	 63	 1	 C	 63	 63	 2	 B	
143	 62	 1	 D	 62	 64	 1	 S	
144	 46	 2	 C	 46	 64	 2	 A	
145	 64	 1	 C	 64	 64	 2	 B	
146	 58	 5	 D	 58	 65	 1	 S	
147	 63	 1	 D	 63	 65	 2	 S	
148	 61	 5	 A	 61	 61	 7	 B	
149	 46	 2	 D	 46	 66	 2	 S	
150	 49	 2	 P	 49	 49	 20	 A	
151	 67	 1	 C	 67	 67	 2	 B	
152	 64	 1	 D	 64	 66	 3	 S	
153	 68	 1	 C	 68	 68	 2	 A	
154	 49	 2	 C	 49	 69	 1	 B	
155	 67	 1	 D	 67	 69	 1	 S	
156	 61	 5	 Q	 61	 61	 10	 S	
157	 65	 3	 A	 65	 65	 7	 B	
158	 68	 1	 D	 68	 70	 2	 S	
159	 51	 2	 P	 51	 51	 22	 A	
160	 71	 1	 C	 71	 71	 2	 B	
161	 49	 2	 D	 49	 70	 3	 S	
162	 61	 5	 C	 61	 71	 3	 A	
163	 65	 3	 C	 65	 72	 2	 B	
164	 71	 1	 D	 71	 73	 1	 S	
165	 61	 5	 D	 61	 74	 1	 S	
166	 51	 2	 C	 51	 73	 2	 B	
167	 72	 1	 C	 72	 72	 3	 A	
168	 66	 4	 Q	 66	 66	 10	 S	
169	 73	 3	 A	 73	 73	 4	 B	
170	 65	 3	 D	 65	 74	 3	 S	
171	 54	 2	 P	 54	 54	 24	 A	
172	 76	 1	 C	 76	 76	 2	 B	
173	 51	 2	 D	 51	 75	 3	 S	
174	 73	 3	 C	 73	 77	 2	 A	
175	 77	 1	 C	 77	 77	 2	 B	
176	 72	 1	 D	 72	 75	 4	 S	
177	 54	 2	 C	 54	 78	 2	 A	
178	 76	 1	 D	 76	 78	 2	 S	
179	 73	 3	 D	 73	 79	 2	 S	
180	 75	 5	 A	 75	 75	 6	 B	
181	 80	 1	 C	 80	 80	 1	 A	
182	 70	 4	 Q	 70	 70	 12	 S	
183	 79	 3	 A	 79	 79	 4	 B	
184	 77	 1	 D	 77	 79	 4	 S	
185	 56	 2	 P	 56	 56	 28	 A	
186	 82	 1	 C	 82	 82	 2	 B	
187	 54	 2	 D	 54	 80	 4	 S	
188	 80	 1	 D	 80	 81	 4	 S	
189	 79	 3	 C	 79	 83	 2	 A	
190	 83	 1	 C	 83	 83	 2	 B	
191	 82	 1	 D	 82	 84	 2	 S	
192	 84	 1	 C	 84	 84	 2	 B	
193	 56	 2	 C	 56	 84	 2	 A	
194	 79	 3	 D	 79	 85	 2	 S	
195	 81	 5	 A	 81	 81	 7	 B	
196	 83	 1	 D	 83	 85	 3	 S	
197	 60	 2	 P	 60	 60	 29	 A	
198	 88	 1	 C	 88	 88	 1	 B	
199	 56	 2	 D	 56	 86	 3	 S	
200	 84	 1	 D	 84	 86	 4	 S	
201	 89	 1	 C	 89	 89	 1	 B	
202	 60	 2	 C	 60	 89	 1	 A	
203	 75	 5	 Q	 75	 75	 16	 S	
204	 88	 1	 D	 88	 89	 3	 S	
205	 89	 1	 D	 89	 90	 3	 S	
206	 91	 3	 A	 91	 91	 2	 B	
207	 66	 4	 P	 66	 66	 27	 A	
208	 92	 1	 C	 92	 92	 2	 A	
209	 81	 5	 Q	 81	 81	 13	 S	
210	 75	 5	 C	 75	 91	 3	 B	
211	 60	 2	 D	 60	 90	 5	 S	
212	 66	 4	 C	 66	 93	 2	 B	
213	 91	 3	 C	 91	 93	 2	 A	
214	 92	 1	 D	 92	 94	 2	 S	
215	 81	 5	 C	 81	 94	 2	 B	
216	 94	 1	 C	 94	 94	 2	 A	
217	 75	 5	 D	 75	 94	 3	 S	
218	 95	 1	 C	 95	 95	 2	 B	
219	 96	 1	 C	 96	 96	 1	 A	
220	 91	 3	 D	 91	 95	 3	 S	
221	 97	 1	 C	 97	 97	 1	 B	
222	 66	 4	 D	 66	 95	 4	 S	
223	 98	 1	 C	 98	 98	 1	 B	
224	 69	 2	 P	 69	 69	 31	 A	
225	 94	 1	 D	 94	 96	 4	 S	
226	 69	 2	 C	 69	 100	 1	 A	
227	 93	 5	 A	 93	 93	 8	 B	
228	 81	 5	 D	 81	 96	 5	 S	
229	 95	 1	 D	 95	 97	 5	 S	
230	 101	 1	 C	 101	 101	 1	 B	
231	 100	 1	 C	 100	 100	 2	 A	
232	 96	 1	 D	 96	 97	 6	 S	
233	 102	 1	 C	 102	 102	 1	 B	
234	 97	 1	 D	 97	 98	 6	 S	
235	 103	 1	 C	 103	 103	 1	 B	
236	 98	 1	 D	 98	 99	 6	 S	
237	 70	 4	 P	 70	 70	 35	 A	
238	 69	 2	 D	 69	 101	 5	 S	
239	 99	 3	 A	 99	 99	 7	 B	
240	 70	 4	 C	 70	 105	 1	 A	
241	 90	 4	 Q	 90	 90	 17	 S	
242	 99	 3	 C	 99	 106	 1	 B	
243	 106	 1	 C	 106	 106	 1	 A	
244	 101	 1	 D	 101	 102	 6	 S	
245	 107	 1	 C	 107	 107	 1	 B	
246	 100	 1	 D	 100	 102	 7	 S	
247	 74	 2	 P	 74	 74	 36	 A	
248	 109	 1	 C	 109	 109	 1	 B	
249	 102	 1	 D	 102	 103	 7	 S	
250	 103	 1	 D	 103	 104	 7	 S	
251	 110	 1	 C	 110	 110	 1	 B	
252	 74	 2	 C	 74	 110	 1	 A	
253	 70	 4	 D	 70	 106	 6	 S	
254	 111	 3	 A	 111	 111	 2	 B	
255	 99	 3	 D	 99	 107	 6	 S	
256	 78	 2	 P	 78	 78	 36	 A	
257	 112	 1	 C	 112	 112	 2	 B	
258	 93	 5	 Q	 93	 93	 21	 S	
259	 111	 3	 C	 111	 113	 2	 A	
260	 106	 1	 D	 106	 107	 8	 S	
261	 78	 2	 C	 78	 114	 1	 B	
262	 107	 1	 D	 107	 108	 8	 S	
263	 93	 5	 C	 93	 114	 2	 A	
264	 109	 1	 D	 109	 110	 7	 S	
265	 113	 5	 A	 113	 113	 4	 B	
266	 116	 1	 C	 116	 116	 1	 A	
267	 110	 1	 D	 110	 111	 7	 S	
268	 117	 1	 C	 117	 117	 1	 B	
269	 74	 2	 D	 74	 111	 8	 S	
270	 85	 2	 P	 85	 85	 35	 A	
271	 115	 3	 A	 115	 115	 5	 B	
272	 112	 1	 D	 112	 114	 6	 S	
273	 119	 1	 C	 119	 119	 2	 A	
274	 85	 2	 C	 85	 120	 1	 B	
275	 111	 3	 D	 111	 115	 6	 S	
276	 120	 1	 C	 120	 120	 2	 A	
277	 78	 2	 D	 78	 115	 7	 S	
278	 115	 3	 C	 115	 120	 2	 B	
279	 93	 5	 D	 93	 116	 7	 S	
280	 116	 1	 D	 116	 117	 7	 S	
281	 118	 3	 A	 118	 118	 6	 B	
282	 86	 2	 P	 86	 86	 39	 A	
283	 117	 1	 D	 117	 118	 7	 S	
284	 123	 1	 C	 123	 123	 2	 B	
285	 119	 1	 D	 119	 121	 5	 S	
286	 86	 2	 C	 86	 125	 1	 B	
287	 118	 3	 C	 118	 124	 2	 A	
288	 85	 2	 D	 85	 121	 6	 S	
289	 125	 1	 C	 125	 125	 2	 B	
290	 120	 1	 D	 120	 122	 6	 S	
291	 127	 1	 C	 127	 127	 1	 B	
292	 87	 2	 P	 87	 87	 42	 A	
293	 115	 3	 D	 115	 122	 7	 S	
294	 128	 1	 C	 128	 128	 1	 B	
295	 123	 1	 D	 123	 125	 5	 S	
296	 87	 2	 C	 87	 129	 1	 A	
297	 129	 1	 C	 129	 129	 1	 B	
298	 118	 3	 D	 118	 126	 5	 S	
299	 131	 1	 C	 131	 131	 1	 B	
300	 86	 2	 D	 86	 126	 6	 S	
301	 90	 4	 P	 90	 90	 43	 A	
302	 132	 1	 C	 132	 132	 1	 B	
303	 125	 1	 D	 125	 127	 6	 S	
304	 127	 1	 D	 127	 128	 6	 S	
305	 90	 4	 C	 90	 133	 1	 A	
306	 133	 3	 A	 133	 133	 2	 B	
307	 128	 1	 D	 128	 129	 6	 S	
308	 87	 2	 D	 87	 130	 6	 S	
309	 133	 3	 C	 133	 135	 1	 B	
310	 104	 2	 P	 104	 104	 33	 A	
311	 129	 1	 D	 129	 130	 7	 S	
312	 136	 1	 C	 136	 136	 1	 B	
313	 131	 1	 D	 131	 132	 6	 S	
314	 137	 1	 C	 137	 137	 1	 B	
315	 104	 2	 C	 104	 137	 1	 A	
316	 105	 4	 Q	 105	 105	 34	 S	
317	 138	 5	 A	 138	 138	 2	 B	
318	 132	 1	 D	 132	 133	 7	 S	
319	 105	 4	 P	 105	 105	 36	 A	
320	 139	 1	 C	 139	 139	 2	 B	
321	 90	 4	 D	 90	 134	 7	 S	
322	 133	 3	 D	 133	 136	 6	 S	
323	 105	 4	 C	 105	 141	 1	 A	
324	 141	 1	 C	 141	 141	 1	 B	
325	 136	 1	 D	 136	 137	 6	 S	
326	 142	 1	 C	 142	 142	 1	 A	
327	 104	 2	 D	 104	 138	 6	 S	
328	 140	 3	 A	 140	 140	 4	 B	
329	 137	 1	 D	 137	 138	 7	 S	
330	 140	 3	 C	 140	 144	 1	 B	
331	 108	 2	 P	 108	 108	 38	 A	
332	 139	 1	 D	 139	 141	 5	 S	
333	 144	 1	 C	 144	 144	 2	 B	
334	 108	 2	 C	 108	 146	 1	 A	
335	 113	 5	 Q	 113	 113	 34	 S	
336	 105	 4	 D	 105	 142	 6	 S	
337	 113	 5	 C	 113	 147	 1	 A	
338	 143	 3	 A	 143	 143	 5	 B	
339	 143	 3	 C	 143	 148	 1	 B	
340	 147	 1	 C	 147	 147	 2	 A	
341	 138	 5	 Q	 138	 138	 11	 S	
342	 141	 1	 D	 141	 142	 8	 S	
343	 138	 5	 C	 138	 149	 1	 B	
344	 142	 1	 D	 142	 143	 8	 S	
345	 150	 1	 C	 150	 150	 1	 B	
346	 114	 2	 P	 114	 114	 38	 A	
347	 140	 3	 D	 140	 145	 7	 S	
348	 151	 1	 C	 151	 151	 1	 B	
349	 114	 2	 C	 114	 152	 1	 A	
350	 144	 1	 D	 144	 146	 7	 S	
351	 152	 1	 C	 152	 152	 1	 B	
352	 108	 2	 D	 108	 147	 7	 S	
353	 153	 1	 C	 153	 153	 1	 B	
354	 113	 5	 D	 113	 148	 7	 S	
355	 121	 2	 P	 121	 121	 35	 A	
356	 146	 3	 A	 146	 146	 10	 B	
357	 143	 3	 D	 143	 149	 7	 S	
358	 155	 1	 C	 155	 155	 2	 A	
359	 121	 2	 C	 121	 156	 1	 B	
360	 147	 1	 D	 147	 149	 8	 S	
361	 146	 3	 C	 146	 156	 2	 A	
362	 156	 1	 C	 156	 156	 2	 B	
363	 138	 5	 D	 138	 150	 8	 S	
364	 150	 1	 D	 150	 151	 8	 S	
365	 157	 1	 C	 157	 157	 2	 A	
366	 148	 5	 A	 148	 148	 12	 B	
367	 151	 1	 D	 151	 152	 8	 S	
368	 159	 1	 C	 159	 159	 1	 A	
369	 145	 4	 Q	 145	 145	 16	 S	
370	 154	 3	 A	 154	 154	 8	 B	
371	 114	 2	 D	 114	 153	 9	 S	
372	 122	 2	 P	 122	 122	 41	 A	
373	 161	 1	 C	 161	 161	 2	 B	
374	 152	 1	 D	 152	 153	 10	 S	
375	 154	 3	 C	 154	 162	 2	 A	
376	 162	 1	 C	 162	 162	 2	 B	
377	 153	 1	 D	 153	 154	 10	 S	
378	 122	 2	 C	 122	 163	 2	 A	
379	 155	 1	 D	 155	 157	 8	 S	
380	 163	 1	 C	 163	 163	 2	 B	
381	 121	 2	 D	 121	 157	 9	 S	
382	 164	 1	 C	 164	 164	 2	 A	
383	 146	 3	 D	 146	 158	 9	 S	
384	 158	 3	 A	 158	 158	 9	 B	
385	 166	 1	 C	 166	 166	 1	 A	
386	 156	 1	 D	 156	 158	 10	 S	
387	 158	 3	 C	 158	 167	 1	 B	
388	 157	 1	 D	 157	 159	 10	 S	
389	 124	 2	 P	 124	 124	 46	 A	
390	 160	 5	 A	 160	 160	 10	 B	
391	 159	 1	 D	 159	 160	 10	 S	
392	 169	 1	 C	 169	 169	 2	 A	
393	 124	 2	 C	 124	 170	 1	 B	
394	 161	 1	 D	 161	 163	 8	 S	
395	 170	 1	 C	 170	 170	 2	 A	
396	 154	 3	 D	 154	 164	 8	 S	
397	 165	 3	 A	 165	 165	 8	 B	
398	 171	 1	 C	 171	 171	 2	 A	
399	 148	 5	 Q	 148	 148	 25	 S	
400	 165	 3	 C	 165	 173	 1	 B	
401	 162	 1	 D	 162	 164	 10	 S	
402	 148	 5	 C	 148	 173	 2	 B	
403	 122	 2	 D	 122	 165	 10	 S	
404	 126	 2	 P	 126	 126	 50	 A	
405	 160	 5	 Q	 160	 160	 16	 S	
406	 163	 1	 D	 163	 165	 12	 S	
407	 173	 3	 A	 173	 173	 4	 B	
408	 126	 2	 C	 126	 176	 1	 A	
409	 164	 1	 D	 164	 166	 12	 S	
410	 176	 1	 C	 176	 176	 2	 B	
411	 160	 5	 C	 160	 176	 2	 A	
412	 166	 1	 D	 166	 167	 12	 S	
413	 173	 3	 C	 173	 177	 2	 B	
414	 177	 1	 C	 177	 177	 2	 A	
415	 172	 4	 Q	 172	 172	 8	 S	
416	 178	 1	 C	 178	 178	 2	 B	
417	 158	 3	 D	 158	 168	 13	 S	
418	 180	 1	 C	 180	 180	 1	 B	
419	 130	 2	 P	 130	 130	 52	 A	
420	 169	 1	 D	 169	 171	 11	 S	
421	 181	 1	 C	 181	 181	 1	 B	
422	 130	 2	 C	 130	 182	 1	 A	
423	 124	 2	 D	 124	 171	 12	 S	
424	 175	 5	 A	 175	 175	 9	 B	
425	 175	 5	 Q	 175	 175	 9	 S	
426	 170	 1	 D	 170	 172	 13	 S	
427	 183	 1	 C	 183	 183	 2	 B	
428	 134	 2	 P	 134	 134	 52	 A	
429	 171	 1	 D	 171	 173	 13	 S	
430	 175	 5	 C	 175	 184	 2	 B	
431	 184	 1	 C	 184	 184	 3	 A	
432	 179	 4	 Q	 179	 179	 8	 S	
433	 185	 1	 C	 185	 185	 2	 B	
434	 134	 2	 C	 134	 186	 2	 A	
435	 165	 3	 D	 165	 174	 14	 S	
436	 187	 1	 C	 187	 187	 1	 B	
437	 182	 4	 Q	 182	 182	 7	 S	
438	 186	 5	 A	 186	 186	 4	 B	
439	 148	 5	 D	 148	 175	 15	 S	
440	 135	 2	 P	 135	 135	 56	 A	
441	 189	 1	 C	 189	 189	 2	 B	
442	 126	 2	 D	 126	 177	 14	 S	
443	 135	 2	 C	 135	 191	 1	 A	
444	 191	 1	 C	 191	 191	 1	 B	
445	 176	 1	 D	 176	 178	 14	 S	
446	 160	 5	 D	 160	 178	 15	 S	
447	 173	 3	 D	 173	 179	 15	 S	
448	 188	 5	 A	 188	 188	 6	 B	
449	 145	 4	 P	 145	 145	 50	 A	
450	 177	 1	 D	 177	 179	 16	 S	
451	 193	 1	 C	 193	 193	 2	 B	
452	 194	 1	 C	 194	 194	 2	 A	
453	 178	 1	 D	 178	 180	 16	 S	
454	 145	 4	 C	 145	 195	 1	 B	
455	 180	 1	 D	 180	 181	 16	 S	
456	 181	 1	 D	 181	 182	 16	 S	
457	 192	 3	 A	 192	 192	 6	 B	
458	 149	 2	 P	 149	 149	 50	 A	
459	 130	 2	 D	 130	 183	 16	 S	
460	 192	 3	 C	 192	 198	 1	 B	
461	 149	 2	 C	 149	 199	 1	 A	
462	 183	 1	 D	 183	 185	 15	 S	
463	 199	 1	 C	 199	 199	 1	 B	
464	 175	 5	 D	 175	 186	 15	 S	
465	 200	 1	 C	 200	 200	 1	 B	
466	 184	 1	 D	 184	 187	 15	 S	
467	 201	 1	 C	 201	 201	 1	 B	
468	 167	 2	 P	 167	 167	 36	 A	
469	 185	 1	 D	 185	 187	 16	 S	
470	 167	 2	 C	 167	 203	 1	 A	
471	 195	 3	 A	 195	 195	 9	 B	
472	 134	 2	 D	 134	 188	 16	 S	
473	 195	 3	 C	 195	 204	 1	 B	
474	 187	 1	 D	 187	 188	 17	 S	
475	 189	 1	 D	 189	 191	 15	 S	
476	 168	 2	 P	 168	 168	 39	 A	
477	 198	 3	 A	 198	 198	 9	 B	
478	 135	 2	 D	 135	 192	 15	 S	
479	 206	 1	 C	 206	 206	 2	 A	
480	 168	 2	 C	 168	 207	 1	 B	
481	 191	 1	 D	 191	 192	 16	 S	
482	 207	 1	 C	 207	 207	 2	 B	
483	 198	 3	 C	 198	 207	 2	 A	
484	 193	 1	 D	 193	 195	 14	 S	
485	 208	 1	 C	 208	 208	 2	 B	
486	 186	 5	 Q	 186	 186	 24	 S	
487	 186	 5	 C	 186	 210	 1	 B	
488	 188	 5	 Q	 188	 188	 23	 S	
489	 172	 4	 P	 172	 172	 40	 A	
490	 209	 4	 Q	 209	 209	 3	 S	
491	 188	 5	 C	 188	 211	 1	 B	
492	 172	 4	 C	 172	 212	 1	 A	
493	 194	 1	 D	 194	 196	 17	 S	
494	 212	 1	 C	 212	 212	 1	 B	
495	 145	 4	 D	 145	 196	 18	 S	
496	 213	 1	 C	 213	 213	 1	 B	
497	 192	 3	 D	 192	 199	 16	 S	
498	 174	 2	 P	 174	 174	 42	 A	
499	 202	 3	 A	 202	 202	 14	 B	
500	 149	 2	 D	 149	 200	 16	 S	
501	 215	 1	 C	 215	 215	 2	 A	
502	 174	 2	 C	 174	 216	 1	 B	
503	 199	 1	 D	 199	 200	 17	 S	
504	 200	 1	 D	 200	 201	 17	 S	
505	 202	 3	 C	 202	 216	 2	 A	
506	 217	 1	 C	 217	 217	 1	 B	
507	 210	 5	 Q	 210	 210	 9	 S	
508	 201	 1	 D	 201	 202	 18	 S	
509	 203	 3	 A	 203	 203	 17	 B	
510	 179	 4	 P	 179	 179	 42	 A	
511	 167	 2	 D	 167	 204	 17	 S	
512	 219	 1	 C	 219	 219	 2	 B	
513	 220	 1	 C	 220	 220	 2	 B	
514	 195	 3	 D	 195	 205	 17	 S	
515	 203	 3	 C	 203	 220	 2	 A	
516	 179	 4	 C	 179	 221	 2	 B	
517	 206	 1	 D	 206	 208	 15	 S	
518	 222	 1	 C	 222	 222	 1	 A	
519	 168	 2	 D	 168	 208	 16	 S	
520	 207	 1	 D	 207	 209	 16	 S	
521	 210	 5	 A	 210	 210	 15	 B	
522	 182	 4	 P	 182	 182	 44	 A	
523	 198	 3	 D	 198	 209	 17	 S	
524	 224	 1	 C	 224	 224	 2	 B	
525	 208	 1	 D	 208	 210	 17	 S	
526	 210	 5	 C	 210	 225	 2	 A	
527	 225	 1	 C	 225	 225	 2	 B	
528	 186	 5	 D	 186	 211	 17	 S	
529	 182	 4	 C	 182	 226	 2	 A	
530	 226	 1	 C	 226	 226	 2	 B	
531	 188	 5	 D	 188	 212	 17	 S	
532	 228	 1	 C	 228	 228	 1	 A	
533	 172	 4	 D	 172	 213	 17	 S	
534	 211	 5	 A	 211	 211	 19	 B	
535	 229	 1	 C	 229	 229	 1	 A	
536	 212	 1	 D	 212	 213	 18	 S	
537	 230	 1	 C	 230	 230	 1	 B	
538	 213	 1	 D	 213	 214	 18	 S	
539	 190	 2	 P	 190	 190	 43	 A	
540	 223	 3	 A	 223	 223	 10	 B	
541	 215	 1	 D	 215	 217	 16	 S	
542	 223	 3	 C	 223	 233	 1	 B	
543	 190	 2	 C	 190	 233	 1	 A	
544	 174	 2	 D	 174	 217	 17	 S	
545	 233	 1	 C	 233	 233	 2	 B	
546	 217	 1	 D	 217	 218	 17	 S	
547	 235	 1	 C	 235	 235	 1	 B	
548	 202	 3	 D	 202	 218	 18	 S	
549	 219	 1	 D	 219	 221	 16	 S	
550	 236	 1	 C	 236	 236	 1	 B	
551	 196	 2	 P	 196	 196	 41	 A	
552	 220	 1	 D	 220	 222	 16	 S	
553	 196	 2	 C	 196	 237	 1	 B	
554	 203	 3	 D	 203	 222	 17	 S	
555	 238	 1	 C	 238	 238	 1	 B	
556	 197	 2	 P	 197	 197	 43	 A	
557	 179	 4	 D	 179	 223	 17	 S	
558	 239	 1	 C	 239	 239	 1	 B	
559	 197	 2	 C	 197	 240	 1	 A	
560	 222	 1	 D	 222	 223	 18	 S	
561	 240	 1	 C	 240	 240	 1	 B	
562	 224	 1	 D	 224	 226	 16	 S	
563	 241	 1	 C	 241	 241	 1	 B	
564	 210	 5	 D	 210	 227	 16	 S	
565	 204	 2	 P	 204	 204	 40	 A	
566	 227	 3	 A	 227	 227	 17	 B	
567	 225	 1	 D	 225	 227	 17	 S	
568	 243	 1	 C	 243	 243	 2	 A	
569	 204	 2	 C	 204	 244	 1	 B	
570	 182	 4	 D	 182	 228	 17	 S	
571	 226	 1	 D	 226	 228	 18	 S	
572	 227	 3	 C	 227	 244	 2	 A	
573	 244	 1	 C	 244	 244	 2	 B	
574	 228	 1	 D	 228	 229	 18	 S	
575	 245	 1	 C	 245	 245	 2	 A	
576	 229	 1	 D	 229	 230	 18	 S	
577	 231	 3	 A	 231	 231	 17	 B	
578	 230	 1	 D	 230	 231	 18	 S	
579	 231	 3	 C	 231	 248	 1	 B	
580	 205	 2	 P	 205	 205	 45	 A	
581	 249	 1	 C	 249	 249	 1	 B	
582	 223	 3	 D	 223	 234	 16	 S	
583	 190	 2	 D	 190	 234	 17	 S	
584	 250	 1	 C	 250	 250	 1	 B	
585	 205	 2	 C	 205	 250	 1	 A	
586	 233	 1	 D	 233	 235	 17	 S	
587	 251	 1	 C	 251	 251	 1	 B	
588	 235	 1	 D	 235	 236	 17	 S	
589	 252	 1	 C	 252	 252	 1	 B	
590	 209	 4	 P	 209	 209	 45	 A	
591	 236	 1	 D	 236	 237	 17	 S	
592	 209	 4	 C	 209	 254	 1	 A	
593	 196	 2	 D	 196	 238	 17	 S	
594	 234	 3	 A	 234	 234	 21	 B	
595	 238	 1	 D	 238	 239	 17	 S	
596	 254	 1	 C	 254	 254	 2	 A	
597	 234	 3	 C	 234	 255	 1	 B	
598	 239	 1	 D	 239	 240	 17	 S	
599	 197	 2	 D	 197	 241	 17	 S	
600	 242	 3	 A	 242	 242	 16	 B	
601	 214	 2	 P	 214	 214	 45	 A	
602	 240	 1	 D	 240	 241	 18	 S	
603	 257	 1	 C	 257	 257	 2	 B	
604	 242	 3	 C	 242	 258	 2	 A	
605	 241	 1	 D	 241	 242	 18	 S	
606	 258	 1	 C	 258	 258	 2	 B	
607	 243	 1	 D	 243	 245	 16	 S	
608	 214	 2	 C	 214	 259	 2	 A	
609	 259	 1	 C	 259	 259	 2	 B	
610	 261	 1	 C	 261	 261	 1	 A	
611	 204	 2	 D	 204	 245	 17	 S	
612	 246	 3	 A	 246	 246	 17	 B	
613	 227	 3	 D	 227	 246	 17	 S	
614	 246	 3	 C	 246	 263	 1	 B	
615	 211	 5	 Q	 211	 211	 53	 S	
616	 216	 2	 P	 216	 216	 49	 A	
617	 264	 1	 C	 264	 264	 1	 B	
618	 244	 1	 D	 244	 246	 19	 S	
619	 245	 1	 D	 245	 247	 19	 S	
620	 211	 5	 C	 211	 264	 2	 A	
621	 216	 2	 C	 216	 265	 1	 B	
622	 218	 4	 Q	 218	 218	 49	 S	
623	 247	 3	 A	 247	 247	 21	 B	
624	 231	 3	 D	 231	 249	 19	 S	
625	 218	 4	 P	 218	 218	 51	 A	
626	 247	 3	 C	 247	 268	 1	 B	
627	 249	 1	 D	 249	 250	 19	 S	
628	 218	 4	 C	 218	 269	 1	 A	
629	 250	 1	 D	 250	 251	 19	 S	
630	 248	 3	 A	 248	 248	 23	 B	
631	 205	 2	 D	 205	 251	 20	 S	
632	 269	 1	 C	 269	 269	 2	 A	
633	 270	 1	 C	 270	 270	 2	 B	
634	 251	 1	 D	 251	 252	 20	 S	
635	 248	 3	 C	 248	 271	 1	 A	
636	 271	 1	 C	 271	 271	 2	 B	
637	 252	 1	 D	 252	 253	 20	 S	
638	 209	 4	 D	 209	 255	 19	 S	
639	 273	 1	 C	 273	 273	 1	 B	
640	 221	 2	 P	 221	 221	 54	 A	
641	 254	 1	 D	 254	 256	 19	 S	
642	 234	 3	 D	 234	 256	 20	 S	
643	 253	 3	 A	 253	 253	 23	 B	
644	 221	 2	 C	 221	 275	 1	 A	
645	 257	 1	 D	 257	 259	 18	 S	
646	 275	 1	 C	 275	 275	 2	 B	
647	 253	 3	 C	 253	 276	 1	 A	
648	 242	 3	 D	 242	 260	 18	 S	
649	 276	 1	 C	 276	 276	 2	 B	
650	 258	 1	 D	 258	 260	 19	 S	
651	 278	 1	 C	 278	 278	 1	 B	
652	 214	 2	 D	 214	 261	 19	 S	
653	 232	 2	 P	 232	 232	 48	 A	
654	 279	 1	 C	 279	 279	 1	 B	
655	 259	 1	 D	 259	 261	 20	 S	
656	 280	 1	 C	 280	 280	 1	 B	
657	 232	 2	 C	 232	 280	 1	 A	
658	 261	 1	 D	 261	 262	 20	 S	
659	 281	 1	 C	 281	 281	 1	 B	
660	 263	 5	 Q	 263	 263	 20	 S	
661	 237	 2	 P	 237	 237	 47	 A	
662	 255	 3	 A	 255	 255	 29	 B	
663	 246	 3	 D	 246	 264	 20	 S	
664	 237	 2	 C	 237	 284	 1	 A	
665	 255	 3	 C	 255	 284	 1	 B	
666	 264	 1	 D	 264	 265	 20	 S	
667	 211	 5	 D	 211	 266	 20	 S	
668	 256	 3	 A	 256	 256	 31	 B	
669	 216	 2	 D	 216	 266	 21	 S	
670	 260	 2	 P	 260	 260	 28	 A	
671	 285	 1	 C	 285	 285	 3	 B	
672	 247	 3	 D	 247	 269	 19	 S	
673	 286	 1	 C	 286	 286	 3	 A	
674	 256	 3	 C	 256	 287	 2	 B	
675	 218	 4	 D	 218	 270	 19	 S	
676	 287	 1	 C	 287	 287	 3	 A	
677	 260	 2	 C	 260	 288	 2	 B	
678	 269	 1	 D	 269	 271	 19	 S	
679	 289	 1	 C	 289	 289	 2	 A	
680	 270	 1	 D	 270	 272	 19	 S	
681	 248	 3	 D	 248	 272	 20	 S	
682	 262	 3	 A	 262	 262	 30	 B	
683	 271	 1	 D	 271	 273	 20	 S	
684	 262	 3	 C	 262	 292	 1	 B	
685	 266	 4	 P	 266	 266	 28	 A	
686	 266	 4	 Q	 266	 266	 28	 S	
687	 292	 1	 C	 292	 292	 2	 B	
688	 273	 1	 D	 273	 274	 21	 S	
689	 266	 4	 C	 266	 294	 1	 B	
690	 221	 2	 D	 221	 276	 20	 S	
691	 267	 2	 P	 267	 267	 30	 A	
692	 263	 5	 A	 263	 263	 34	 B	
693	 282	 4	 Q	 282	 282	 15	 S	
694	 267	 2	 C	 267	 297	 1	 A	
695	 263	 5	 C	 263	 297	 1	 B	
696	 275	 1	 D	 275	 277	 21	 S	
697	 253	 3	 D	 253	 277	 22	 S	
698	 265	 3	 A	 265	 265	 35	 B	
699	 276	 1	 D	 276	 278	 22	 S	
700	 268	 2	 P	 268	 268	 33	 A	
701	 298	 1	 C	 298	 298	 3	 B	
702	 278	 1	 D	 278	 279	 22	 S	
703	 299	 1	 C	 299	 299	 3	 A	
704	 265	 3	 C	 265	 300	 2	 B	
705	 279	 1	 D	 279	 280	 22	 S	
706	 268	 2	 C	 268	 301	 2	 A	
707	 293	 5	 Q	 293	 293	 10	 S	
708	 274	 3	 A	 274	 274	 30	 B	
709	 232	 2	 D	 232	 281	 23	 S	
710	 280	 1	 D	 280	 281	 24	 S	
711	 303	 1	 C	 303	 303	 2	 B	
712	 272	 2	 P	 272	 272	 34	 A	
713	 281	 1	 D	 281	 282	 24	 S	
714	 274	 3	 C	 274	 304	 2	 B	
715	 272	 2	 C	 272	 306	 1	 A	
716	 306	 1	 C	 306	 306	 1	 B	
717	 237	 2	 D	 237	 285	 22	 S	
718	 255	 3	 D	 255	 285	 23	 S	
719	 307	 1	 C	 307	 307	 1	 B	
720	 285	 1	 D	 285	 288	 21	 S	
721	 308	 1	 C	 308	 308	 1	 B	
722	 282	 4	 P	 282	 282	 28	 A	
723	 296	 4	 Q	 296	 296	 14	 S	
724	 282	 4	 C	 282	 310	 1	 A	
725	 277	 3	 A	 277	 277	 34	 B	
726	 286	 1	 D	 286	 289	 22	 S	
727	 277	 3	 C	 277	 311	 1	 B	
728	 256	 3	 D	 256	 289	 23	 S	
729	 287	 1	 D	 287	 290	 23	 S	
730	 283	 2	 P	 283	 283	 31	 A	
731	 288	 3	 A	 288	 288	 26	 B	
732	 260	 2	 D	 260	 290	 24	 S	
733	 313	 1	 C	 313	 313	 2	 A	
734	 283	 2	 C	 283	 314	 1	 B	
735	 289	 1	 D	 289	 291	 24	 S	
736	 288	 3	 C	 288	 314	 2	 A	
737	 262	 3	 D	 262	 293	 23	 S	
738	 291	 3	 A	 291	 291	 26	 B	
739	 292	 1	 D	 292	 294	 23	 S	
740	 266	 4	 D	 266	 295	 23	 S	
741	 291	 3	 C	 291	 317	 1	 B	
742	 284	 2	 P	 284	 284	 35	 A	
743	 267	 2	 D	 267	 298	 21	 S	
744	 293	 5	 A	 293	 293	 27	 B	
745	 284	 2	 C	 284	 319	 1	 A	
746	 263	 5	 D	 263	 298	 22	 S	
747	 293	 5	 C	 293	 320	 1	 A	
748	 298	 1	 D	 298	 301	 20	 S	
749	 319	 1	 C	 319	 319	 2	 B	
750	 299	 1	 D	 299	 302	 20	 S	
751	 320	 1	 C	 320	 320	 2	 A	
752	 265	 3	 D	 265	 302	 21	 S	
753	 297	 3	 A	 297	 297	 26	 B	
754	 268	 2	 D	 268	 303	 21	 S	
755	 297	 3	 C	 297	 323	 1	 B	
756	 290	 2	 P	 290	 290	 35	 A	
757	 303	 1	 D	 303	 305	 20	 S	
758	 324	 1	 C	 324	 324	 1	 B	
759	 274	 3	 D	 274	 306	 20	 S	
760	 290	 2	 C	 290	 325	 1	 A	
761	 272	 2	 D	 272	 307	 20	 S	
762	 300	 3	 A	 300	 300	 27	 B	
763	 306	 1	 D	 306	 307	 21	 S	
764	 300	 3	 C	 300	 327	 1	 B	
765	 294	 2	 P	 294	 294	 35	 A	
766	 302	 5	 Q	 302	 302	 27	 S	
767	 307	 1	 D	 307	 308	 22	 S	
768	 301	 3	 A	 301	 301	 29	 B	
769	 294	 2	 C	 294	 329	 1	 A	
770	 308	 1	 D	 308	 309	 22	 S	
771	 329	 1	 C	 329	 329	 2	 B	
772	 301	 3	 C	 301	 330	 1	 A	
773	 282	 4	 D	 282	 311	 21	 S	
774	 330	 1	 C	 330	 330	 2	 B	
775	 331	 1	 C	 331	 331	 1	 A	
776	 277	 3	 D	 277	 312	 21	 S	
777	 302	 5	 A	 302	 302	 32	 B	
778	 313	 1	 D	 313	 315	 19	 S	
779	 283	 2	 D	 283	 315	 20	 S	
780	 295	 2	 P	 295	 295	 40	 A	
781	 302	 5	 C	 302	 334	 1	 B	
782	 288	 3	 D	 288	 316	 20	 S	
783	 295	 2	 C	 295	 335	 1	 A	
784	 304	 3	 A	 304	 304	 33	 B	
785	 291	 3	 D	 291	 318	 19	 S	
786	 336	 1	 C	 336	 336	 1	 A	
787	 304	 3	 C	 304	 337	 1	 B	
788	 284	 2	 D	 284	 320	 18	 S	
789	 337	 1	 C	 337	 337	 1	 A	
790	 293	 5	 D	 293	 321	 18	 S	
791	 338	 1	 C	 338	 338	 1	 A	
792	 305	 3	 A	 305	 305	 35	 B	
793	 339	 1	 C	 339	 339	 1	 A	
794	 319	 1	 D	 319	 321	 19	 S	
795	 320	 1	 D	 320	 322	 19	 S	
796	 305	 3	 C	 305	 340	 1	 B	
797	 340	 1	 C	 340	 340	 1	 A	
798	 297	 3	 D	 297	 324	 18	 S	
799	 311	 3	 A	 311	 311	 32	 B	
800	 324	 1	 D	 324	 325	 18	 S	
801	 296	 4	 P	 296	 296	 48	 A	
802	 290	 2	 D	 290	 326	 18	 S	
803	 342	 1	 C	 342	 342	 2	 B	
804	 300	 3	 D	 300	 328	 17	 S	
805	 344	 1	 C	 344	 344	 1	 B	
806	 311	 3	 C	 311	 343	 2	 A	
807	 294	 2	 D	 294	 330	 16	 S	
808	 296	 4	 C	 296	 344	 2	 B	
809	 301	 3	 D	 301	 331	 16	 S	
810	 346	 1	 C	 346	 346	 1	 B	
811	 309	 4	 P	 309	 309	 39	 A	
812	 329	 1	 D	 329	 331	 17	 S	
813	 331	 1	 D	 331	 332	 17	 S	
814	 312	 3	 A	 312	 312	 37	 B	
815	 330	 1	 D	 330	 332	 18	 S	
816	 312	 3	 C	 312	 349	 1	 B	
817	 310	 2	 P	 310	 310	 41	 A	
818	 309	 4	 Q	 309	 309	 42	 S	
819	 349	 1	 C	 349	 349	 2	 B	
820	 310	 2	 C	 310	 351	 1	 A	
821	 328	 4	 Q	 328	 328	 24	 S	
822	 309	 4	 C	 309	 351	 1	 B	
823	 302	 5	 D	 302	 335	 18	 S	
824	 314	 3	 A	 314	 314	 40	 B	
825	 295	 2	 D	 295	 336	 18	 S	
826	 318	 2	 P	 318	 318	 37	 A	
827	 353	 1	 C	 353	 353	 2	 B	
828	 336	 1	 D	 336	 337	 18	 S	
829	 314	 3	 C	 314	 354	 2	 A	
830	 318	 2	 C	 318	 355	 1	 B	
831	 304	 3	 D	 304	 338	 18	 S	
832	 356	 1	 C	 356	 356	 1	 A	
833	 337	 1	 D	 337	 338	 19	 S	
834	 315	 3	 A	 315	 315	 43	 B	
835	 338	 1	 D	 338	 339	 19	 S	
836	 339	 1	 D	 339	 340	 19	 S	
837	 315	 3	 C	 315	 358	 1	 B	
838	 321	 2	 P	 321	 321	 39	 A	
839	 305	 3	 D	 305	 341	 19	 S	
840	 358	 1	 C	 358	 358	 2	 B	
841	 321	 2	 C	 321	 360	 1	 A	
842	 340	 1	 D	 340	 341	 20	 S	
843	 360	 1	 C	 360	 360	 1	 B	
844	 342	 1	 D	 342	 344	 18	 S	
845	 361	 1	 C	 361	 361	 1	 A	
846	 316	 3	 A	 316	 316	 47	 B	
847	 344	 1	 D	 344	 345	 18	 S	
848	 363	 1	 C	 363	 363	 1	 B	
849	 311	 3	 D	 311	 345	 19	 S	
850	 296	 4	 D	 296	 346	 19	 S	
851	 316	 3	 C	 316	 363	 2	 B	
852	 322	 2	 P	 322	 322	 43	 A	
853	 346	 1	 D	 346	 347	 19	 S	
854	 365	 1	 C	 365	 365	 1	 A	
855	 322	 2	 C	 322	 365	 1	 B	
856	 312	 3	 D	 312	 350	 17	 S	
857	 366	 1	 C	 366	 366	 1	 A	
858	 349	 1	 D	 349	 351	 17	 S	
859	 367	 1	 C	 367	 367	 1	 A	
860	 317	 3	 A	 317	 317	 51	 B	
861	 350	 4	 Q	 350	 350	 19	 S	
862	 317	 3	 C	 317	 368	 1	 A	
863	 323	 3	 A	 323	 323	 47	 B	
864	 310	 2	 D	 310	 352	 18	 S	
865	 369	 1	 C	 369	 369	 1	 A	
866	 370	 1	 C	 370	 370	 1	 B	
867	 309	 4	 D	 309	 352	 19	 S	
868	 323	 3	 C	 323	 370	 1	 A	
869	 353	 1	 D	 353	 355	 17	 S	
870	 314	 3	 D	 314	 356	 17	 S	
871	 333	 3	 A	 333	 333	 40	 B	
872	 318	 2	 D	 318	 356	 18	 S	
873	 325	 2	 P	 325	 325	 49	 A	
874	 333	 3	 C	 333	 373	 1	 B	
875	 356	 1	 D	 356	 357	 18	 S	
876	 325	 2	 C	 325	 374	 1	 B	
877	 373	 1	 C	 373	 373	 2	 A	
878	 315	 3	 D	 315	 359	 17	 S	
879	 374	 1	 C	 374	 374	 2	 B	
880	 375	 1	 C	 375	 375	 1	 A	
881	 358	 1	 D	 358	 360	 17	 S	
882	 321	 2	 D	 321	 361	 17	 S	
883	 334	 3	 A	 334	 334	 44	 B	
884	 326	 2	 P	 326	 326	 53	 A	
885	 360	 1	 D	 360	 361	 18	 S	
886	 377	 1	 C	 377	 377	 2	 B	
887	 361	 1	 D	 361	 362	 18	 S	
888	 334	 3	 C	 334	 378	 2	 A	
889	 326	 2	 C	 326	 379	 1	 B	
890	 363	 1	 D	 363	 364	 17	 S	
891	 343	 3	 A	 343	 343	 39	 B	
892	 316	 3	 D	 316	 365	 17	 S	
893	 381	 1	 C	 381	 381	 2	 B	
894	 327	 2	 P	 327	 327	 56	 A	
895	 365	 1	 D	 365	 366	 17	 S	
896	 322	 2	 D	 322	 366	 18	 S	
897	 343	 3	 C	 343	 382	 2	 B	
898	 382	 1	 C	 382	 382	 2	 A	
899	 366	 1	 D	 366	 367	 18	 S	
900	 327	 2	 C	 327	 383	 2	 B	
901	 367	 1	 D	 367	 368	 18	 S	
902	 385	 1	 C	 385	 385	 1	 B	
903	 328	 4	 P	 328	 328	 59	 A	
904	 386	 1	 C	 386	 386	 1	 B	
905	 317	 3	 D	 317	 369	 18	 S	
906	 328	 4	 C	 328	 387	 1	 A	
907	 369	 1	 D	 369	 370	 18	 S	
908	 387	 1	 C	 387	 387	 1	 B	
909	 388	 1	 C	 388	 388	 1	 A	
910	 370	 1	 D	 370	 371	 18	 S	
911	 345	 3	 A	 345	 345	 45	 B	
912	 389	 1	 C	 389	 389	 1	 A	
913	 323	 3	 D	 323	 371	 19	 S	
914	 333	 3	 D	 333	 374	 17	 S	
915	 345	 3	 C	 345	 390	 1	 B	
916	 351	 4	 Q	 351	 351	 41	 S	
917	 332	 2	 P	 332	 332	 61	 A	
918	 325	 2	 D	 325	 375	 18	 S	
919	 348	 3	 A	 348	 348	 45	 B	
920	 373	 1	 D	 373	 375	 19	 S	
921	 332	 2	 C	 332	 393	 1	 A	
922	 348	 3	 C	 348	 393	 1	 B	
923	 374	 1	 D	 374	 376	 19	 S	
924	 394	 1	 C	 394	 394	 1	 A	
925	 355	 3	 A	 355	 355	 41	 B	
926	 368	 5	 Q	 368	 368	 28	 S	
927	 355	 3	 C	 355	 396	 1	 B	
928	 375	 1	 D	 375	 376	 21	 S	
929	 377	 1	 D	 377	 379	 19	 S	
930	 335	 2	 P	 335	 335	 63	 A	
931	 397	 1	 C	 397	 397	 1	 B	
932	 334	 3	 D	 334	 380	 19	 S	
933	 335	 2	 C	 335	 398	 1	 A	
934	 326	 2	 D	 326	 380	 20	 S	
935	 357	 3	 A	 357	 357	 43	 B	
936	 399	 1	 C	 399	 399	 1	 A	
937	 381	 1	 D	 381	 383	 18	 S	
938	 400	 1	 C	 400	 400	 1	 A	
939	 357	 3	 C	 357	 400	 1	 B	
940	 382	 1	 D	 382	 384	 18	 S	
941	 343	 3	 D	 343	 384	 19	 S	
942	 359	 3	 A	 359	 359	 44	 B	
943	 341	 2	 P	 341	 341	 63	 A	
944	 327	 2	 D	 327	 385	 19	 S	
945	 402	 1	 C	 402	 402	 2	 B	
946	 359	 3	 C	 359	 403	 2	 A	
947	 385	 1	 D	 385	 386	 19	 S	
948	 341	 2	 C	 341	 404	 1	 B	
949	 404	 1	 C	 404	 404	 2	 A	
950	 386	 1	 D	 386	 387	 19	 S	
951	 405	 1	 C	 405	 405	 1	 B	
952	 406	 1	 C	 406	 406	 1	 A	
953	 328	 4	 D	 328	 388	 19	 S	
954	 364	 3	 A	 364	 364	 44	 B	
955	 387	 1	 D	 387	 388	 20	 S	
956	 407	 1	 C	 407	 407	 1	 A	
957	 388	 1	 D	 388	 389	 20	 S	
958	 364	 3	 C	 364	 408	 1	 B	
959	 408	 1	 C	 408	 408	 1	 A	
960	 389	 1	 D	 389	 390	 20	 S	
961	 409	 1	 C	 409	 409	 1	 B	
962	 391	 5	 Q	 391	 391	 20	 S	
963	 347	 2	 P	 347	 347	 65	 A	
964	 368	 5	 A	 368	 368	 44	 B	
965	 345	 3	 D	 345	 391	 21	 S	
966	 411	 1	 C	 411	 411	 2	 A	
967	 347	 2	 C	 347	 412	 1	 B	
968	 332	 2	 D	 332	 394	 19	 S	
969	 348	 3	 D	 348	 394	 20	 S	
970	 368	 5	 C	 368	 412	 2	 A	
971	 372	 3	 A	 372	 372	 43	 B	
972	 394	 1	 D	 394	 395	 20	 S	
973	 413	 1	 C	 413	 413	 2	 A	
974	 414	 1	 C	 414	 414	 2	 B	
975	 355	 3	 D	 355	 397	 19	 S	
976	 372	 3	 C	 372	 415	 1	 A	
977	 415	 1	 C	 415	 415	 2	 B	
978	 397	 1	 D	 397	 398	 19	 S	
979	 416	 1	 C	 416	 416	 1	 A	
980	 335	 2	 D	 335	 399	 19	 S	
981	 417	 1	 C	 417	 417	 1	 A	
982	 378	 3	 A	 378	 378	 41	 B	
983	 399	 1	 D	 399	 400	 19	 S	
984	 400	 1	 D	 400	 401	 19	 S	
985	 378	 3	 C	 378	 419	 1	 B	
986	 350	 4	 P	 350	 350	 71	 A	
987	 419	 1	 C	 419	 419	 2	 B	
988	 357	 3	 D	 357	 401	 20	 S	
989	 350	 4	 C	 350	 421	 1	 A	
990	 395	 4	 Q	 395	 395	 27	 S	
991	 383	 3	 A	 383	 383	 40	 B	
992	 402	 1	 D	 402	 404	 19	 S	
993	 383	 3	 C	 383	 423	 1	 B	
994	 359	 3	 D	 359	 405	 19	 S	
995	 351	 4	 P	 351	 351	 74	 A	
996	 341	 2	 D	 341	 405	 20	 S	
997	 351	 4	 C	 351	 425	 1	 A	
998	 410	 4	 Q	 410	 410	 16	 S	
999	 391	 5	 A	 391	 391	 35	 B	
1000	 404	 1	 D	 404	 406	 21	 S	
1001	 391	 5	 C	 391	 426	 1	 B	
1002	 405	 1	 D	 405	 406	 22	 S	
1003	 352	 2	 P	 352	 352	 77	 A	
1004	 406	 1	 D	 406	 407	 22	 S	
1005	 392	 3	 A	 392	 392	 37	 B	
1006	 407	 1	 D	 407	 408	 22	 S	
1007	 352	 2	 C	 352	 429	 1	 B	
1008	 429	 1	 C	 429	 429	 1	 A	
1009	 364	 3	 D	 364	 409	 22	 S	
1010	 392	 3	 C	 392	 429	 2	 B	
1011	 430	 1	 C	 430	 430	 1	 A	
1012	 408	 1	 D	 408	 409	 23	 S	
1013	 421	 5	 Q	 421	 421	 12	 S	
1014	 418	 3	 A	 418	 418	 15	 B	
1015	 354	 2	 P	 354	 354	 80	 A	
1016	 409	 1	 D	 409	 410	 24	 S	
1017	 418	 3	 C	 418	 433	 1	 B	
1018	 411	 1	 D	 411	 413	 22	 S	
1019	 354	 2	 C	 354	 434	 1	 A	
1020	 434	 1	 C	 434	 434	 1	 B	
1021	 425	 5	 Q	 425	 425	 11	 S	
1022	 420	 3	 A	 420	 420	 17	 B	
1023	 347	 2	 D	 347	 413	 24	 S	
1024	 362	 2	 P	 362	 362	 76	 A	
1025	 436	 1	 C	 436	 436	 2	 B	
1026	 368	 5	 D	 368	 414	 24	 S	
1027	 413	 1	 D	 413	 415	 24	 S	
1028	 362	 2	 C	 362	 438	 1	 B	
1029	 420	 3	 C	 420	 437	 2	 A	
1030	 414	 1	 D	 414	 416	 24	 S	
1031	 439	 1	 C	 439	 439	 1	 A	
1032	 438	 1	 C	 438	 438	 2	 B	
1033	 372	 3	 D	 372	 416	 25	 S	
1034	 421	 5	 A	 421	 421	 21	 B	
1035	 415	 1	 D	 415	 417	 25	 S	
1036	 416	 1	 D	 416	 417	 26	 S	
1037	 441	 1	 C	 441	 441	 2	 B	
1038	 371	 2	 P	 371	 371	 72	 A	
1039	 417	 1	 D	 417	 418	 26	 S	
1040	 442	 1	 C	 442	 442	 2	 B	
1041	 421	 5	 C	 421	 442	 2	 A	
1042	 378	 3	 D	 378	 420	 25	 S	
1043	 371	 2	 C	 371	 443	 2	 B	
1044	 443	 1	 C	 443	 443	 2	 A	
1045	 419	 1	 D	 419	 421	 25	 S	
1046	 444	 1	 C	 444	 444	 2	 B	
1047	 350	 4	 D	 350	 422	 25	 S	
1048	 446	 1	 C	 446	 446	 1	 B	
1049	 376	 2	 P	 376	 376	 72	 A	
1050	 383	 3	 D	 383	 424	 24	 S	
1051	 447	 1	 C	 447	 447	 1	 B	
1052	 351	 4	 D	 351	 426	 23	 S	
1053	 376	 2	 C	 376	 448	 1	 A	
1054	 448	 1	 C	 448	 448	 1	 B	
1055	 432	 4	 Q	 432	 432	 18	 S	
1056	 391	 5	 D	 391	 427	 24	 S	
1057	 425	 5	 A	 425	 425	 26	 B	
1058	 379	 2	 P	 379	 379	 73	 A	
1059	 352	 2	 D	 352	 430	 22	 S	
1060	 425	 5	 C	 425	 451	 1	 B	
1061	 379	 2	 C	 379	 452	 1	 A	
1062	 452	 1	 C	 452	 452	 1	 B	
1063	 429	 1	 D	 429	 430	 23	 S	
1064	 453	 1	 C	 453	 453	 1	 A	
1065	 392	 3	 D	 392	 431	 23	 S	
1066	 426	 3	 A	 426	 426	 29	 B	
1067	 430	 1	 D	 430	 431	 24	 S	
1068	 455	 1	 C	 455	 455	 1	 B	
1069	 418	 3	 D	 418	 434	 22	 S	
1070	 380	 2	 P	 380	 380	 77	 A	
1071	 426	 3	 C	 426	 455	 2	 B	
1072	 354	 2	 D	 354	 435	 22	 S	
1073	 456	 1	 C	 456	 456	 2	 A	
1074	 380	 2	 C	 380	 457	 1	 B	
1075	 434	 1	 D	 434	 435	 23	 S	
1076	 436	 1	 D	 436	 438	 21	 S	
1077	 457	 1	 C	 457	 457	 2	 A	
1078	 428	 3	 A	 428	 428	 32	 B	
1079	 435	 5	 Q	 435	 435	 25	 S	
1080	 362	 2	 D	 362	 439	 22	 S	
1081	 428	 3	 C	 428	 460	 1	 B	
1082	 384	 2	 P	 384	 384	 78	 A	
1083	 420	 3	 D	 420	 439	 23	 S	
1084	 439	 1	 D	 439	 440	 23	 S	
1085	 384	 2	 C	 384	 462	 1	 A	
1086	 431	 3	 A	 431	 431	 32	 B	
1087	 438	 1	 D	 438	 440	 24	 S	
1088	 431	 3	 C	 431	 463	 1	 A	
1089	 435	 5	 A	 435	 435	 30	 B	
1090	 441	 1	 D	 441	 443	 22	 S	
1091	 442	 1	 D	 442	 444	 22	 S	
1092	 435	 5	 C	 435	 465	 1	 B	
1093	 390	 2	 P	 390	 390	 77	 A	
1094	 421	 5	 D	 421	 444	 23	 S	
1095	 465	 1	 C	 465	 465	 2	 B	
1096	 390	 2	 C	 390	 467	 1	 A	
1097	 371	 2	 D	 371	 445	 23	 S	
1098	 467	 1	 C	 467	 467	 1	 B	
1099	 449	 5	 Q	 449	 449	 20	 S	
1100	 443	 1	 D	 443	 445	 25	 S	
1101	 437	 3	 A	 437	 437	 33	 B	
1102	 393	 2	 P	 393	 393	 78	 A	
1103	 444	 1	 D	 444	 446	 25	 S	
1104	 437	 3	 C	 437	 470	 1	 B	
1105	 393	 2	 C	 393	 471	 1	 A	
1106	 446	 1	 D	 446	 447	 25	 S	
1107	 471	 1	 C	 471	 471	 1	 B	
1108	 447	 1	 D	 447	 448	 25	 S	
1109	 472	 1	 C	 472	 472	 1	 B	
1110	 376	 2	 D	 376	 449	 25	 S	
1111	 395	 4	 P	 395	 395	 80	 A	
1112	 440	 3	 A	 440	 440	 35	 B	
1113	 448	 1	 D	 448	 449	 26	 S	
1114	 474	 1	 C	 474	 474	 2	 A	
1115	 395	 4	 C	 395	 475	 1	 B	
1116	 425	 5	 D	 425	 452	 24	 S	
1117	 440	 3	 C	 440	 475	 2	 A	
1118	 475	 1	 C	 475	 475	 2	 B	
1119	 379	 2	 D	 379	 453	 24	 S	
1120	 476	 1	 C	 476	 476	 2	 A	
1121	 477	 1	 C	 477	 477	 1	 B	
1122	 452	 1	 D	 452	 453	 25	 S	
1123	 453	 1	 D	 453	 454	 25	 S	
1124	 478	 1	 C	 478	 478	 1	 A	
1125	 449	 5	 A	 449	 449	 31	 B	
1126	 455	 1	 D	 455	 456	 24	 S	
1127	 449	 5	 C	 449	 480	 1	 B	
1128	 459	 5	 Q	 459	 459	 22	 S	
1129	 468	 5	 Q	 468	 468	 14	 S	
1130	 396	 2	 P	 396	 396	 86	 A	
1131	 450	 3	 A	 450	 450	 33	 B	
1132	 426	 3	 D	 426	 457	 26	 S	
1133	 396	 2	 C	 396	 482	 1	 A	
1134	 480	 5	 Q	 480	 480	 4	 S	
1135	 450	 3	 C	 450	 483	 1	 B	
1136	 456	 1	 D	 456	 458	 27	 S	
1137	 484	 1	 C	 484	 484	 1	 B	
1138	 398	 2	 P	 398	 398	 88	 A	
1139	 380	 2	 D	 380	 458	 28	 S	
1140	 457	 1	 D	 457	 459	 28	 S	
1141	 451	 3	 A	 451	 451	 36	 B	
1142	 398	 2	 C	 398	 486	 1	 A	
1143	 428	 3	 D	 428	 461	 27	 S	
1144	 451	 3	 C	 451	 487	 1	 B	
1145	 487	 1	 C	 487	 487	 1	 A	
1146	 384	 2	 D	 384	 463	 26	 S	
1147	 488	 1	 C	 488	 488	 1	 B	
1148	 431	 3	 D	 431	 464	 26	 S	
1149	 489	 1	 C	 489	 489	 1	 B	
1150	 401	 2	 P	 401	 401	 90	 A	
1151	 435	 5	 D	 435	 466	 25	 S	
1152	 401	 2	 C	 401	 491	 1	 A	
1153	 454	 3	 A	 454	 454	 38	 B	
1154	 465	 1	 D	 465	 467	 25	 S	
1155	 491	 1	 C	 491	 491	 2	 A	
1156	 454	 3	 C	 454	 492	 1	 B	
1157	 390	 2	 D	 390	 468	 25	 S	
1158	 492	 1	 C	 492	 492	 2	 A	
1159	 467	 1	 D	 467	 468	 26	 S	
1160	 437	 3	 D	 437	 471	 24	 S	
1161	 459	 5	 A	 459	 459	 36	 B	
1162	 393	 2	 D	 393	 472	 24	 S	
1163	 459	 5	 C	 459	 495	 1	 B	
1164	 403	 2	 P	 403	 403	 94	 A	
1165	 471	 1	 D	 471	 472	 25	 S	
1166	 403	 2	 C	 403	 497	 1	 A	
1167	 461	 3	 A	 461	 461	 37	 B	
1168	 472	 1	 D	 472	 473	 25	 S	
1169	 497	 1	 C	 497	 497	 2	 A	
1170	 461	 3	 C	 461	 498	 1	 B	
1171	 474	 1	 D	 474	 476	 23	 S	
1172	 395	 4	 D	 395	 476	 24	 S	
1173	 499	 1	 C	 499	 499	 1	 B	
1174	 440	 3	 D	 440	 477	 24	 S	
1175	 410	 4	 P	 410	 410	 92	 A	
1176	 462	 3	 A	 462	 462	 40	 B	
1177	 475	 1	 D	 475	 477	 25	 S	
1178	 410	 4	 C	 410	 502	 1	 A	
1179	 462	 3	 C	 462	 502	 1	 B	
1180	 476	 1	 D	 476	 478	 25	 S	
1181	 502	 1	 C	 502	 502	 2	 A	
1182	 477	 1	 D	 477	 478	 26	 S	
1183	 466	 3	 A	 466	 466	 39	 B	
1184	 503	 1	 C	 503	 503	 2	 A	
1185	 478	 1	 D	 478	 479	 26	 S	
1186	 504	 1	 C	 504	 504	 2	 B	
1187	 466	 3	 C	 466	 505	 1	 A	
1188	 449	 5	 D	 449	 481	 25	 S	
