TID GID GT TTy ReqT TAr TT Res
1	 0	 4	 Q	 0	 0	 1	 S	
2	 0	 4	 P	 0	 0	 3	 A	 
3	 2	 1	 C	 2	 2	 1	 B	
4	 2	 1	 D	 2	 3	 1	 S	 
5	 0	 4	 C	 0	 3	 1	 A	
6	 3	 3	 A	 3	 3	 2	 B	
7	 0	 4	 D	 0	 4	 1	 S	 
8	 4	 1	 C	 4	 4	 1	 A	
9	 3	 3	 C	 3	 5	 1	 B	
10	 4	 1	 D	 4	 5	 1	 S	 
11	 5	 1	 C	 5	 5	 1	 A	
12	 3	 3	 D	 3	 6	 1	 S	 
13	 6	 1	 C	 6	 6	 1	 B	
14	 5	 1	 D	 5	 6	 2	 S	 
15	 7	 1	 C	 7	 7	 1	 B	
16	 1	 2	 P	 1	 1	 8	 A	 
17	 6	 1	 D	 6	 7	 2	 S	 
18	 8	 1	 C	 8	 8	 1	 B	
19	 1	 2	 C	 1	 9	 1	 A	
20	 7	 1	 D	 7	 8	 2	 S	 
21	 9	 3	 A	 9	 9	 2	 B	
22	 8	 1	 D	 8	 9	 2	 S	 
23	 9	 3	 C	 9	 11	 1	 B	
24	 1	 2	 D	 1	 10	 2	 S	 
25	 10	 2	 P	 10	 10	 3	 A	 
26	 9	 3	 D	 9	 12	 1	 S	 
27	 10	 2	 C	 10	 13	 1	 A	
28	 11	 3	 A	 11	 11	 3	 B	
29	 10	 2	 D	 10	 14	 1	 S	 
30	 13	 1	 C	 13	 13	 2	 A	
31	 11	 3	 C	 11	 14	 1	 B	
32	 13	 1	 D	 13	 15	 1	 S	 
33	 11	 3	 D	 11	 15	 2	 S	 
34	 14	 3	 A	 14	 14	 3	 B	
35	 12	 2	 P	 12	 12	 6	 A	 
36	 16	 1	 C	 16	 16	 2	 B	
37	 14	 3	 C	 14	 17	 2	 A	
38	 16	 1	 D	 16	 18	 1	 S	 
39	 12	 2	 C	 12	 18	 1	 B	
40	 14	 3	 D	 14	 19	 1	 S	 
41	 12	 2	 D	 12	 19	 2	 S	 
42	 15	 3	 A	 15	 15	 6	 B	
43	 17	 2	 P	 17	 17	 5	 A	 
44	 20	 1	 C	 20	 20	 2	 B	
45	 15	 3	 C	 15	 21	 2	 A	
46	 20	 1	 D	 20	 22	 1	 S	 
47	 17	 2	 C	 17	 22	 1	 B	
48	 22	 1	 C	 22	 22	 2	 A	
49	 15	 3	 D	 15	 23	 1	 S	 
50	 24	 1	 C	 24	 24	 1	 B	
51	 17	 2	 D	 17	 23	 2	 S	 
52	 22	 1	 D	 22	 24	 2	 S	 
53	 18	 2	 P	 18	 18	 9	 A	 
54	 25	 3	 A	 25	 25	 2	 B	
55	 24	 1	 D	 24	 25	 2	 S	 
56	 26	 1	 C	 26	 26	 2	 A	
57	 18	 2	 C	 18	 27	 1	 B	
58	 25	 3	 C	 25	 27	 2	 A	
59	 26	 1	 D	 26	 28	 1	 S	 
60	 27	 1	 C	 27	 27	 2	 B	
61	 18	 2	 D	 18	 28	 2	 S	 
62	 25	 3	 D	 25	 29	 2	 S	 
63	 29	 3	 A	 29	 29	 2	 B	
64	 19	 2	 P	 19	 19	 13	 A	 
65	 27	 1	 D	 27	 29	 3	 S	 
66	 30	 1	 C	 30	 30	 2	 B	
67	 31	 1	 C	 31	 31	 2	 A	
68	 28	 4	 Q	 28	 28	 5	 S	
69	 29	 3	 C	 29	 31	 2	 B	
70	 19	 2	 C	 19	 32	 2	 A	
71	 30	 1	 D	 30	 32	 2	 S	 
72	 33	 1	 C	 33	 33	 1	 B	
73	 31	 1	 D	 31	 33	 2	 S	 
74	 29	 3	 D	 29	 33	 3	 S	 
75	 32	 3	 A	 32	 32	 4	 B	
76	 21	 2	 P	 21	 21	 16	 A	 
77	 19	 2	 D	 19	 34	 3	 S	 
78	 36	 1	 C	 36	 36	 1	 B	
79	 32	 3	 C	 32	 36	 2	 A	
80	 33	 1	 D	 33	 34	 4	 S	 
81	 21	 2	 C	 21	 37	 1	 B	
82	 37	 1	 C	 37	 37	 2	 A	
83	 36	 1	 D	 36	 37	 2	 S	 
84	 32	 3	 D	 32	 38	 2	 S	 
85	 35	 3	 A	 35	 35	 5	 B	
86	 21	 2	 D	 21	 38	 3	 S	 
87	 39	 1	 C	 39	 39	 2	 B	
88	 23	 2	 P	 23	 23	 19	 A	 
89	 37	 1	 D	 37	 39	 3	 S	 
90	 35	 3	 C	 35	 40	 2	 B	
91	 41	 1	 C	 41	 41	 2	 A	
92	 39	 1	 D	 39	 41	 2	 S	 
93	 23	 2	 C	 23	 42	 1	 B	
94	 42	 1	 C	 42	 42	 2	 A	
95	 35	 3	 D	 35	 42	 2	 S	 
96	 41	 1	 D	 41	 43	 2	 S	 
97	 38	 3	 A	 38	 38	 7	 B	
98	 23	 2	 D	 23	 43	 3	 S	 
99	 44	 1	 C	 44	 44	 2	 B	
100	 28	 4	 P	 28	 28	 19	 A	 
101	 42	 1	 D	 42	 44	 3	 S	 
102	 45	 1	 C	 45	 45	 2	 B	
103	 38	 3	 C	 38	 45	 3	 A	
104	 44	 1	 D	 44	 46	 2	 S	 
105	 28	 4	 C	 28	 47	 1	 B	
106	 47	 1	 C	 47	 47	 2	 A	
107	 45	 1	 D	 45	 47	 2	 S	 
108	 38	 3	 D	 38	 48	 2	 S	 
109	 48	 5	 A	 48	 48	 2	 B	
110	 28	 4	 D	 28	 48	 3	 S	 
111	 50	 1	 C	 50	 50	 1	 B	
112	 34	 2	 P	 34	 34	 18	 A	 
113	 47	 1	 D	 47	 49	 3	 S	 
114	 34	 2	 C	 34	 52	 1	 B	
115	 50	 1	 D	 50	 51	 2	 S	 
116	 52	 1	 C	 52	 52	 2	 B	
117	 34	 2	 D	 34	 53	 1	 S	 
118	 40	 2	 P	 40	 40	 15	 A	 
119	 53	 1	 C	 53	 53	 2	 B	
120	 52	 1	 D	 52	 54	 1	 S	 
121	 40	 2	 C	 40	 55	 1	 A	
122	 55	 1	 C	 55	 55	 1	 B	
123	 53	 1	 D	 53	 55	 1	 S	 
124	 40	 2	 D	 40	 56	 1	 S	 
125	 55	 1	 D	 55	 56	 2	 S	 
126	 43	 2	 P	 43	 43	 16	 A	 
127	 57	 3	 A	 57	 57	 2	 B	
128	 48	 5	 Q	 48	 48	 11	 S	
129	 43	 2	 C	 43	 59	 1	 A	
130	 57	 3	 C	 57	 59	 1	 B	
131	 58	 5	 Q	 58	 58	 2	 S	
132	 59	 1	 C	 59	 59	 2	 A	
133	 48	 5	 C	 48	 59	 2	 B	
134	 43	 2	 D	 43	 60	 1	 S	 
135	 57	 3	 D	 57	 60	 2	 S	 
136	 58	 5	 A	 58	 58	 5	 B	
137	 59	 1	 D	 59	 61	 2	 S	 
138	 46	 2	 P	 46	 46	 18	 A	 
139	 62	 1	 C	 62	 62	 2	 B	
140	 48	 5	 D	 48	 61	 3	 S	 
141	 58	 5	 C	 58	 63	 2	 A	
142	 62	 1	 D	 62	 64	 1	 S	 
143	 63	 1	 C	 63	 63	 2	 B	
144	 46	 2	 C	 46	 64	 2	 A	
145	 58	 5	 D	 58	 65	 1	 S	 
146	 64	 1	 C	 64	 64	 2	 B	
147	 63	 1	 D	 63	 65	 2	 S	 
148	 61	 5	 A	 61	 61	 7	 B	
149	 46	 2	 D	 46	 66	 2	 S	 
150	 49	 2	 P	 49	 49	 20	 A	 
151	 67	 1	 C	 67	 67	 2	 B	
152	 64	 1	 D	 64	 66	 3	 S	 
153	 67	 1	 D	 67	 69	 1	 S	 
154	 68	 1	 C	 68	 68	 2	 A	
155	 49	 2	 C	 49	 69	 1	 B	
156	 68	 1	 D	 68	 70	 1	 S	 
157	 65	 3	 A	 65	 65	 7	 B	
158	 49	 2	 D	 49	 70	 2	 S	 
159	 51	 2	 P	 51	 51	 22	 A	 
160	 71	 1	 C	 71	 71	 2	 B	
161	 61	 5	 Q	 61	 61	 12	 S	
162	 71	 1	 D	 71	 73	 1	 S	 
163	 65	 3	 C	 65	 72	 2	 A	
164	 72	 1	 C	 72	 72	 2	 B	
165	 65	 3	 D	 65	 74	 1	 S	 
166	 51	 2	 C	 51	 73	 2	 A	
167	 61	 5	 C	 61	 73	 2	 B	
168	 72	 1	 D	 72	 74	 2	 S	 
169	 51	 2	 D	 51	 75	 2	 S	 
170	 73	 3	 A	 73	 73	 4	 B	
171	 61	 5	 D	 61	 75	 3	 S	 
172	 54	 2	 P	 54	 54	 24	 A	 
173	 76	 1	 C	 76	 76	 2	 B	
174	 76	 1	 D	 76	 78	 1	 S	 
175	 73	 3	 C	 73	 77	 2	 A	
176	 77	 1	 C	 77	 77	 2	 B	
177	 73	 3	 D	 73	 79	 1	 S	 
178	 54	 2	 C	 54	 78	 2	 A	
179	 75	 5	 A	 75	 75	 6	 B	
180	 77	 1	 D	 77	 79	 2	 S	 
181	 80	 1	 C	 80	 80	 1	 A	
182	 54	 2	 D	 54	 80	 2	 S	 
183	 80	 1	 D	 80	 81	 2	 S	 
184	 79	 3	 A	 79	 79	 4	 B	
185	 56	 2	 P	 56	 56	 28	 A	 
186	 66	 4	 Q	 66	 66	 18	 S	
187	 82	 1	 C	 82	 82	 2	 B	
188	 79	 3	 C	 79	 83	 2	 A	
189	 82	 1	 D	 82	 84	 1	 S	 
190	 83	 1	 C	 83	 83	 2	 B	
191	 79	 3	 D	 79	 85	 1	 S	 
192	 56	 2	 C	 56	 84	 2	 A	
193	 84	 1	 C	 84	 84	 2	 B	
194	 83	 1	 D	 83	 85	 2	 S	 
195	 81	 5	 A	 81	 81	 7	 B	
196	 56	 2	 D	 56	 86	 2	 S	 
197	 60	 2	 P	 60	 60	 29	 A	 
198	 88	 1	 C	 88	 88	 1	 B	
199	 84	 1	 D	 84	 86	 3	 S	 
200	 60	 2	 C	 60	 89	 1	 A	
201	 89	 1	 C	 89	 89	 1	 B	
202	 88	 1	 D	 88	 89	 1	 S	 
203	 60	 2	 D	 60	 90	 1	 S	 
204	 89	 1	 D	 89	 90	 2	 S	 
205	 66	 4	 P	 66	 66	 27	 A	 
206	 91	 3	 A	 91	 91	 2	 B	
207	 70	 4	 Q	 70	 70	 23	 S	
208	 66	 4	 C	 66	 93	 1	 B	
209	 92	 1	 C	 92	 92	 2	 A	
210	 75	 5	 Q	 75	 75	 19	 S	
211	 66	 4	 D	 66	 94	 1	 S	 
212	 94	 1	 C	 94	 94	 1	 A	
213	 91	 3	 C	 91	 93	 2	 B	
214	 92	 1	 D	 92	 94	 2	 S	 
215	 75	 5	 C	 75	 94	 2	 A	
216	 95	 1	 C	 95	 95	 1	 B	
217	 94	 1	 D	 94	 95	 2	 S	 
218	 96	 1	 C	 96	 96	 1	 A	
219	 91	 3	 D	 91	 95	 3	 S	 
220	 93	 5	 A	 93	 93	 5	 B	
221	 97	 1	 C	 97	 97	 1	 A	
222	 75	 5	 D	 75	 96	 3	 S	 
223	 98	 1	 C	 98	 98	 1	 B	
224	 95	 1	 D	 95	 96	 4	 S	 
225	 69	 2	 P	 69	 69	 32	 A	 
226	 99	 3	 A	 99	 99	 2	 B	
227	 96	 1	 D	 96	 97	 4	 S	 
228	 100	 1	 C	 100	 100	 2	 A	
229	 69	 2	 C	 69	 101	 1	 B	
230	 97	 1	 D	 97	 98	 4	 S	 
231	 98	 1	 D	 98	 99	 4	 S	 
232	 101	 1	 C	 101	 101	 2	 B	
233	 99	 3	 C	 99	 101	 2	 A	
234	 100	 1	 D	 100	 102	 2	 S	 
235	 103	 1	 C	 103	 103	 1	 A	
236	 102	 1	 C	 102	 102	 2	 B	
237	 69	 2	 D	 69	 102	 3	 S	 
238	 101	 1	 D	 101	 103	 3	 S	 
239	 99	 3	 D	 99	 103	 4	 S	 
240	 106	 1	 C	 106	 106	 1	 B	
241	 70	 4	 P	 70	 70	 37	 A	 
242	 103	 1	 D	 103	 104	 4	 S	 
243	 107	 1	 C	 107	 107	 1	 A	
244	 70	 4	 C	 70	 107	 1	 B	
245	 102	 1	 D	 102	 104	 5	 S	 
246	 106	 1	 D	 106	 107	 3	 S	 
247	 109	 1	 C	 109	 109	 1	 B	
248	 74	 2	 P	 74	 74	 37	 A	 
249	 107	 1	 D	 107	 108	 3	 S	 
250	 110	 1	 C	 110	 110	 1	 B	
251	 74	 2	 C	 74	 111	 1	 A	
252	 70	 4	 D	 70	 108	 4	 S	 
253	 111	 3	 A	 111	 111	 2	 B	
254	 109	 1	 D	 109	 110	 3	 S	 
255	 110	 1	 D	 110	 111	 3	 S	 
256	 112	 1	 C	 112	 112	 2	 B	
257	 78	 2	 P	 78	 78	 37	 A	 
258	 74	 2	 D	 74	 112	 3	 S	 
259	 111	 3	 C	 111	 113	 2	 B	
260	 78	 2	 C	 78	 115	 1	 A	
261	 112	 1	 D	 112	 114	 2	 S	 
262	 116	 1	 C	 116	 116	 1	 A	
263	 113	 5	 A	 113	 113	 4	 B	
264	 111	 3	 D	 111	 115	 2	 S	 
265	 117	 1	 C	 117	 117	 1	 A	
266	 78	 2	 D	 78	 116	 2	 S	 
267	 115	 3	 A	 115	 115	 4	 B	
268	 116	 1	 D	 116	 117	 2	 S	 
269	 115	 3	 C	 115	 119	 1	 B	
270	 117	 1	 D	 117	 118	 2	 S	 
271	 85	 2	 P	 85	 85	 36	 A	 
272	 119	 1	 C	 119	 119	 2	 B	
273	 115	 3	 D	 115	 120	 1	 S	 
274	 120	 1	 C	 120	 120	 2	 A	
275	 85	 2	 C	 85	 121	 1	 B	
276	 119	 1	 D	 119	 121	 1	 S	 
277	 120	 1	 D	 120	 122	 1	 S	 
278	 118	 3	 A	 118	 118	 6	 B	
279	 85	 2	 D	 85	 122	 2	 S	 
280	 86	 2	 P	 86	 86	 39	 A	 
281	 123	 1	 C	 123	 123	 2	 B	
282	 81	 5	 Q	 81	 81	 44	 S	
283	 118	 3	 C	 118	 124	 2	 A	
284	 86	 2	 C	 86	 125	 1	 B	
285	 123	 1	 D	 123	 125	 1	 S	 
286	 125	 1	 C	 125	 125	 2	 A	
287	 81	 5	 C	 81	 125	 2	 B	
288	 118	 3	 D	 118	 126	 1	 S	 
289	 127	 1	 C	 127	 127	 1	 B	
290	 86	 2	 D	 86	 126	 2	 S	 
291	 128	 1	 C	 128	 128	 1	 B	
292	 125	 1	 D	 125	 127	 2	 S	 
293	 87	 2	 P	 87	 87	 43	 A	 
294	 129	 1	 C	 129	 129	 1	 B	
295	 81	 5	 D	 81	 127	 3	 S	 
296	 87	 2	 C	 87	 130	 1	 A	
297	 127	 1	 D	 127	 128	 3	 S	 
298	 131	 1	 C	 131	 131	 1	 B	
299	 128	 1	 D	 128	 129	 3	 S	 
300	 132	 1	 C	 132	 132	 1	 B	
301	 129	 1	 D	 129	 130	 3	 S	 
302	 90	 4	 P	 90	 90	 44	 A	 
303	 87	 2	 D	 87	 131	 3	 S	 
304	 133	 3	 A	 133	 133	 2	 B	
305	 131	 1	 D	 131	 132	 3	 S	 
306	 133	 3	 C	 133	 135	 1	 B	
307	 132	 1	 D	 132	 133	 3	 S	 
308	 104	 2	 P	 104	 104	 33	 A	 
309	 136	 1	 C	 136	 136	 1	 B	
310	 133	 3	 D	 133	 136	 1	 S	 
311	 104	 2	 C	 104	 137	 1	 A	
312	 137	 1	 C	 137	 137	 1	 B	
313	 136	 1	 D	 136	 137	 1	 S	 
314	 104	 2	 D	 104	 138	 1	 S	 
315	 138	 5	 A	 138	 138	 2	 B	
316	 137	 1	 D	 137	 138	 2	 S	 
317	 105	 4	 P	 105	 105	 36	 A	 
318	 139	 1	 C	 139	 139	 2	 B	
319	 90	 4	 Q	 90	 90	 51	 S	
320	 141	 1	 C	 141	 141	 1	 B	
321	 139	 1	 D	 139	 141	 1	 S	 
322	 90	 4	 C	 90	 141	 2	 B	
323	 141	 1	 D	 141	 142	 1	 S	 
324	 108	 2	 P	 108	 108	 36	 A	 
325	 142	 1	 C	 142	 142	 2	 B	
326	 90	 4	 D	 90	 143	 1	 S	 
327	 108	 2	 C	 108	 144	 1	 A	
328	 144	 1	 C	 144	 144	 1	 B	
329	 142	 1	 D	 142	 144	 1	 S	 
330	 108	 2	 D	 108	 145	 1	 S	 
331	 140	 3	 A	 140	 140	 7	 B	
332	 144	 1	 D	 144	 145	 2	 S	 
333	 114	 2	 P	 114	 114	 34	 A	 
334	 140	 3	 C	 140	 147	 1	 B	
335	 93	 5	 Q	 93	 93	 55	 S	
336	 147	 1	 C	 147	 147	 2	 A	
337	 114	 2	 C	 114	 148	 1	 B	
338	 140	 3	 D	 140	 148	 1	 S	 
339	 93	 5	 C	 93	 148	 2	 A	
340	 147	 1	 D	 147	 149	 1	 S	 
341	 143	 3	 A	 143	 143	 8	 B	
342	 114	 2	 D	 114	 149	 2	 S	 
343	 93	 5	 D	 93	 150	 2	 S	 
344	 150	 1	 C	 150	 150	 2	 B	
345	 121	 2	 P	 121	 121	 32	 A	 
346	 150	 1	 D	 150	 152	 1	 S	 
347	 143	 3	 C	 143	 151	 2	 B	
348	 151	 1	 C	 151	 151	 3	 A	
349	 143	 3	 D	 143	 153	 1	 S	 
350	 152	 1	 C	 152	 152	 2	 B	
351	 121	 2	 C	 121	 153	 2	 A	
352	 151	 1	 D	 151	 154	 1	 S	 
353	 153	 1	 C	 153	 153	 2	 B	
354	 152	 1	 D	 152	 154	 2	 S	 
355	 155	 1	 C	 155	 155	 1	 A	
356	 121	 2	 D	 121	 155	 2	 S	 
357	 146	 3	 A	 146	 146	 11	 B	
358	 156	 1	 C	 156	 156	 1	 A	
359	 153	 1	 D	 153	 155	 3	 S	 
360	 146	 3	 C	 146	 157	 1	 B	
361	 157	 1	 C	 157	 157	 1	 A	
362	 155	 1	 D	 155	 156	 3	 S	 
363	 156	 1	 D	 156	 157	 3	 S	 
364	 148	 5	 A	 148	 148	 12	 B	
365	 122	 2	 P	 122	 122	 39	 A	 
366	 146	 3	 D	 146	 158	 3	 S	 
367	 159	 1	 C	 159	 159	 2	 B	
368	 122	 2	 C	 122	 161	 1	 A	
369	 157	 1	 D	 157	 158	 4	 S	 
370	 161	 1	 C	 161	 161	 1	 B	
371	 159	 1	 D	 159	 161	 2	 S	 
372	 162	 1	 C	 162	 162	 1	 A	
373	 154	 3	 A	 154	 154	 10	 B	
374	 122	 2	 D	 122	 162	 2	 S	 
375	 163	 1	 C	 163	 163	 1	 A	
376	 161	 1	 D	 161	 162	 3	 S	 
377	 164	 1	 C	 164	 164	 1	 A	
378	 154	 3	 C	 154	 164	 1	 B	
379	 162	 1	 D	 162	 163	 3	 S	 
380	 163	 1	 D	 163	 164	 3	 S	 
381	 158	 3	 A	 158	 158	 9	 B	
382	 124	 2	 P	 124	 124	 44	 A	 
383	 164	 1	 D	 164	 165	 3	 S	 
384	 166	 1	 C	 166	 166	 2	 B	
385	 154	 3	 D	 154	 165	 4	 S	 
386	 124	 2	 C	 124	 168	 1	 B	
387	 158	 3	 C	 158	 167	 2	 A	
388	 166	 1	 D	 166	 168	 2	 S	 
389	 169	 1	 C	 169	 169	 1	 B	
390	 158	 3	 D	 158	 169	 2	 S	 
391	 170	 1	 C	 170	 170	 1	 B	
392	 126	 2	 P	 126	 126	 46	 A	 
393	 171	 1	 C	 171	 171	 1	 B	
394	 124	 2	 D	 124	 169	 3	 S	 
395	 169	 1	 D	 169	 170	 3	 S	 
396	 126	 2	 C	 126	 172	 1	 A	
397	 160	 5	 A	 160	 160	 14	 B	
398	 170	 1	 D	 170	 171	 3	 S	 
399	 171	 1	 D	 171	 172	 3	 S	 
400	 165	 3	 A	 165	 165	 11	 B	
401	 130	 2	 P	 130	 130	 46	 A	 
402	 126	 2	 D	 126	 173	 3	 S	 
403	 130	 2	 C	 130	 176	 1	 A	
404	 105	 4	 Q	 105	 105	 72	 S	
405	 165	 3	 C	 165	 176	 1	 B	
406	 176	 1	 C	 176	 176	 2	 A	
407	 130	 2	 D	 130	 177	 1	 S	 
408	 105	 4	 C	 105	 177	 1	 B	
409	 177	 1	 C	 177	 177	 2	 A	
410	 178	 1	 C	 178	 178	 1	 B	
411	 165	 3	 D	 165	 177	 2	 S	 
412	 176	 1	 D	 176	 178	 2	 S	 
413	 173	 3	 A	 173	 173	 8	 B	
414	 105	 4	 D	 105	 178	 3	 S	 
415	 134	 2	 P	 134	 134	 48	 A	 
416	 180	 1	 C	 180	 180	 2	 B	
417	 177	 1	 D	 177	 179	 3	 S	 
418	 181	 1	 C	 181	 181	 2	 A	
419	 173	 3	 C	 173	 181	 2	 B	
420	 178	 1	 D	 178	 179	 4	 S	 
421	 180	 1	 D	 180	 182	 2	 S	 
422	 183	 1	 C	 183	 183	 1	 B	
423	 134	 2	 C	 134	 182	 2	 A	
424	 181	 1	 D	 181	 183	 2	 S	 
425	 184	 1	 C	 184	 184	 1	 B	
426	 173	 3	 D	 173	 183	 3	 S	 
427	 185	 1	 C	 185	 185	 1	 B	
428	 135	 2	 P	 135	 135	 52	 A	 
429	 134	 2	 D	 134	 184	 3	 S	 
430	 175	 5	 A	 175	 175	 13	 B	
431	 183	 1	 D	 183	 184	 4	 S	 
432	 135	 2	 C	 135	 187	 1	 A	
433	 187	 1	 C	 187	 187	 2	 B	
434	 184	 1	 D	 184	 185	 4	 S	 
435	 189	 1	 C	 189	 189	 1	 B	
436	 185	 1	 D	 185	 186	 4	 S	 
437	 145	 4	 P	 145	 145	 46	 A	 
438	 135	 2	 D	 135	 188	 3	 S	 
439	 191	 1	 C	 191	 191	 1	 A	
440	 186	 5	 A	 186	 186	 6	 B	
441	 187	 1	 D	 187	 189	 3	 S	 
442	 189	 1	 D	 189	 190	 3	 S	 
443	 188	 5	 A	 188	 188	 6	 B	
444	 191	 1	 D	 191	 192	 2	 S	 
445	 149	 2	 P	 149	 149	 46	 A	 
446	 193	 1	 C	 193	 193	 2	 B	
447	 113	 5	 Q	 113	 113	 82	 S	
448	 194	 1	 C	 194	 194	 2	 A	
449	 149	 2	 C	 149	 195	 1	 B	
450	 193	 1	 D	 193	 195	 1	 S	 
451	 194	 1	 D	 194	 196	 1	 S	 
452	 113	 5	 C	 113	 195	 2	 A	
453	 192	 3	 A	 192	 192	 6	 B	
454	 149	 2	 D	 149	 196	 2	 S	 
455	 192	 3	 C	 192	 198	 1	 B	
456	 113	 5	 D	 113	 197	 2	 S	 
457	 192	 3	 D	 192	 199	 1	 S	 
458	 167	 2	 P	 167	 167	 33	 A	 
459	 195	 3	 A	 195	 195	 6	 B	
460	 199	 1	 C	 199	 199	 2	 A	
461	 138	 5	 Q	 138	 138	 63	 S	
462	 167	 2	 C	 167	 200	 2	 B	
463	 200	 1	 C	 200	 200	 2	 A	
464	 199	 1	 D	 199	 201	 1	 S	 
465	 195	 3	 C	 195	 201	 2	 B	
466	 201	 1	 C	 201	 201	 2	 A	
467	 167	 2	 D	 167	 202	 1	 S	 
468	 200	 1	 D	 200	 202	 2	 S	 
469	 138	 5	 C	 138	 201	 3	 B	
470	 195	 3	 D	 195	 203	 2	 S	 
471	 168	 2	 P	 168	 168	 38	 A	 
472	 198	 3	 A	 198	 198	 8	 B	
473	 201	 1	 D	 201	 203	 3	 S	 
474	 168	 2	 C	 168	 206	 1	 A	
475	 198	 3	 C	 198	 206	 1	 B	
476	 138	 5	 D	 138	 204	 3	 S	 
477	 206	 1	 C	 206	 206	 2	 A	
478	 207	 1	 C	 207	 207	 1	 B	
479	 168	 2	 D	 168	 207	 1	 S	 
480	 208	 1	 C	 208	 208	 1	 A	
481	 198	 3	 D	 198	 207	 2	 S	 
482	 202	 3	 A	 202	 202	 8	 B	
483	 206	 1	 D	 206	 208	 2	 S	 
484	 202	 3	 C	 202	 210	 1	 B	
485	 207	 1	 D	 207	 208	 3	 S	 
486	 172	 4	 P	 172	 172	 40	 A	 
487	 208	 1	 D	 208	 209	 3	 S	 
488	 203	 3	 A	 203	 203	 10	 B	
489	 202	 3	 D	 202	 211	 2	 S	 
490	 212	 1	 C	 212	 212	 2	 B	
491	 145	 4	 Q	 145	 145	 69	 S	
492	 174	 2	 P	 174	 174	 41	 A	 
493	 203	 3	 C	 203	 213	 2	 B	
494	 212	 1	 D	 212	 214	 1	 S	 
495	 213	 1	 C	 213	 213	 3	 A	
496	 145	 4	 C	 145	 214	 2	 B	
497	 203	 3	 D	 203	 215	 1	 S	 
498	 213	 1	 D	 213	 216	 1	 S	 
499	 215	 1	 C	 215	 215	 2	 B	
500	 174	 2	 C	 174	 215	 2	 A	
501	 145	 4	 D	 145	 216	 2	 S	 
502	 217	 1	 C	 217	 217	 1	 B	
503	 174	 2	 D	 174	 217	 2	 S	 
504	 215	 1	 D	 215	 217	 3	 S	 
505	 179	 4	 P	 179	 179	 41	 A	 
506	 210	 5	 A	 210	 210	 10	 B	
507	 217	 1	 D	 217	 218	 3	 S	 
508	 220	 1	 C	 220	 220	 1	 B	
509	 219	 1	 C	 219	 219	 2	 A	
510	 219	 1	 D	 219	 221	 1	 S	 
511	 211	 5	 A	 211	 211	 12	 B	
512	 220	 1	 D	 220	 221	 2	 S	 
513	 182	 4	 P	 182	 182	 42	 A	 
514	 222	 1	 C	 222	 222	 2	 B	
515	 148	 5	 Q	 148	 148	 76	 S	
516	 222	 1	 D	 222	 224	 1	 S	 
517	 224	 1	 C	 224	 224	 1	 B	
518	 148	 5	 C	 148	 224	 1	 A	
519	 224	 1	 D	 224	 225	 1	 S	 
520	 225	 1	 C	 225	 225	 1	 B	
521	 148	 5	 D	 148	 225	 2	 S	 
522	 226	 1	 C	 226	 226	 1	 B	
523	 190	 2	 P	 190	 190	 38	 A	 
524	 225	 1	 D	 225	 226	 2	 S	 
525	 223	 3	 A	 223	 223	 6	 B	
526	 190	 2	 C	 190	 228	 1	 A	
527	 226	 1	 D	 226	 227	 2	 S	 
528	 228	 1	 C	 228	 228	 2	 B	
529	 190	 2	 D	 190	 229	 1	 S	 
530	 223	 3	 C	 223	 229	 1	 A	
531	 228	 1	 D	 228	 230	 1	 S	 
532	 230	 1	 C	 230	 230	 1	 A	
533	 229	 1	 C	 229	 229	 2	 B	
534	 223	 3	 D	 223	 230	 2	 S	 
535	 230	 1	 D	 230	 231	 2	 S	 
536	 227	 3	 A	 227	 227	 6	 B	
537	 196	 2	 P	 196	 196	 38	 A	 
538	 229	 1	 D	 229	 231	 3	 S	 
539	 227	 3	 C	 227	 233	 1	 B	
540	 233	 1	 C	 233	 233	 2	 A	
541	 160	 5	 Q	 160	 160	 75	 S	
542	 196	 2	 C	 196	 234	 1	 B	
543	 227	 3	 D	 227	 234	 2	 S	 
544	 235	 1	 C	 235	 235	 1	 B	
545	 233	 1	 D	 233	 235	 2	 S	 
546	 160	 5	 C	 160	 235	 2	 B	
547	 197	 2	 P	 197	 197	 41	 A	 
548	 196	 2	 D	 196	 235	 3	 S	 
549	 236	 1	 C	 236	 236	 2	 B	
550	 197	 2	 C	 197	 238	 1	 A	
551	 235	 1	 D	 235	 236	 3	 S	 
552	 238	 1	 C	 238	 238	 1	 B	
553	 160	 5	 D	 160	 237	 3	 S	 
554	 239	 1	 C	 239	 239	 1	 B	
555	 236	 1	 D	 236	 238	 3	 S	 
556	 240	 1	 C	 240	 240	 1	 B	
557	 204	 2	 P	 204	 204	 38	 A	 
558	 197	 2	 D	 197	 239	 3	 S	 
559	 241	 1	 C	 241	 241	 1	 B	
560	 204	 2	 C	 204	 242	 1	 A	
561	 238	 1	 D	 238	 239	 4	 S	 
562	 239	 1	 D	 239	 240	 4	 S	 
563	 231	 3	 A	 231	 231	 13	 B	
564	 240	 1	 D	 240	 241	 4	 S	 
565	 243	 1	 C	 243	 243	 2	 B	
566	 205	 2	 P	 205	 205	 41	 A	 
567	 241	 1	 D	 241	 242	 4	 S	 
568	 244	 1	 C	 244	 244	 2	 B	
569	 231	 3	 C	 231	 244	 3	 A	
570	 204	 2	 D	 204	 243	 4	 S	 
571	 245	 1	 C	 245	 245	 2	 B	
572	 205	 2	 C	 205	 246	 2	 A	
573	 243	 1	 D	 243	 245	 3	 S	 
574	 244	 1	 D	 244	 246	 3	 S	 
575	 234	 3	 A	 234	 234	 15	 B	
576	 231	 3	 D	 231	 247	 3	 S	 
577	 249	 1	 C	 249	 249	 1	 B	
578	 209	 4	 P	 209	 209	 42	 A	 
579	 245	 1	 D	 245	 247	 4	 S	 
580	 234	 3	 C	 234	 249	 2	 B	
581	 250	 1	 C	 250	 250	 2	 A	
582	 205	 2	 D	 205	 248	 4	 S	 
583	 251	 1	 C	 251	 251	 1	 B	
584	 249	 1	 D	 249	 250	 3	 S	 
585	 252	 1	 C	 252	 252	 1	 B	
586	 234	 3	 D	 234	 251	 3	 S	 
587	 214	 2	 P	 214	 214	 41	 A	 
588	 242	 3	 A	 242	 242	 13	 B	
589	 250	 1	 D	 250	 252	 3	 S	 
590	 254	 1	 C	 254	 254	 2	 A	
591	 214	 2	 C	 214	 255	 1	 B	
592	 251	 1	 D	 251	 252	 4	 S	 
593	 242	 3	 C	 242	 255	 2	 A	
594	 252	 1	 D	 252	 253	 4	 S	 
595	 246	 3	 A	 246	 246	 12	 B	
596	 254	 1	 D	 254	 256	 2	 S	 
597	 257	 1	 C	 257	 257	 2	 B	
598	 214	 2	 D	 214	 256	 3	 S	 
599	 216	 2	 P	 216	 216	 44	 A	 
600	 246	 3	 C	 246	 258	 2	 B	
601	 242	 3	 D	 242	 257	 3	 S	 
602	 257	 1	 D	 257	 259	 2	 S	 
603	 259	 1	 C	 259	 259	 2	 B	
604	 258	 1	 C	 258	 258	 3	 A	
605	 246	 3	 D	 246	 260	 2	 S	 
606	 216	 2	 C	 216	 260	 2	 B	
607	 261	 1	 C	 261	 261	 1	 A	
608	 258	 1	 D	 258	 261	 2	 S	 
609	 259	 1	 D	 259	 261	 3	 S	 
610	 247	 3	 A	 247	 247	 17	 B	
611	 218	 4	 P	 218	 218	 47	 A	 
612	 216	 2	 D	 216	 262	 3	 S	 
613	 247	 3	 C	 247	 264	 1	 B	
614	 264	 1	 C	 264	 264	 2	 A	
615	 261	 1	 D	 261	 262	 4	 S	 
616	 247	 3	 D	 247	 265	 2	 S	 
617	 248	 3	 A	 248	 248	 19	 B	
618	 264	 1	 D	 264	 266	 2	 S	 
619	 248	 3	 C	 248	 267	 1	 B	
620	 221	 2	 P	 221	 221	 48	 A	 
621	 248	 3	 D	 248	 268	 1	 S	 
622	 221	 2	 C	 221	 269	 1	 A	
623	 253	 3	 A	 253	 253	 17	 B	
624	 172	 4	 Q	 172	 172	 98	 S	
625	 269	 1	 C	 269	 269	 2	 A	
626	 253	 3	 C	 253	 270	 1	 B	
627	 221	 2	 D	 221	 270	 1	 S	 
628	 172	 4	 C	 172	 270	 2	 B	
629	 270	 1	 C	 270	 270	 2	 A	
630	 269	 1	 D	 269	 271	 1	 S	 
631	 253	 3	 D	 253	 271	 2	 S	 
632	 271	 1	 C	 271	 271	 2	 B	
633	 172	 4	 D	 172	 272	 2	 S	 
634	 273	 1	 C	 273	 273	 1	 B	
635	 232	 2	 P	 232	 232	 43	 A	 
636	 270	 1	 D	 270	 272	 3	 S	 
637	 271	 1	 D	 271	 273	 3	 S	 
638	 232	 2	 C	 232	 275	 1	 A	
639	 255	 3	 A	 255	 255	 21	 B	
640	 273	 1	 D	 273	 274	 3	 S	 
641	 275	 1	 C	 275	 275	 2	 A	
642	 255	 3	 C	 255	 276	 1	 B	
643	 232	 2	 D	 232	 276	 2	 S	 
644	 276	 1	 C	 276	 276	 2	 A	
645	 275	 1	 D	 275	 277	 2	 S	 
646	 278	 1	 C	 278	 278	 1	 A	
647	 256	 3	 A	 256	 256	 23	 B	
648	 255	 3	 D	 255	 277	 3	 S	 
649	 256	 3	 C	 256	 279	 1	 A	
650	 279	 1	 C	 279	 279	 1	 B	
651	 276	 1	 D	 276	 278	 3	 S	 
652	 280	 1	 C	 280	 280	 1	 A	
653	 262	 3	 A	 262	 262	 20	 B	
654	 278	 1	 D	 278	 279	 3	 S	 
655	 281	 1	 C	 281	 281	 1	 A	
656	 262	 3	 C	 262	 282	 1	 B	
657	 256	 3	 D	 256	 280	 3	 S	 
658	 279	 1	 D	 279	 280	 4	 S	 
659	 263	 5	 A	 263	 263	 22	 B	
660	 237	 2	 P	 237	 237	 48	 A	 
661	 280	 1	 D	 280	 281	 4	 S	 
662	 237	 2	 C	 237	 285	 1	 A	
663	 281	 1	 D	 281	 282	 4	 S	 
664	 265	 3	 A	 265	 265	 22	 B	
665	 285	 1	 C	 285	 285	 2	 A	
666	 262	 3	 D	 262	 283	 4	 S	 
667	 286	 1	 C	 286	 286	 2	 B	
668	 265	 3	 C	 265	 287	 1	 A	
669	 237	 2	 D	 237	 286	 2	 S	 
670	 287	 1	 C	 287	 287	 2	 B	
671	 285	 1	 D	 285	 287	 2	 S	 
672	 286	 1	 D	 286	 288	 2	 S	 
673	 274	 3	 A	 274	 274	 17	 B	
674	 260	 2	 P	 260	 260	 31	 A	 
675	 265	 3	 D	 265	 288	 3	 S	 
676	 289	 1	 C	 289	 289	 3	 B	
677	 274	 3	 C	 274	 291	 1	 A	
678	 287	 1	 D	 287	 289	 3	 S	 
679	 289	 1	 D	 289	 292	 1	 S	 
680	 292	 1	 C	 292	 292	 1	 A	
681	 260	 2	 C	 260	 291	 2	 B	
682	 274	 3	 D	 274	 292	 2	 S	 
683	 277	 3	 A	 277	 277	 18	 B	
684	 292	 1	 D	 292	 293	 2	 S	 
685	 260	 2	 D	 260	 293	 3	 S	 
686	 266	 4	 P	 266	 266	 30	 A	 
687	 277	 3	 C	 277	 295	 1	 B	
688	 277	 3	 D	 277	 296	 1	 S	 
689	 288	 3	 A	 288	 288	 10	 B	
690	 175	 5	 Q	 175	 175	 123	 S	
691	 267	 2	 P	 267	 267	 32	 A	 
692	 288	 3	 C	 288	 298	 1	 B	
693	 179	 4	 Q	 179	 179	 120	 S	
694	 175	 5	 C	 175	 298	 2	 A	
695	 298	 1	 C	 298	 298	 2	 B	
696	 288	 3	 D	 288	 299	 1	 S	 
697	 267	 2	 C	 267	 299	 2	 A	
698	 299	 1	 C	 299	 299	 2	 B	
699	 175	 5	 D	 175	 300	 1	 S	 
700	 179	 4	 C	 179	 299	 3	 A	
701	 298	 1	 D	 298	 300	 2	 S	 
702	 267	 2	 D	 267	 301	 2	 S	 
703	 291	 3	 A	 291	 291	 12	 B	
704	 299	 1	 D	 299	 301	 3	 S	 
705	 291	 3	 C	 291	 303	 1	 B	
706	 268	 2	 P	 268	 268	 37	 A	 
707	 179	 4	 D	 179	 302	 3	 S	 
708	 303	 1	 C	 303	 303	 2	 B	
709	 268	 2	 C	 268	 305	 1	 A	
710	 291	 3	 D	 291	 304	 2	 S	 
711	 293	 5	 A	 293	 293	 14	 B	
712	 303	 1	 D	 303	 305	 2	 S	 
713	 306	 1	 C	 306	 306	 2	 B	
714	 268	 2	 D	 268	 306	 2	 S	 
715	 272	 2	 P	 272	 272	 37	 A	 
716	 307	 1	 C	 307	 307	 2	 B	
717	 306	 1	 D	 306	 308	 1	 S	 
718	 308	 1	 C	 308	 308	 2	 A	
719	 272	 2	 C	 272	 309	 1	 B	
720	 307	 1	 D	 307	 309	 1	 S	 
721	 308	 1	 D	 308	 310	 1	 S	 
722	 297	 3	 A	 297	 297	 15	 B	
723	 272	 2	 D	 272	 310	 2	 S	 
724	 282	 4	 P	 282	 282	 31	 A	 
725	 297	 3	 C	 297	 312	 1	 B	
726	 182	 4	 Q	 182	 182	 131	 S	
727	 313	 1	 C	 313	 313	 1	 B	
728	 297	 3	 D	 297	 313	 1	 S	 
729	 313	 1	 D	 313	 314	 1	 S	 
730	 182	 4	 C	 182	 313	 2	 B	
731	 283	 2	 P	 283	 283	 33	 A	 
732	 182	 4	 D	 182	 315	 1	 S	 
733	 283	 2	 C	 283	 316	 1	 A	
734	 300	 3	 A	 300	 300	 17	 B	
735	 186	 5	 Q	 186	 186	 131	 S	
736	 300	 3	 C	 300	 317	 1	 B	
737	 283	 2	 D	 283	 317	 1	 S	 
738	 186	 5	 C	 186	 317	 2	 B	
739	 300	 3	 D	 300	 318	 1	 S	 
740	 284	 2	 P	 284	 284	 36	 A	 
741	 319	 1	 C	 319	 319	 1	 B	
742	 186	 5	 D	 186	 319	 1	 S	 
743	 284	 2	 C	 284	 320	 1	 A	
744	 320	 1	 C	 320	 320	 1	 B	
745	 319	 1	 D	 319	 320	 1	 S	 
746	 284	 2	 D	 284	 321	 1	 S	 
747	 320	 1	 D	 320	 321	 2	 S	 
748	 301	 3	 A	 301	 301	 22	 B	
749	 290	 2	 P	 290	 290	 34	 A	 
750	 188	 5	 Q	 188	 188	 136	 S	
751	 301	 3	 C	 301	 323	 1	 B	
752	 290	 2	 C	 290	 324	 1	 A	
753	 209	 4	 Q	 209	 209	 116	 S	
754	 324	 1	 C	 324	 324	 1	 B	
755	 188	 5	 C	 188	 324	 2	 A	
756	 301	 3	 D	 301	 324	 2	 S	 
757	 209	 4	 C	 209	 325	 1	 B	
758	 290	 2	 D	 290	 325	 2	 S	 
759	 302	 5	 A	 302	 302	 26	 B	
760	 324	 1	 D	 324	 325	 3	 S	 
761	 294	 2	 P	 294	 294	 35	 A	 
762	 188	 5	 D	 188	 326	 3	 S	 
763	 294	 2	 C	 294	 329	 1	 A	
764	 304	 3	 A	 304	 304	 26	 B	
765	 209	 4	 D	 209	 326	 4	 S	 
766	 329	 1	 C	 329	 329	 2	 A	
767	 304	 3	 C	 304	 330	 1	 B	
768	 294	 2	 D	 294	 330	 1	 S	 
769	 329	 1	 D	 329	 331	 1	 S	 
770	 330	 1	 C	 330	 330	 2	 A	
771	 305	 3	 A	 305	 305	 28	 B	
772	 304	 3	 D	 304	 331	 2	 S	 
773	 331	 1	 C	 331	 331	 2	 A	
774	 305	 3	 C	 305	 333	 1	 B	
775	 330	 1	 D	 330	 332	 2	 S	 
776	 331	 1	 D	 331	 333	 2	 S	 
777	 305	 3	 D	 305	 334	 2	 S	 
778	 311	 3	 A	 311	 311	 25	 B	
779	 295	 2	 P	 295	 295	 41	 A	 
780	 311	 3	 C	 311	 336	 1	 B	
781	 295	 2	 C	 295	 336	 1	 A	
782	 210	 5	 Q	 210	 210	 127	 S	
783	 336	 1	 C	 336	 336	 2	 B	
784	 210	 5	 C	 210	 337	 1	 A	
785	 311	 3	 D	 311	 337	 1	 S	 
786	 295	 2	 D	 295	 337	 2	 S	 
787	 337	 1	 C	 337	 337	 2	 B	
788	 338	 1	 C	 338	 338	 1	 A	
789	 336	 1	 D	 336	 338	 2	 S	 
790	 339	 1	 C	 339	 339	 1	 B	
791	 210	 5	 D	 210	 338	 3	 S	 
792	 340	 1	 C	 340	 340	 1	 B	
793	 296	 4	 P	 296	 296	 46	 A	 
794	 337	 1	 D	 337	 339	 3	 S	 
795	 338	 1	 D	 338	 339	 4	 S	 
796	 312	 3	 A	 312	 312	 31	 B	
797	 339	 1	 D	 339	 340	 4	 S	 
798	 342	 1	 C	 342	 342	 2	 B	
799	 309	 4	 P	 309	 309	 36	 A	 
800	 340	 1	 D	 340	 341	 4	 S	 
801	 312	 3	 C	 312	 343	 2	 B	
802	 344	 1	 C	 344	 344	 2	 A	
803	 342	 1	 D	 342	 344	 2	 S	 
804	 312	 3	 D	 312	 345	 2	 S	 
805	 314	 3	 A	 314	 314	 33	 B	
806	 344	 1	 D	 344	 346	 2	 S	 
807	 346	 1	 C	 346	 346	 2	 B	
808	 310	 2	 P	 310	 310	 39	 A	 
809	 346	 1	 D	 346	 348	 1	 S	 
810	 314	 3	 C	 314	 347	 2	 B	
811	 310	 2	 C	 310	 349	 1	 A	
812	 314	 3	 D	 314	 349	 1	 S	 
813	 349	 1	 C	 349	 349	 1	 B	
814	 310	 2	 D	 310	 350	 1	 S	 
815	 315	 3	 A	 315	 315	 37	 B	
816	 349	 1	 D	 349	 350	 2	 S	 
817	 318	 2	 P	 318	 318	 35	 A	 
818	 315	 3	 C	 315	 352	 1	 B	
819	 211	 5	 Q	 211	 211	 142	 S	
820	 318	 2	 C	 318	 353	 1	 A	
821	 353	 1	 C	 353	 353	 1	 B	
822	 315	 3	 D	 315	 353	 1	 S	 
823	 211	 5	 C	 211	 353	 2	 A	
824	 318	 2	 D	 318	 354	 1	 S	 
825	 316	 3	 A	 316	 316	 40	 B	
826	 353	 1	 D	 353	 354	 2	 S	 
827	 356	 1	 C	 356	 356	 1	 B	
828	 211	 5	 D	 211	 355	 2	 S	 
829	 321	 2	 P	 321	 321	 37	 A	 
830	 316	 3	 C	 316	 356	 2	 B	
831	 356	 1	 D	 356	 357	 1	 S	 
832	 321	 2	 C	 321	 358	 1	 A	
833	 358	 1	 C	 358	 358	 1	 B	
834	 316	 3	 D	 316	 358	 1	 S	 
835	 321	 2	 D	 321	 359	 1	 S	 
836	 317	 3	 A	 317	 317	 44	 B	
837	 358	 1	 D	 358	 359	 2	 S	 
838	 322	 2	 P	 322	 322	 40	 A	 
839	 360	 1	 C	 360	 360	 2	 B	
840	 218	 4	 Q	 218	 218	 144	 S	
841	 361	 1	 C	 361	 361	 2	 A	
842	 317	 3	 C	 317	 361	 2	 B	
843	 360	 1	 D	 360	 362	 1	 S	 
844	 322	 2	 C	 322	 362	 2	 A	
845	 218	 4	 C	 218	 362	 2	 B	
846	 361	 1	 D	 361	 363	 1	 S	 
847	 363	 1	 C	 363	 363	 2	 A	
848	 317	 3	 D	 317	 363	 2	 S	 
849	 365	 1	 C	 365	 365	 1	 A	
850	 323	 3	 A	 323	 323	 43	 B	
851	 322	 2	 D	 322	 364	 2	 S	 
852	 366	 1	 C	 366	 366	 1	 A	
853	 323	 3	 C	 323	 366	 1	 B	
854	 218	 4	 D	 218	 364	 3	 S	 
855	 367	 1	 C	 367	 367	 1	 A	
856	 363	 1	 D	 363	 365	 3	 S	 
857	 333	 3	 A	 333	 333	 36	 B	
858	 365	 1	 D	 365	 366	 3	 S	 
859	 333	 3	 C	 333	 369	 1	 B	
860	 366	 1	 D	 366	 367	 3	 S	 
861	 325	 2	 P	 325	 325	 46	 A	 
862	 369	 1	 C	 369	 369	 2	 B	
863	 323	 3	 D	 323	 367	 4	 S	 
864	 370	 1	 C	 370	 370	 2	 A	
865	 325	 2	 C	 325	 371	 1	 B	
866	 367	 1	 D	 367	 368	 4	 S	 
867	 333	 3	 D	 333	 370	 3	 S	 
868	 334	 3	 A	 334	 334	 40	 B	
869	 369	 1	 D	 369	 371	 3	 S	 
870	 326	 2	 P	 326	 326	 49	 A	 
871	 373	 1	 C	 373	 373	 2	 B	
872	 370	 1	 D	 370	 372	 3	 S	 
873	 334	 3	 C	 334	 374	 2	 A	
874	 374	 1	 C	 374	 374	 2	 B	
875	 325	 2	 D	 325	 372	 4	 S	 
876	 326	 2	 C	 326	 375	 2	 A	
877	 375	 1	 C	 375	 375	 2	 B	
878	 373	 1	 D	 373	 375	 2	 S	 
879	 334	 3	 D	 334	 376	 2	 S	 
880	 343	 3	 A	 343	 343	 36	 B	
881	 374	 1	 D	 374	 376	 3	 S	 
882	 327	 2	 P	 327	 327	 53	 A	 
883	 377	 1	 C	 377	 377	 3	 B	
884	 326	 2	 D	 326	 377	 3	 S	 
885	 343	 3	 C	 343	 379	 2	 A	
886	 327	 2	 C	 327	 380	 1	 B	
887	 375	 1	 D	 375	 377	 4	 S	 
888	 381	 1	 C	 381	 381	 1	 B	
889	 377	 1	 D	 377	 380	 2	 S	 
890	 382	 1	 C	 382	 382	 1	 B	
891	 343	 3	 D	 343	 381	 2	 S	 
892	 328	 4	 P	 328	 328	 56	 A	 
893	 327	 2	 D	 327	 381	 3	 S	 
894	 345	 3	 A	 345	 345	 40	 B	
895	 381	 1	 D	 381	 382	 3	 S	 
896	 385	 1	 C	 385	 385	 1	 B	
897	 382	 1	 D	 382	 383	 3	 S	 
898	 332	 2	 P	 332	 332	 55	 A	 
899	 345	 3	 C	 345	 385	 2	 B	
900	 385	 1	 D	 385	 386	 1	 S	 
901	 386	 1	 C	 386	 386	 2	 A	
902	 332	 2	 C	 332	 387	 1	 B	
903	 345	 3	 D	 345	 387	 1	 S	 
904	 387	 1	 C	 387	 387	 2	 A	
905	 388	 1	 C	 388	 388	 1	 B	
906	 386	 1	 D	 386	 388	 1	 S	 
907	 389	 1	 C	 389	 389	 1	 B	
908	 332	 2	 D	 332	 388	 2	 S	 
909	 387	 1	 D	 387	 389	 2	 S	 
910	 335	 2	 P	 335	 335	 57	 A	 
911	 348	 3	 A	 348	 348	 44	 B	
912	 388	 1	 D	 388	 389	 3	 S	 
913	 335	 2	 C	 335	 392	 1	 A	
914	 348	 3	 C	 348	 392	 1	 B	
915	 389	 1	 D	 389	 390	 3	 S	 
916	 335	 2	 D	 335	 393	 1	 S	 
917	 355	 3	 A	 355	 355	 40	 B	
918	 348	 3	 D	 348	 393	 2	 S	 
919	 341	 2	 P	 341	 341	 55	 A	 
920	 394	 1	 C	 394	 394	 2	 B	
921	 263	 5	 Q	 263	 263	 133	 S	
922	 355	 3	 C	 355	 395	 2	 A	
923	 341	 2	 C	 341	 396	 1	 B	
924	 394	 1	 D	 394	 396	 1	 S	 
925	 263	 5	 C	 263	 396	 2	 A	
926	 397	 1	 C	 397	 397	 1	 B	
927	 355	 3	 D	 355	 397	 1	 S	 
928	 341	 2	 D	 341	 397	 2	 S	 
929	 357	 3	 A	 357	 357	 43	 B	
930	 263	 5	 D	 263	 398	 2	 S	 
931	 347	 2	 P	 347	 347	 54	 A	 
932	 399	 1	 C	 399	 399	 2	 B	
933	 397	 1	 D	 397	 398	 3	 S	 
934	 357	 3	 C	 357	 400	 2	 A	
935	 400	 1	 C	 400	 400	 2	 B	
936	 399	 1	 D	 399	 401	 1	 S	 
937	 347	 2	 C	 347	 401	 2	 A	
938	 402	 1	 C	 402	 402	 1	 B	
939	 357	 3	 D	 357	 402	 1	 S	 
940	 400	 1	 D	 400	 402	 2	 S	 
941	 359	 3	 A	 359	 359	 46	 B	
942	 347	 2	 D	 347	 403	 2	 S	 
943	 350	 4	 P	 350	 350	 56	 A	 
944	 404	 1	 C	 404	 404	 2	 B	
945	 402	 1	 D	 402	 403	 3	 S	 
946	 405	 1	 C	 405	 405	 2	 A	
947	 359	 3	 C	 359	 405	 2	 B	
948	 404	 1	 D	 404	 406	 1	 S	 
949	 406	 1	 C	 406	 406	 2	 A	
950	 407	 1	 C	 407	 407	 1	 B	
951	 405	 1	 D	 405	 407	 1	 S	 
952	 408	 1	 C	 408	 408	 1	 A	
953	 359	 3	 D	 359	 407	 2	 S	 
954	 364	 3	 A	 364	 364	 46	 B	
955	 409	 1	 C	 409	 409	 1	 A	
956	 406	 1	 D	 406	 408	 2	 S	 
957	 364	 3	 C	 364	 410	 1	 B	
958	 407	 1	 D	 407	 408	 3	 S	 
959	 408	 1	 D	 408	 409	 3	 S	 
960	 368	 5	 A	 368	 368	 45	 B	
961	 351	 4	 P	 351	 351	 62	 A	 
962	 409	 1	 D	 409	 410	 3	 S	 
963	 411	 1	 C	 411	 411	 3	 B	
964	 413	 1	 C	 413	 413	 1	 A	
965	 364	 3	 D	 364	 411	 3	 S	 
966	 414	 1	 C	 414	 414	 1	 B	
967	 411	 1	 D	 411	 414	 1	 S	 
968	 415	 1	 C	 415	 415	 1	 B	
969	 413	 1	 D	 413	 414	 2	 S	 
970	 352	 2	 P	 352	 352	 65	 A	 
971	 416	 1	 C	 416	 416	 1	 B	
972	 414	 1	 D	 414	 415	 2	 S	 
973	 415	 1	 D	 415	 416	 2	 S	 
974	 417	 1	 C	 417	 417	 1	 B	
975	 352	 2	 C	 352	 417	 1	 A	
976	 416	 1	 D	 416	 417	 2	 S	 
977	 417	 1	 D	 417	 418	 2	 S	 
978	 372	 3	 A	 372	 372	 48	 B	
979	 354	 2	 P	 354	 354	 67	 A	 
980	 352	 2	 D	 352	 418	 3	 S	 
981	 419	 1	 C	 419	 419	 2	 B	
982	 354	 2	 C	 354	 421	 1	 B	
983	 372	 3	 C	 372	 420	 2	 A	
984	 266	 4	 Q	 266	 266	 156	 S	
985	 266	 4	 C	 266	 422	 1	 B	
986	 419	 1	 D	 419	 421	 2	 S	 
987	 354	 2	 D	 354	 422	 2	 S	 
988	 378	 3	 A	 378	 378	 47	 B	
989	 362	 2	 P	 362	 362	 63	 A	 
990	 372	 3	 D	 372	 422	 3	 S	 
991	 378	 3	 C	 378	 425	 1	 B	
992	 362	 2	 C	 362	 425	 1	 A	
993	 266	 4	 D	 266	 423	 3	 S	 
994	 378	 3	 D	 378	 426	 1	 S	 
995	 383	 3	 A	 383	 383	 45	 B	
996	 362	 2	 D	 362	 426	 2	 S	 
997	 371	 2	 P	 371	 371	 58	 A	 
998	 383	 3	 C	 383	 428	 1	 B	
999	 282	 4	 Q	 282	 282	 147	 S	
1000	 383	 3	 D	 383	 429	 1	 S	 
1001	 429	 1	 C	 429	 429	 1	 B	
1002	 371	 2	 C	 371	 429	 1	 A	
1003	 282	 4	 C	 282	 429	 2	 B	
1004	 371	 2	 D	 371	 430	 1	 S	 
1005	 430	 1	 C	 430	 430	 1	 A	
1006	 429	 1	 D	 429	 430	 2	 S	 
1007	 391	 5	 A	 391	 391	 42	 B	
1008	 282	 4	 D	 282	 431	 2	 S	 
1009	 376	 2	 P	 376	 376	 58	 A	 
1010	 430	 1	 D	 430	 431	 3	 S	 
1011	 392	 3	 A	 392	 392	 43	 B	
1012	 376	 2	 C	 376	 434	 1	 A	
1013	 293	 5	 Q	 293	 293	 142	 S	
1014	 434	 1	 C	 434	 434	 2	 B	
1015	 392	 3	 C	 392	 435	 1	 A	
1016	 376	 2	 D	 376	 435	 1	 S	 
1017	 434	 1	 D	 434	 436	 1	 S	 
1018	 293	 5	 C	 293	 435	 2	 B	
1019	 436	 1	 C	 436	 436	 1	 A	
1020	 392	 3	 D	 392	 436	 2	 S	 
1021	 418	 3	 A	 418	 418	 21	 B	
1022	 293	 5	 D	 293	 437	 2	 S	 
1023	 379	 2	 P	 379	 379	 61	 A	 
1024	 438	 1	 C	 438	 438	 2	 B	
1025	 436	 1	 D	 436	 437	 3	 S	 
1026	 438	 1	 D	 438	 440	 1	 S	 
1027	 418	 3	 C	 418	 439	 2	 A	
1028	 439	 1	 C	 439	 439	 2	 B	
1029	 418	 3	 D	 418	 441	 1	 S	 
1030	 441	 1	 C	 441	 441	 1	 B	
1031	 379	 2	 C	 379	 440	 2	 A	
1032	 439	 1	 D	 439	 441	 2	 S	 
1033	 442	 1	 C	 442	 442	 1	 B	
1034	 379	 2	 D	 379	 442	 2	 S	 
1035	 443	 1	 C	 443	 443	 1	 B	
1036	 380	 2	 P	 380	 380	 65	 A	 
1037	 441	 1	 D	 441	 442	 3	 S	 
1038	 444	 1	 C	 444	 444	 1	 B	
1039	 442	 1	 D	 442	 443	 3	 S	 
1040	 380	 2	 C	 380	 445	 1	 A	
1041	 420	 3	 A	 420	 420	 27	 B	
1042	 443	 1	 D	 443	 444	 3	 S	 
1043	 446	 1	 C	 446	 446	 1	 A	
1044	 420	 3	 C	 420	 447	 1	 B	
1045	 444	 1	 D	 444	 445	 3	 S	 
1046	 447	 1	 C	 447	 447	 1	 A	
1047	 380	 2	 D	 380	 446	 3	 S	 
1048	 448	 1	 C	 448	 448	 1	 A	
1049	 421	 5	 A	 421	 421	 29	 B	
1050	 446	 1	 D	 446	 447	 3	 S	 
1051	 420	 3	 D	 420	 448	 3	 S	 
1052	 425	 5	 A	 425	 425	 27	 B	
1053	 384	 2	 P	 384	 384	 68	 A	 
1054	 447	 1	 D	 447	 448	 4	 S	 
1055	 452	 1	 C	 452	 452	 1	 B	
1056	 384	 2	 C	 384	 452	 1	 A	
1057	 448	 1	 D	 448	 449	 4	 S	 
1058	 453	 1	 C	 453	 453	 1	 B	
1059	 452	 1	 D	 452	 453	 1	 S	 
1060	 384	 2	 D	 384	 453	 2	 S	 
1061	 390	 2	 P	 390	 390	 66	 A	 
1062	 426	 3	 A	 426	 426	 30	 B	
1063	 453	 1	 D	 453	 454	 2	 S	 
1064	 390	 2	 C	 390	 456	 1	 B	
1065	 455	 1	 C	 455	 455	 2	 A	
1066	 296	 4	 Q	 296	 296	 161	 S	
1067	 426	 3	 C	 426	 456	 2	 B	
1068	 456	 1	 C	 456	 456	 2	 A	
1069	 390	 2	 D	 390	 457	 1	 S	 
1070	 457	 1	 C	 457	 457	 2	 B	
1071	 296	 4	 C	 296	 457	 2	 A	
1072	 455	 1	 D	 455	 457	 2	 S	 
1073	 426	 3	 D	 426	 458	 2	 S	 
1074	 428	 3	 A	 428	 428	 33	 B	
1075	 456	 1	 D	 456	 458	 3	 S	 
1076	 393	 2	 P	 393	 393	 69	 A	 
1077	 428	 3	 C	 428	 461	 1	 B	
1078	 457	 1	 D	 457	 459	 3	 S	 
1079	 393	 2	 C	 393	 462	 1	 A	
1080	 296	 4	 D	 296	 459	 4	 S	 
1081	 431	 3	 A	 431	 431	 33	 B	
1082	 428	 3	 D	 428	 462	 2	 S	 
1083	 431	 3	 C	 431	 464	 1	 B	
1084	 393	 2	 D	 393	 463	 2	 S	 
1085	 395	 4	 P	 395	 395	 71	 A	 
1086	 465	 1	 C	 465	 465	 1	 B	
1087	 431	 3	 D	 431	 465	 1	 S	 
1088	 465	 1	 D	 465	 466	 1	 S	 
1089	 435	 5	 A	 435	 435	 33	 B	
1090	 302	 5	 Q	 302	 302	 166	 S	
1091	 396	 2	 P	 396	 396	 73	 A	 
1092	 467	 1	 C	 467	 467	 2	 B	
1093	 309	 4	 Q	 309	 309	 160	 S	
1094	 302	 5	 C	 302	 468	 2	 A	
1095	 396	 2	 C	 396	 469	 1	 B	
1096	 467	 1	 D	 467	 469	 1	 S	 
1097	 309	 4	 C	 309	 469	 2	 A	
1098	 302	 5	 D	 302	 470	 1	 S	 
1099	 437	 3	 A	 437	 437	 35	 B	
1100	 396	 2	 D	 396	 470	 2	 S	 
1101	 471	 1	 C	 471	 471	 2	 B	
1102	 309	 4	 D	 309	 471	 2	 S	 
1103	 398	 2	 P	 398	 398	 76	 A	 
1104	 472	 1	 C	 472	 472	 2	 B	
1105	 471	 1	 D	 471	 473	 1	 S	 
1106	 437	 3	 C	 437	 472	 3	 A	
1107	 398	 2	 C	 398	 474	 1	 B	
1108	 472	 1	 D	 472	 474	 1	 S	 
1109	 474	 1	 C	 474	 474	 2	 A	
1110	 437	 3	 D	 437	 475	 1	 S	 
1111	 475	 1	 C	 475	 475	 1	 B	
1112	 398	 2	 D	 398	 475	 2	 S	 
1113	 476	 1	 C	 476	 476	 1	 B	
1114	 474	 1	 D	 474	 476	 2	 S	 
1115	 477	 1	 C	 477	 477	 1	 B	
1116	 401	 2	 P	 401	 401	 78	 A	 
1117	 475	 1	 D	 475	 476	 3	 S	 
1118	 478	 1	 C	 478	 478	 1	 B	
1119	 401	 2	 C	 401	 479	 1	 A	
1120	 476	 1	 D	 476	 477	 3	 S	 
1121	 477	 1	 D	 477	 478	 3	 S	 
1122	 440	 3	 A	 440	 440	 41	 B	
1123	 478	 1	 D	 478	 479	 3	 S	 
1124	 440	 3	 C	 440	 481	 1	 B	
1125	 403	 2	 P	 403	 403	 80	 A	 
1126	 401	 2	 D	 401	 480	 3	 S	 
1127	 403	 2	 C	 403	 483	 1	 A	
1128	 440	 3	 D	 440	 482	 2	 S	 
1129	 449	 5	 A	 449	 449	 35	 B	
1130	 403	 2	 D	 403	 484	 1	 S	 
1131	 484	 1	 C	 484	 484	 1	 B	
1132	 328	 4	 Q	 328	 328	 158	 S	
1133	 410	 4	 P	 410	 410	 77	 A	 
1134	 450	 3	 A	 450	 450	 37	 B	
1135	 484	 1	 D	 484	 485	 2	 S	 
1136	 328	 4	 C	 328	 486	 2	 A	
1137	 487	 1	 C	 487	 487	 1	 B	
1138	 350	 4	 Q	 350	 350	 138	 S	
1139	 450	 3	 C	 450	 487	 2	 A	
1140	 488	 1	 C	 488	 488	 1	 B	
1141	 328	 4	 D	 328	 488	 1	 S	 
1142	 350	 4	 C	 350	 488	 2	 A	
1143	 489	 1	 C	 489	 489	 1	 B	
1144	 487	 1	 D	 487	 488	 2	 S	 
1145	 450	 3	 D	 450	 489	 2	 S	 
1146	 451	 3	 A	 451	 451	 41	 B	
1147	 488	 1	 D	 488	 489	 3	 S	 
1148	 412	 2	 P	 412	 412	 81	 A	 
1149	 491	 1	 C	 491	 491	 2	 B	
1150	 350	 4	 D	 350	 490	 3	 S	 
1151	 492	 1	 C	 492	 492	 2	 A	
1152	 451	 3	 C	 451	 492	 2	 B	
1153	 489	 1	 D	 489	 490	 4	 S	 
1154	 412	 2	 C	 412	 493	 2	 A	
1155	 491	 1	 D	 491	 493	 2	 S	 
1156	 492	 1	 D	 492	 494	 2	 S	 
1157	 454	 3	 A	 454	 454	 42	 B	
1158	 451	 3	 D	 451	 494	 3	 S	 
1159	 454	 3	 C	 454	 496	 1	 B	
1160	 422	 2	 P	 422	 422	 76	 A	 
1161	 412	 2	 D	 412	 495	 3	 S	 
1162	 497	 1	 C	 497	 497	 1	 B	
1163	 422	 2	 C	 422	 498	 1	 A	
1164	 454	 3	 D	 454	 497	 2	 S	 
1165	 459	 5	 A	 459	 459	 41	 B	
1166	 497	 1	 D	 497	 498	 2	 S	 
1167	 499	 1	 C	 499	 499	 2	 B	
1168	 422	 2	 D	 422	 499	 2	 S	 
1169	 423	 2	 P	 423	 423	 79	 A	 
1170	 499	 1	 D	 499	 501	 1	 S	 
1171	 423	 2	 C	 423	 502	 1	 A	
1172	 461	 3	 A	 461	 461	 42	 B	
1173	 351	 4	 Q	 351	 351	 152	 S	
1174	 502	 1	 C	 502	 502	 2	 A	
1175	 503	 1	 C	 503	 503	 1	 B	
1176	 423	 2	 D	 423	 503	 1	 S	 
1177	 461	 3	 C	 461	 503	 2	 A	
1178	 351	 4	 C	 351	 503	 2	 B	
1179	 502	 1	 D	 502	 504	 1	 S	 
1180	 504	 1	 C	 504	 504	 2	 A	
1181	 503	 1	 D	 503	 504	 2	 S	 
1182	 462	 3	 A	 462	 462	 45	 B	
1183	 506	 1	 C	 506	 506	 1	 A	
1184	 461	 3	 D	 461	 505	 2	 S	 
1185	 507	 1	 C	 507	 507	 1	 B	
1186	 462	 3	 C	 462	 507	 1	 A	
1187	 351	 4	 D	 351	 505	 3	 S	 
1188	 504	 1	 D	 504	 506	 3	 S	 
1189	 508	 1	 C	 508	 508	 1	 B	
1190	 506	 1	 D	 506	 507	 3	 S	 
1191	 509	 1	 C	 509	 509	 1	 B	
1192	 424	 2	 P	 424	 424	 87	 A	 
1193	 507	 1	 D	 507	 508	 3	 S	 
1194	 510	 1	 C	 510	 510	 1	 B	
1195	 424	 2	 C	 424	 511	 1	 A	
1196	 462	 3	 D	 462	 508	 4	 S	 
1197	 511	 1	 C	 511	 511	 1	 B	
1198	 508	 1	 D	 508	 509	 4	 S	 
1199	 509	 1	 D	 509	 510	 4	 S	 
1200	 466	 3	 A	 466	 466	 48	 B	
1201	 427	 2	 P	 427	 427	 88	 A	 
1202	 510	 1	 D	 510	 511	 4	 S	 
1203	 514	 1	 C	 514	 514	 1	 B	
1204	 466	 3	 C	 466	 514	 2	 A	
1205	 424	 2	 D	 424	 512	 4	 S	 
1206	 427	 2	 C	 427	 515	 1	 B	
1207	 511	 1	 D	 511	 512	 5	 S	 
1208	 516	 1	 C	 516	 516	 1	 B	
1209	 514	 1	 D	 514	 515	 3	 S	 
1210	 432	 4	 P	 432	 432	 87	 A	 
1211	 468	 5	 A	 468	 468	 51	 B	
1212	 466	 3	 D	 466	 516	 3	 S	 
1213	 427	 2	 D	 427	 516	 4	 S	 
1214	 470	 3	 A	 470	 470	 51	 B	
1215	 516	 1	 D	 516	 517	 4	 S	 
1216	 433	 2	 P	 433	 433	 89	 A	 
1217	 519	 1	 C	 519	 519	 3	 B	
1218	 368	 5	 Q	 368	 368	 154	 S	
1219	 520	 1	 C	 520	 520	 3	 A	
1220	 470	 3	 C	 470	 521	 2	 B	
1221	 519	 1	 D	 519	 522	 1	 S	 
1222	 521	 1	 C	 521	 521	 3	 A	
1223	 433	 2	 C	 433	 522	 2	 B	
1224	 520	 1	 D	 520	 523	 1	 S	 
1225	 368	 5	 C	 368	 522	 3	 A	
1226	 470	 3	 D	 470	 523	 2	 S	 
1227	 473	 3	 A	 473	 473	 53	 B	
1228	 521	 1	 D	 521	 524	 2	 S	 
1229	 473	 3	 C	 473	 526	 1	 B	
1230	 433	 2	 D	 433	 524	 3	 S	 
1231	 445	 2	 P	 445	 445	 83	 A	 
1232	 368	 5	 D	 368	 525	 3	 S	 
1233	 445	 2	 C	 445	 528	 1	 A	
1234	 480	 5	 A	 480	 480	 49	 B	
1235	 473	 3	 D	 473	 527	 2	 S	 
1236	 445	 2	 D	 445	 529	 1	 S	 
1237	 529	 1	 C	 529	 529	 1	 B	
1238	 529	 1	 D	 529	 530	 1	 S	 
1239	 530	 1	 C	 530	 530	 1	 B	
1240	 458	 2	 P	 458	 458	 74	 A	 
1241	 530	 1	 D	 530	 531	 1	 S	 
1242	 531	 1	 C	 531	 531	 1	 B	
1243	 458	 2	 C	 458	 532	 1	 A	
1244	 391	 5	 Q	 391	 391	 142	 S	
1245	 532	 1	 C	 532	 532	 1	 B	
1246	 531	 1	 D	 531	 532	 2	 S	 
1247	 533	 1	 C	 533	 533	 1	 B	
1248	 458	 2	 D	 458	 533	 2	 S	 
1249	 391	 5	 C	 391	 533	 2	 B	
1250	 460	 2	 P	 460	 460	 76	 A	 
1251	 532	 1	 D	 532	 533	 3	 S	 
1252	 534	 1	 C	 534	 534	 2	 B	
1253	 535	 1	 C	 535	 535	 2	 A	
1254	 460	 2	 C	 460	 536	 1	 B	
1255	 533	 1	 D	 533	 534	 3	 S	 
1256	 536	 1	 C	 536	 536	 2	 A	
1257	 537	 1	 C	 537	 537	 1	 B	
1258	 391	 5	 D	 391	 535	 3	 S	 
1259	 538	 1	 C	 538	 538	 1	 B	
1260	 534	 1	 D	 534	 536	 3	 S	 
1261	 539	 1	 C	 539	 539	 1	 B	
1262	 535	 1	 D	 535	 537	 3	 S	 
1263	 463	 2	 P	 463	 463	 78	 A	 
1264	 460	 2	 D	 460	 537	 4	 S	 
1265	 463	 2	 C	 463	 541	 1	 A	
1266	 536	 1	 D	 536	 538	 4	 S	 
1267	 483	 5	 A	 483	 483	 59	 B	
1268	 537	 1	 D	 537	 538	 5	 S	 
1269	 542	 1	 C	 542	 542	 1	 B	
1270	 538	 1	 D	 538	 539	 5	 S	 
1271	 464	 2	 P	 464	 464	 81	 A	 
1272	 494	 3	 A	 494	 494	 51	 B	
1273	 539	 1	 D	 539	 540	 5	 S	 
1274	 464	 2	 C	 464	 545	 1	 A	
1275	 463	 2	 D	 463	 542	 4	 S	 
1276	 494	 3	 C	 494	 545	 1	 B	
1277	 542	 1	 D	 542	 543	 4	 S	 
1278	 496	 3	 A	 496	 496	 52	 B	
1279	 464	 2	 D	 464	 546	 2	 S	 
1280	 469	 2	 P	 469	 469	 80	 A	 
1281	 547	 1	 C	 547	 547	 2	 B	
1282	 494	 3	 D	 494	 546	 3	 S	 
1283	 496	 3	 C	 496	 548	 2	 A	
1284	 469	 2	 C	 469	 549	 1	 B	
1285	 547	 1	 D	 547	 549	 1	 S	 
1286	 496	 3	 D	 496	 550	 1	 S	 
1287	 498	 3	 A	 498	 498	 54	 B	
1288	 469	 2	 D	 469	 550	 2	 S	 
1289	 479	 2	 P	 479	 479	 74	 A	 
1290	 551	 1	 C	 551	 551	 2	 B	
1291	 395	 4	 Q	 395	 395	 158	 S	
1292	 498	 3	 C	 498	 552	 2	 A	
1293	 479	 2	 C	 479	 553	 1	 B	
1294	 551	 1	 D	 551	 553	 1	 S	 
1295	 395	 4	 C	 395	 553	 2	 A	
1296	 554	 1	 C	 554	 554	 1	 B	
1297	 498	 3	 D	 498	 554	 1	 S	 
1298	 555	 1	 C	 555	 555	 1	 A	
1299	 479	 2	 D	 479	 554	 2	 S	 
1300	 500	 3	 A	 500	 500	 57	 B	
1301	 395	 4	 D	 395	 555	 2	 S	 
1302	 500	 3	 C	 500	 557	 1	 B	
1303	 554	 1	 D	 554	 555	 3	 S	 
1304	 481	 4	 P	 481	 481	 78	 A	 
1305	 558	 1	 C	 558	 558	 1	 B	
1306	 555	 1	 D	 555	 556	 3	 S	 
1307	 559	 1	 C	 559	 559	 1	 B	
1308	 500	 3	 D	 500	 558	 2	 S	 
1309	 560	 1	 C	 560	 560	 1	 B	
1310	 558	 1	 D	 558	 559	 2	 S	 
1311	 482	 2	 P	 482	 482	 80	 A	 
1312	 561	 1	 C	 561	 561	 1	 B	
1313	 559	 1	 D	 559	 560	 2	 S	 
1314	 482	 2	 C	 482	 562	 1	 A	
1315	 562	 1	 C	 562	 562	 1	 B	
1316	 560	 1	 D	 560	 561	 2	 S	 
1317	 561	 1	 D	 561	 562	 2	 S	 
1318	 501	 3	 A	 501	 501	 64	 B	
1319	 482	 2	 D	 482	 563	 2	 S	 
1320	 485	 2	 P	 485	 485	 81	 A	 
1321	 564	 1	 C	 564	 564	 2	 B	
1322	 562	 1	 D	 562	 563	 3	 S	 
1323	 565	 1	 C	 565	 565	 2	 A	
1324	 501	 3	 C	 501	 565	 2	 B	
1325	 564	 1	 D	 564	 566	 1	 S	 
1326	 485	 2	 C	 485	 566	 2	 A	
1327	 567	 1	 C	 567	 567	 1	 B	
1328	 565	 1	 D	 565	 567	 1	 S	 
1329	 568	 1	 C	 568	 568	 1	 A	
1330	 501	 3	 D	 501	 567	 2	 S	 
1331	 505	 3	 A	 505	 505	 65	 B	
1332	 569	 1	 C	 569	 569	 1	 A	
1333	 485	 2	 D	 485	 568	 2	 S	 
1334	 570	 1	 C	 570	 570	 1	 B	
1335	 505	 3	 C	 505	 570	 1	 A	
1336	 567	 1	 D	 567	 568	 3	 S	 
1337	 571	 1	 C	 571	 571	 1	 B	
1338	 568	 1	 D	 568	 569	 3	 S	 
1339	 569	 1	 D	 569	 570	 3	 S	 
1340	 486	 2	 P	 486	 486	 88	 A	 
1341	 512	 3	 A	 512	 512	 62	 B	
1342	 570	 1	 D	 570	 571	 3	 S	 
1343	 486	 2	 C	 486	 574	 1	 B	
1344	 573	 1	 C	 573	 573	 2	 A	
1345	 505	 3	 D	 505	 571	 4	 S	 
1346	 512	 3	 C	 512	 574	 2	 B	
1347	 571	 1	 D	 571	 572	 4	 S	 
1348	 486	 2	 D	 486	 575	 2	 S	 
1349	 490	 2	 P	 490	 490	 88	 A	 
1350	 515	 3	 A	 515	 515	 63	 B	
1351	 573	 1	 D	 573	 575	 3	 S	 
1352	 515	 3	 C	 515	 578	 1	 B	
1353	 490	 2	 C	 490	 578	 1	 A	
1354	 512	 3	 D	 512	 576	 3	 S	 
1355	 578	 1	 C	 578	 578	 2	 B	
1356	 515	 3	 D	 515	 579	 1	 S	 
1357	 490	 2	 D	 490	 579	 2	 S	 
1358	 580	 1	 C	 580	 580	 1	 B	
1359	 493	 2	 P	 493	 493	 89	 A	 
1360	 578	 1	 D	 578	 580	 2	 S	 
1361	 581	 1	 C	 581	 581	 1	 B	
1362	 493	 2	 C	 493	 582	 1	 A	
1363	 580	 1	 D	 580	 581	 2	 S	 
1364	 582	 1	 C	 582	 582	 1	 B	
1365	 581	 1	 D	 581	 582	 2	 S	 
1366	 583	 1	 C	 583	 583	 1	 B	
1367	 493	 2	 D	 493	 583	 2	 S	 
1368	 495	 2	 P	 495	 495	 91	 A	 
1369	 518	 3	 A	 518	 518	 68	 B	
1370	 582	 1	 D	 582	 583	 3	 S	 
1371	 495	 2	 C	 495	 586	 1	 A	
1372	 586	 1	 C	 586	 586	 1	 B	
1373	 583	 1	 D	 583	 584	 3	 S	 
1374	 518	 3	 C	 518	 586	 2	 A	
1375	 587	 1	 C	 587	 587	 1	 B	
1376	 495	 2	 D	 495	 587	 1	 S	 
1377	 586	 1	 D	 586	 587	 2	 S	 
1378	 526	 3	 A	 526	 526	 64	 B	
1379	 518	 3	 D	 518	 588	 2	 S	 
1380	 513	 4	 P	 513	 513	 78	 A	 
1381	 590	 1	 C	 590	 590	 1	 B	
1382	 587	 1	 D	 587	 588	 3	 S	 
1383	 526	 3	 C	 526	 590	 2	 A	
1384	 590	 1	 D	 590	 591	 1	 S	 
1385	 526	 3	 D	 526	 592	 1	 S	 
1386	 528	 3	 A	 528	 528	 65	 B	
1387	 528	 3	 C	 528	 593	 1	 B	
1388	 410	 4	 Q	 410	 410	 184	 S	
1389	 517	 2	 P	 517	 517	 78	 A	 
1390	 528	 3	 D	 528	 594	 1	 S	 
1391	 410	 4	 C	 410	 594	 1	 B	
1392	 594	 1	 C	 594	 594	 2	 A	
1393	 410	 4	 D	 410	 595	 1	 S	 
1394	 517	 2	 C	 517	 595	 1	 B	
1395	 595	 1	 C	 595	 595	 2	 A	
1396	 594	 1	 D	 594	 596	 1	 S	 
1397	 517	 2	 D	 517	 596	 2	 S	 
1398	 540	 5	 A	 540	 540	 58	 B	
1399	 595	 1	 D	 595	 597	 2	 S	 
1400	 597	 1	 C	 597	 597	 2	 B	
1401	 522	 2	 P	 522	 522	 78	 A	 
1402	 421	 5	 Q	 421	 421	 179	 S	
1403	 598	 1	 C	 598	 598	 2	 B	
1404	 599	 1	 C	 599	 599	 2	 A	
1405	 597	 1	 D	 597	 599	 2	 S	 
1406	 522	 2	 C	 522	 600	 1	 B	
1407	 600	 1	 C	 600	 600	 2	 A	
1408	 598	 1	 D	 598	 600	 2	 S	 
1409	 421	 5	 C	 421	 600	 2	 B	
1410	 601	 1	 C	 601	 601	 2	 A	
1411	 599	 1	 D	 599	 601	 2	 S	 
1412	 602	 1	 C	 602	 602	 1	 B	
1413	 522	 2	 D	 522	 601	 3	 S	 
1414	 600	 1	 D	 600	 602	 3	 S	 
1415	 541	 5	 A	 541	 541	 64	 B	
1416	 523	 2	 P	 523	 523	 83	 A	 
1417	 421	 5	 D	 421	 602	 4	 S	 
1418	 604	 1	 C	 604	 604	 2	 B	
1419	 605	 1	 C	 605	 605	 2	 A	
1420	 601	 1	 D	 601	 603	 4	 S	 
1421	 523	 2	 C	 523	 606	 1	 B	
1422	 602	 1	 D	 602	 603	 5	 S	 
1423	 604	 1	 D	 604	 606	 3	 S	 
1424	 548	 3	 A	 548	 548	 61	 B	
1425	 524	 2	 P	 524	 524	 86	 A	 
1426	 605	 1	 D	 605	 607	 3	 S	 
1427	 548	 3	 C	 548	 609	 1	 B	
1428	 524	 2	 C	 524	 610	 1	 A	
1429	 523	 2	 D	 523	 607	 4	 S	 
1430	 548	 3	 D	 548	 610	 2	 S	 
1431	 549	 3	 A	 549	 549	 63	 B	
1432	 524	 2	 D	 524	 611	 2	 S	 
1433	 549	 3	 C	 549	 612	 1	 B	
1434	 525	 2	 P	 525	 525	 89	 A	 
1435	 549	 3	 D	 549	 613	 1	 S	 
1436	 613	 1	 C	 613	 613	 1	 B	
1437	 525	 2	 C	 525	 614	 1	 A	
1438	 425	 5	 Q	 425	 425	 190	 S	
1439	 613	 1	 D	 613	 614	 2	 S	 
1440	 563	 3	 A	 563	 563	 53	 B	
1441	 525	 2	 D	 525	 615	 2	 S	 
1442	 615	 1	 C	 615	 615	 2	 B	
1443	 527	 2	 P	 527	 527	 91	 A	 
1444	 615	 1	 D	 615	 617	 1	 S	 
1445	 425	 5	 C	 425	 615	 3	 B	
1446	 616	 1	 C	 616	 616	 3	 A	
1447	 432	 4	 Q	 432	 432	 187	 S	
1448	 563	 3	 C	 563	 616	 3	 B	
1449	 617	 1	 C	 617	 617	 3	 A	
1450	 425	 5	 D	 425	 618	 2	 S	 
1451	 527	 2	 C	 527	 618	 2	 B	
1452	 619	 1	 C	 619	 619	 2	 A	
1453	 616	 1	 D	 616	 619	 2	 S	 
1454	 432	 4	 C	 432	 619	 2	 B	
1455	 563	 3	 D	 563	 619	 3	 S	 
1456	 572	 3	 A	 572	 572	 51	 B	
1457	 617	 1	 D	 617	 620	 3	 S	 
1458	 543	 2	 P	 543	 543	 81	 A	 
1459	 623	 1	 C	 623	 623	 1	 B	
1460	 527	 2	 D	 527	 620	 4	 S	 
1461	 572	 3	 C	 572	 623	 2	 A	
1462	 543	 2	 C	 543	 624	 1	 B	
1463	 619	 1	 D	 619	 621	 4	 S	 
1464	 624	 1	 C	 624	 624	 2	 A	
1465	 625	 1	 C	 625	 625	 1	 B	
1466	 432	 4	 D	 432	 621	 5	 S	 
1467	 626	 1	 C	 626	 626	 1	 B	
1468	 623	 1	 D	 623	 624	 3	 S	 
1469	 627	 1	 C	 627	 627	 1	 B	
1470	 572	 3	 D	 572	 625	 3	 S	 
1471	 544	 2	 P	 544	 544	 85	 A	 
1472	 628	 1	 C	 628	 628	 1	 B	
1473	 543	 2	 D	 543	 625	 4	 S	 
1474	 544	 2	 C	 544	 629	 1	 A	
1475	 624	 1	 D	 624	 626	 4	 S	 
1476	 575	 5	 A	 575	 575	 56	 B	
1477	 625	 1	 D	 625	 626	 5	 S	 
1478	 630	 1	 C	 630	 630	 2	 B	
1479	 626	 1	 D	 626	 627	 5	 S	 
1480	 545	 2	 P	 545	 545	 88	 A	 
1481	 631	 1	 C	 631	 631	 2	 B	
1482	 627	 1	 D	 627	 628	 5	 S	 
1483	 545	 2	 C	 545	 633	 1	 A	
1484	 633	 1	 C	 633	 633	 1	 B	
1485	 628	 1	 D	 628	 629	 5	 S	 
1486	 634	 1	 C	 634	 634	 1	 B	
1487	 544	 2	 D	 544	 630	 5	 S	 
1488	 635	 1	 C	 635	 635	 1	 B	
1489	 630	 1	 D	 630	 632	 4	 S	 
1490	 546	 2	 P	 546	 546	 91	 A	 
1491	 636	 1	 C	 636	 636	 1	 B	
1492	 631	 1	 D	 631	 633	 4	 S	 
1493	 546	 2	 C	 546	 637	 1	 A	
1494	 545	 2	 D	 545	 634	 4	 S	 
1495	 577	 3	 A	 577	 577	 62	 B	
1496	 633	 1	 D	 633	 634	 5	 S	 
1497	 638	 1	 C	 638	 638	 2	 B	
1498	 634	 1	 D	 634	 635	 5	 S	 
1499	 550	 2	 P	 550	 550	 91	 A	 
1500	 639	 1	 C	 639	 639	 2	 B	
1501	 635	 1	 D	 635	 636	 5	 S	 
1502	 577	 3	 C	 577	 639	 3	 A	
1503	 640	 1	 C	 640	 640	 2	 B	
1504	 636	 1	 D	 636	 637	 5	 S	 
1505	 550	 2	 C	 550	 641	 2	 A	
1506	 546	 2	 D	 546	 638	 5	 S	 
1507	 584	 3	 A	 584	 584	 60	 B	
1508	 638	 1	 D	 638	 640	 4	 S	 
1509	 643	 1	 C	 643	 643	 2	 B	
1510	 639	 1	 D	 639	 641	 4	 S	 
1511	 552	 4	 P	 552	 552	 94	 A	 
1512	 584	 3	 C	 584	 644	 2	 B	
1513	 577	 3	 D	 577	 642	 4	 S	 
1514	 645	 1	 C	 645	 645	 2	 A	
1515	 646	 1	 C	 646	 646	 1	 B	
1516	 640	 1	 D	 640	 642	 5	 S	 
1517	 550	 2	 D	 550	 643	 5	 S	 
1518	 591	 3	 A	 591	 591	 58	 B	
1519	 643	 1	 D	 643	 645	 4	 S	 
1520	 553	 4	 P	 553	 553	 97	 A	 
1521	 649	 1	 C	 649	 649	 1	 B	
1522	 584	 3	 D	 584	 646	 4	 S	 
1523	 591	 3	 C	 591	 649	 2	 A	
1524	 645	 1	 D	 645	 647	 4	 S	 
1525	 592	 3	 A	 592	 592	 60	 B	
1526	 646	 1	 D	 646	 647	 5	 S	 
1527	 592	 3	 C	 592	 652	 1	 B	
1528	 649	 1	 D	 649	 650	 3	 S	 
1529	 556	 4	 P	 556	 556	 98	 A	 
1530	 653	 1	 C	 653	 653	 1	 B	
1531	 591	 3	 D	 591	 651	 3	 S	 
1532	 654	 1	 C	 654	 654	 1	 B	
1533	 592	 3	 D	 592	 653	 2	 S	 
1534	 653	 1	 D	 653	 654	 2	 S	 
1535	 557	 2	 P	 557	 557	 100	 A	 
1536	 596	 5	 A	 596	 596	 61	 B	
1537	 654	 1	 D	 654	 655	 2	 S	 
1538	 656	 1	 C	 656	 656	 2	 A	
1539	 557	 2	 C	 557	 657	 1	 B	
1540	 435	 5	 Q	 435	 435	 223	 S	
1541	 658	 1	 C	 658	 658	 1	 B	
1542	 656	 1	 D	 656	 658	 1	 S	 
1543	 435	 5	 C	 435	 658	 2	 B	
1544	 557	 2	 D	 557	 658	 2	 S	 
1545	 566	 2	 P	 566	 566	 95	 A	 
1546	 659	 1	 C	 659	 659	 2	 B	
1547	 658	 1	 D	 658	 659	 2	 S	 
1548	 660	 1	 C	 660	 660	 2	 A	
1549	 566	 2	 C	 566	 661	 1	 B	
1550	 435	 5	 D	 435	 660	 2	 S	 
1551	 662	 1	 C	 662	 662	 1	 B	
1552	 659	 1	 D	 659	 661	 2	 S	 
1553	 660	 1	 D	 660	 662	 2	 S	 
1554	 574	 2	 P	 574	 574	 91	 A	 
1555	 606	 3	 A	 606	 606	 59	 B	
1556	 566	 2	 D	 566	 662	 3	 S	 
1557	 664	 1	 C	 664	 664	 2	 A	
1558	 574	 2	 C	 574	 665	 1	 B	
1559	 662	 1	 D	 662	 663	 3	 S	 
1560	 665	 1	 C	 665	 665	 2	 A	
1561	 606	 3	 C	 606	 665	 2	 B	
1562	 664	 1	 D	 664	 666	 1	 S	 
1563	 666	 1	 C	 666	 666	 2	 A	
1564	 574	 2	 D	 574	 666	 2	 S	 
1565	 607	 3	 A	 607	 607	 62	 B	
1566	 665	 1	 D	 665	 667	 2	 S	 
1567	 669	 1	 C	 669	 669	 1	 B	
1568	 606	 3	 D	 606	 667	 3	 S	 
1569	 576	 2	 P	 576	 576	 95	 A	 
1570	 607	 3	 C	 607	 669	 2	 B	
1571	 666	 1	 D	 666	 668	 3	 S	 
1572	 670	 1	 C	 670	 670	 2	 A	
1573	 576	 2	 C	 576	 671	 1	 B	
1574	 669	 1	 D	 669	 670	 2	 S	 
1575	 671	 1	 C	 671	 671	 2	 A	
1576	 607	 3	 D	 607	 671	 2	 S	 
1577	 608	 3	 A	 608	 608	 66	 B	
1578	 670	 1	 D	 670	 672	 2	 S	 
1579	 673	 1	 C	 673	 673	 2	 B	
1580	 576	 2	 D	 576	 672	 3	 S	 
1581	 579	 4	 P	 579	 579	 97	 A	 
1582	 674	 1	 C	 674	 674	 2	 B	
1583	 671	 1	 D	 671	 673	 3	 S	 
1584	 608	 3	 C	 608	 674	 3	 A	
1585	 675	 1	 C	 675	 675	 2	 B	
1586	 673	 1	 D	 673	 675	 2	 S	 
1587	 676	 1	 C	 676	 676	 2	 A	
1588	 674	 1	 D	 674	 676	 2	 S	 
1589	 610	 3	 A	 610	 610	 69	 B	
1590	 608	 3	 D	 608	 677	 2	 S	 
1591	 678	 1	 C	 678	 678	 2	 B	
1592	 675	 1	 D	 675	 677	 3	 S	 
1593	 585	 2	 P	 585	 585	 96	 A	 
1594	 610	 3	 C	 610	 679	 2	 B	
1595	 676	 1	 D	 676	 678	 3	 S	 
1596	 585	 2	 C	 585	 681	 1	 A	
1597	 681	 1	 C	 681	 681	 1	 B	
1598	 678	 1	 D	 678	 680	 2	 S	 
1599	 682	 1	 C	 682	 682	 1	 B	
1600	 610	 3	 D	 610	 681	 2	 S	 
1601	 585	 2	 D	 585	 682	 2	 S	 
1602	 588	 2	 P	 588	 588	 97	 A	 
1603	 611	 3	 A	 611	 611	 74	 B	
1604	 681	 1	 D	 681	 682	 3	 S	 
1605	 588	 2	 C	 588	 685	 1	 A	
1606	 685	 1	 C	 685	 685	 1	 B	
1607	 682	 1	 D	 682	 683	 3	 S	 
1608	 611	 3	 C	 611	 685	 2	 A	
1609	 588	 2	 D	 588	 686	 1	 S	 
1610	 614	 3	 A	 614	 614	 74	 B	
1611	 685	 1	 D	 685	 686	 2	 S	 
1612	 687	 1	 C	 687	 687	 2	 B	
1613	 611	 3	 D	 611	 687	 2	 S	 
1614	 589	 4	 P	 589	 589	 101	 A	 
1615	 614	 3	 C	 614	 688	 2	 B	
1616	 687	 1	 D	 687	 689	 1	 S	 
1617	 614	 3	 D	 614	 690	 1	 S	 
1618	 620	 3	 A	 620	 620	 72	 B	
1619	 449	 5	 Q	 449	 449	 243	 S	
1620	 593	 4	 P	 593	 593	 100	 A	 
1621	 620	 3	 C	 620	 692	 1	 B	
1622	 459	 5	 Q	 459	 459	 234	 S	
1623	 449	 5	 C	 449	 692	 2	 A	
1624	 693	 1	 C	 693	 693	 1	 B	
1625	 620	 3	 D	 620	 693	 1	 S	 
1626	 459	 5	 C	 459	 693	 2	 A	
1627	 694	 1	 C	 694	 694	 1	 B	
1628	 449	 5	 D	 449	 694	 1	 S	 
1629	 693	 1	 D	 693	 694	 2	 S	 
1630	 621	 3	 A	 621	 621	 76	 B	
1631	 459	 5	 D	 459	 695	 2	 S	 
1632	 603	 2	 P	 603	 603	 95	 A	 
1633	 697	 1	 C	 697	 697	 1	 B	
1634	 694	 1	 D	 694	 695	 3	 S	 
1635	 621	 3	 C	 621	 697	 2	 A	
1636	 603	 2	 C	 603	 698	 1	 B	
1637	 697	 1	 D	 697	 698	 1	 S	 
1638	 698	 1	 C	 698	 698	 2	 A	
1639	 699	 1	 C	 699	 699	 1	 B	
1640	 621	 3	 D	 621	 699	 1	 S	 
1641	 700	 1	 C	 700	 700	 1	 B	
1642	 603	 2	 D	 603	 699	 2	 S	 
1643	 698	 1	 D	 698	 700	 2	 S	 
1644	 609	 2	 P	 609	 609	 94	 A	 
1645	 622	 5	 A	 622	 622	 81	 B	
1646	 699	 1	 D	 699	 700	 3	 S	 
1647	 702	 1	 C	 702	 702	 2	 A	
1648	 609	 2	 C	 609	 703	 1	 B	
1649	 700	 1	 D	 700	 701	 3	 S	 
1650	 704	 1	 C	 704	 704	 1	 B	
1651	 702	 1	 D	 702	 704	 1	 S	 
1652	 609	 2	 D	 609	 704	 2	 S	 
1653	 612	 2	 P	 612	 612	 95	 A	 
1654	 641	 3	 A	 641	 641	 66	 B	
1655	 704	 1	 D	 704	 705	 2	 S	 
1656	 612	 2	 C	 612	 707	 1	 A	
1657	 707	 1	 C	 707	 707	 1	 B	
1658	 468	 5	 Q	 468	 468	 240	 S	
1659	 641	 3	 C	 641	 707	 2	 A	
1660	 612	 2	 D	 612	 708	 1	 S	 
1661	 468	 5	 C	 468	 708	 2	 A	
1662	 642	 3	 A	 642	 642	 68	 B	
1663	 707	 1	 D	 707	 708	 2	 S	 
1664	 642	 3	 C	 642	 710	 1	 B	
1665	 641	 3	 D	 641	 709	 2	 S	 
1666	 468	 5	 D	 468	 710	 2	 S	 
1667	 618	 2	 P	 618	 618	 95	 A	 
1668	 644	 3	 A	 644	 644	 69	 B	
1669	 642	 3	 D	 642	 711	 2	 S	 
1670	 712	 1	 C	 712	 712	 2	 A	
1671	 618	 2	 C	 618	 713	 1	 B	
1672	 480	 5	 Q	 480	 480	 234	 S	
1673	 713	 1	 C	 713	 713	 2	 A	
1674	 644	 3	 C	 644	 713	 2	 B	
1675	 712	 1	 D	 712	 714	 1	 S	 
1676	 714	 1	 C	 714	 714	 2	 A	
1677	 480	 5	 C	 480	 714	 2	 B	
1678	 618	 2	 D	 618	 714	 2	 S	 
1679	 715	 1	 C	 715	 715	 2	 A	
1680	 713	 1	 D	 713	 715	 2	 S	 
1681	 647	 3	 A	 647	 647	 71	 B	
1682	 644	 3	 D	 644	 715	 3	 S	 
1683	 647	 3	 C	 647	 718	 1	 B	
1684	 714	 1	 D	 714	 716	 3	 S	 
1685	 629	 2	 P	 629	 629	 91	 A	 
1686	 719	 1	 C	 719	 719	 1	 B	
1687	 480	 5	 D	 480	 716	 4	 S	 
1688	 629	 2	 C	 629	 720	 1	 A	
1689	 720	 1	 C	 720	 720	 1	 B	
1690	 715	 1	 D	 715	 717	 4	 S	 
1691	 647	 3	 D	 647	 719	 3	 S	 
1692	 650	 5	 A	 650	 650	 73	 B	
1693	 719	 1	 D	 719	 720	 3	 S	 
1694	 632	 2	 P	 632	 632	 92	 A	 
1695	 629	 2	 D	 629	 721	 3	 S	 
1696	 632	 2	 C	 632	 724	 1	 A	
1697	 652	 3	 A	 652	 652	 73	 B	
1698	 720	 1	 D	 720	 721	 4	 S	 
1699	 724	 1	 C	 724	 724	 2	 A	
1700	 725	 1	 C	 725	 725	 1	 B	
1701	 632	 2	 D	 632	 725	 1	 S	 
1702	 652	 3	 C	 652	 725	 2	 A	
1703	 724	 1	 D	 724	 726	 1	 S	 
1704	 655	 3	 A	 655	 655	 73	 B	
1705	 725	 1	 D	 725	 726	 2	 S	 
1706	 728	 1	 C	 728	 728	 1	 B	
1707	 652	 3	 D	 652	 727	 2	 S	 
1708	 637	 2	 P	 637	 637	 93	 A	 
1709	 655	 3	 C	 655	 728	 2	 B	
1710	 728	 1	 D	 728	 729	 1	 S	 
1711	 637	 2	 C	 637	 730	 1	 A	
1712	 730	 1	 C	 730	 730	 1	 B	
1713	 655	 3	 D	 655	 730	 1	 S	 
1714	 637	 2	 D	 637	 731	 1	 S	 
1715	 668	 5	 A	 668	 668	 65	 B	
1716	 730	 1	 D	 730	 731	 2	 S	 
1717	 648	 2	 P	 648	 648	 86	 A	 
1718	 732	 1	 C	 732	 732	 2	 B	
1719	 481	 4	 Q	 481	 481	 253	 S	
1720	 733	 1	 C	 733	 733	 2	 A	
1721	 648	 2	 C	 648	 734	 1	 B	
1722	 732	 1	 D	 732	 734	 1	 S	 
1723	 734	 1	 C	 734	 734	 2	 A	
1724	 481	 4	 C	 481	 734	 2	 B	
1725	 733	 1	 D	 733	 735	 1	 S	 
1726	 735	 1	 C	 735	 735	 2	 A	
1727	 736	 1	 C	 736	 736	 1	 B	
1728	 648	 2	 D	 648	 735	 2	 S	 
1729	 737	 1	 C	 737	 737	 1	 B	
1730	 734	 1	 D	 734	 736	 2	 S	 
1731	 738	 1	 C	 738	 738	 1	 B	
1732	 481	 4	 D	 481	 736	 3	 S	 
1733	 651	 2	 P	 651	 651	 89	 A	 
1734	 735	 1	 D	 735	 737	 3	 S	 
1735	 651	 2	 C	 651	 740	 1	 A	
1736	 672	 5	 A	 672	 672	 69	 B	
1737	 736	 1	 D	 736	 737	 4	 S	 
1738	 741	 1	 C	 741	 741	 1	 B	
1739	 737	 1	 D	 737	 738	 4	 S	 
1740	 738	 1	 D	 738	 739	 4	 S	 
1741	 657	 2	 P	 657	 657	 87	 A	 
1742	 680	 5	 A	 680	 680	 64	 B	
1743	 651	 2	 D	 651	 741	 3	 S	 
1744	 743	 1	 C	 743	 743	 2	 A	
1745	 657	 2	 C	 657	 744	 1	 B	
1746	 741	 1	 D	 741	 742	 3	 S	 
1747	 744	 1	 C	 744	 744	 2	 A	
1748	 745	 1	 C	 745	 745	 1	 B	
1749	 743	 1	 D	 743	 745	 1	 S	 
1750	 746	 1	 C	 746	 746	 1	 A	
1751	 657	 2	 D	 657	 745	 2	 S	 
1752	 683	 3	 A	 683	 683	 65	 B	
1753	 744	 1	 D	 744	 746	 2	 S	 
1754	 683	 3	 C	 683	 748	 1	 B	
1755	 745	 1	 D	 745	 746	 3	 S	 
1756	 661	 4	 P	 661	 661	 89	 A	 
1757	 749	 1	 C	 749	 749	 1	 B	
1758	 746	 1	 D	 746	 747	 3	 S	 
1759	 683	 3	 D	 683	 749	 2	 S	 
1760	 684	 3	 A	 684	 684	 68	 B	
1761	 749	 1	 D	 749	 750	 2	 S	 
1762	 663	 2	 P	 663	 663	 90	 A	 
1763	 751	 1	 C	 751	 751	 2	 B	
1764	 483	 5	 Q	 483	 483	 270	 S	
1765	 684	 3	 C	 684	 752	 2	 A	
1766	 663	 2	 C	 663	 753	 1	 B	
1767	 751	 1	 D	 751	 753	 1	 S	 
1768	 483	 5	 C	 483	 753	 2	 A	
1769	 754	 1	 C	 754	 754	 1	 B	
1770	 684	 3	 D	 684	 754	 1	 S	 
1771	 755	 1	 C	 755	 755	 1	 A	
1772	 663	 2	 D	 663	 754	 2	 S	 
1773	 690	 3	 A	 690	 690	 67	 B	
1774	 483	 5	 D	 483	 755	 2	 S	 
1775	 690	 3	 C	 690	 757	 1	 B	
1776	 754	 1	 D	 754	 755	 3	 S	 
1777	 667	 2	 P	 667	 667	 92	 A	 
1778	 758	 1	 C	 758	 758	 1	 B	
1779	 755	 1	 D	 755	 756	 3	 S	 
1780	 667	 2	 C	 667	 759	 1	 A	
1781	 759	 1	 C	 759	 759	 1	 B	
1782	 690	 3	 D	 690	 758	 2	 S	 
1783	 760	 1	 C	 760	 760	 1	 B	
1784	 758	 1	 D	 758	 759	 2	 S	 
1785	 667	 2	 D	 667	 760	 2	 S	 
1786	 677	 2	 P	 677	 677	 86	 A	 
1787	 691	 3	 A	 691	 691	 72	 B	
1788	 759	 1	 D	 759	 760	 3	 S	 
1789	 677	 2	 C	 677	 763	 1	 A	
1790	 691	 3	 C	 691	 763	 1	 B	
1791	 760	 1	 D	 760	 761	 3	 S	 
1792	 677	 2	 D	 677	 764	 1	 S	 
1793	 695	 3	 A	 695	 695	 71	 B	
1794	 691	 3	 D	 691	 764	 2	 S	 
1795	 679	 2	 P	 679	 679	 88	 A	 
1796	 765	 1	 C	 765	 765	 2	 B	
1797	 513	 4	 Q	 513	 513	 254	 S	
1798	 766	 1	 C	 766	 766	 2	 A	
1799	 695	 3	 C	 695	 766	 2	 B	
1800	 765	 1	 D	 765	 767	 1	 S	 
1801	 679	 2	 C	 679	 767	 2	 A	
1802	 767	 1	 C	 767	 767	 2	 B	
1803	 766	 1	 D	 766	 768	 1	 S	 
1804	 513	 4	 C	 513	 767	 3	 A	
1805	 768	 1	 C	 768	 768	 2	 B	
1806	 695	 3	 D	 695	 768	 2	 S	 
1807	 769	 1	 C	 769	 769	 2	 A	
1808	 679	 2	 D	 679	 769	 2	 S	 
1809	 701	 5	 A	 701	 701	 71	 B	
1810	 767	 1	 D	 767	 769	 3	 S	 
1811	 771	 1	 C	 771	 771	 2	 B	
1812	 513	 4	 D	 513	 770	 3	 S	 
1813	 686	 2	 P	 686	 686	 88	 A	 
1814	 772	 1	 C	 772	 772	 2	 B	
1815	 768	 1	 D	 768	 770	 4	 S	 
1816	 686	 2	 C	 686	 774	 1	 A	
1817	 774	 1	 C	 774	 774	 1	 B	
1818	 769	 1	 D	 769	 771	 4	 S	 
1819	 775	 1	 C	 775	 775	 1	 B	
1820	 771	 1	 D	 771	 773	 3	 S	 
1821	 776	 1	 C	 776	 776	 1	 B	
1822	 772	 1	 D	 772	 774	 3	 S	 
1823	 688	 2	 P	 688	 688	 90	 A	 
1824	 686	 2	 D	 686	 775	 3	 S	 
1825	 688	 2	 C	 688	 778	 1	 A	
1826	 703	 3	 A	 703	 703	 76	 B	
1827	 774	 1	 D	 774	 775	 4	 S	 
1828	 778	 1	 C	 778	 778	 2	 A	
1829	 703	 3	 C	 703	 779	 1	 B	
1830	 775	 1	 D	 775	 776	 4	 S	 
1831	 776	 1	 D	 776	 777	 4	 S	 
1832	 708	 5	 A	 708	 708	 74	 B	
1833	 688	 2	 D	 688	 779	 3	 S	 
1834	 689	 2	 P	 689	 689	 94	 A	 
1835	 781	 1	 C	 781	 781	 2	 B	
1836	 778	 1	 D	 778	 780	 3	 S	 
1837	 782	 1	 C	 782	 782	 2	 A	
1838	 689	 2	 C	 689	 783	 1	 B	
1839	 703	 3	 D	 703	 780	 4	 S	 
1840	 783	 1	 C	 783	 783	 2	 A	
1841	 781	 1	 D	 781	 783	 2	 S	 
1842	 709	 3	 A	 709	 709	 77	 B	
1843	 782	 1	 D	 782	 784	 2	 S	 
1844	 785	 1	 C	 785	 785	 2	 B	
1845	 689	 2	 D	 689	 784	 3	 S	 
1846	 692	 2	 P	 692	 692	 96	 A	 
1847	 786	 1	 C	 786	 786	 2	 B	
1848	 783	 1	 D	 783	 785	 3	 S	 
1849	 709	 3	 C	 709	 786	 3	 A	
1850	 692	 2	 C	 692	 788	 1	 B	
1851	 785	 1	 D	 785	 787	 2	 S	 
1852	 786	 1	 D	 786	 788	 2	 S	 
1853	 710	 5	 A	 710	 710	 81	 B	
1854	 709	 3	 D	 709	 789	 2	 S	 
1855	 696	 2	 P	 696	 696	 96	 A	 
1856	 692	 2	 D	 692	 789	 3	 S	 
1857	 696	 2	 C	 696	 792	 1	 A	
1858	 716	 5	 A	 716	 716	 77	 B	
1859	 540	 5	 Q	 540	 540	 253	 S	
1860	 792	 1	 C	 792	 792	 2	 A	
1861	 696	 2	 D	 696	 793	 1	 S	 
1862	 540	 5	 C	 540	 793	 2	 A	
1863	 727	 3	 A	 727	 727	 68	 B	
1864	 792	 1	 D	 792	 794	 1	 S	 
1865	 794	 1	 C	 794	 794	 2	 A	
1866	 727	 3	 C	 727	 795	 1	 B	
1867	 540	 5	 D	 540	 795	 1	 S	 
1868	 796	 1	 C	 796	 796	 1	 B	
1869	 794	 1	 D	 794	 796	 1	 S	 
1870	 797	 1	 C	 797	 797	 1	 B	
1871	 727	 3	 D	 727	 796	 2	 S	 
1872	 705	 2	 P	 705	 705	 94	 A	 
1873	 796	 1	 D	 796	 797	 2	 S	 
1874	 705	 2	 C	 705	 799	 1	 A	
1875	 729	 3	 A	 729	 729	 71	 B	
1876	 797	 1	 D	 797	 798	 2	 S	 
1877	 799	 1	 C	 799	 799	 2	 A	
1878	 800	 1	 C	 800	 800	 1	 B	
1879	 705	 2	 D	 705	 800	 1	 S	 
1880	 729	 3	 C	 729	 800	 2	 A	
1881	 799	 1	 D	 799	 801	 1	 S	 
1882	 747	 5	 A	 747	 747	 56	 B	
1883	 800	 1	 D	 800	 801	 2	 S	 
1884	 729	 3	 D	 729	 802	 2	 S	 
1885	 706	 2	 P	 706	 706	 99	 A	 
1886	 753	 3	 A	 753	 753	 52	 B	
1887	 541	 5	 Q	 541	 541	 264	 S	
1888	 706	 2	 C	 706	 805	 1	 A	
1889	 805	 1	 C	 805	 805	 1	 B	
1890	 552	 4	 Q	 552	 552	 254	 S	
1891	 753	 3	 C	 753	 805	 2	 A	
1892	 541	 5	 C	 541	 805	 2	 B	
1893	 706	 2	 D	 706	 806	 1	 S	 
1894	 552	 4	 C	 552	 806	 2	 A	
1895	 807	 1	 C	 807	 807	 1	 B	
1896	 805	 1	 D	 805	 806	 2	 S	 
1897	 753	 3	 D	 753	 807	 2	 S	 
1898	 756	 3	 A	 756	 756	 54	 B	
1899	 541	 5	 D	 541	 807	 3	 S	 
1900	 711	 4	 P	 711	 711	 100	 A	 
1901	 809	 1	 C	 809	 809	 2	 B	
1902	 552	 4	 D	 552	 808	 3	 S	 
1903	 810	 1	 C	 810	 810	 2	 A	
1904	 756	 3	 C	 756	 810	 2	 B	
1905	 807	 1	 D	 807	 808	 4	 S	 
1906	 811	 1	 C	 811	 811	 2	 A	
1907	 812	 1	 C	 812	 812	 1	 B	
1908	 809	 1	 D	 809	 811	 2	 S	 
1909	 813	 1	 C	 813	 813	 1	 A	
1910	 810	 1	 D	 810	 812	 2	 S	 
1911	 757	 3	 A	 757	 757	 58	 B	
1912	 756	 3	 D	 756	 812	 3	 S	 
1913	 815	 1	 C	 815	 815	 1	 B	
1914	 811	 1	 D	 811	 813	 3	 S	 
1915	 717	 2	 P	 717	 717	 100	 A	 
1916	 757	 3	 C	 757	 815	 2	 B	
1917	 812	 1	 D	 812	 813	 4	 S	 
1918	 717	 2	 C	 717	 817	 1	 A	
1919	 813	 1	 D	 813	 814	 4	 S	 
1920	 761	 5	 A	 761	 761	 58	 B	
1921	 815	 1	 D	 815	 816	 3	 S	 
1922	 818	 1	 C	 818	 818	 2	 B	
1923	 757	 3	 D	 757	 817	 3	 S	 
1924	 718	 2	 P	 718	 718	 103	 A	 
1925	 820	 1	 C	 820	 820	 1	 B	
1926	 717	 2	 D	 717	 818	 3	 S	 
1927	 718	 2	 C	 718	 821	 1	 A	
1928	 821	 1	 C	 821	 821	 1	 B	
1929	 818	 1	 D	 818	 820	 2	 S	 
1930	 822	 1	 C	 822	 822	 1	 B	
1931	 820	 1	 D	 820	 821	 2	 S	 
1932	 823	 1	 C	 823	 823	 1	 B	
1933	 718	 2	 D	 718	 822	 2	 S	 
1934	 721	 2	 P	 721	 721	 104	 A	 
1935	 821	 1	 D	 821	 822	 3	 S	 
1936	 721	 2	 C	 721	 825	 1	 A	
1937	 770	 3	 A	 770	 770	 56	 B	
1938	 822	 1	 D	 822	 823	 3	 S	 
1939	 825	 1	 C	 825	 825	 2	 A	
1940	 826	 1	 C	 826	 826	 1	 B	
1941	 823	 1	 D	 823	 824	 3	 S	 
1942	 770	 3	 C	 770	 826	 2	 A	
1943	 721	 2	 D	 721	 826	 2	 S	 
1944	 828	 1	 C	 828	 828	 1	 A	
1945	 777	 3	 A	 777	 777	 52	 B	
1946	 825	 1	 D	 825	 827	 2	 S	 
1947	 829	 1	 C	 829	 829	 1	 A	
1948	 777	 3	 C	 777	 829	 1	 B	
1949	 826	 1	 D	 826	 827	 3	 S	 
1950	 770	 3	 D	 770	 828	 3	 S	 
1951	 779	 3	 A	 779	 779	 53	 B	
1952	 828	 1	 D	 828	 829	 3	 S	 
1953	 722	 4	 P	 722	 722	 111	 A	 
1954	 831	 1	 C	 831	 831	 2	 B	
1955	 829	 1	 D	 829	 830	 3	 S	 
1956	 779	 3	 C	 779	 832	 2	 A	
1957	 777	 3	 D	 777	 830	 4	 S	 
1958	 834	 1	 C	 834	 834	 1	 A	
1959	 784	 3	 A	 784	 784	 51	 B	
1960	 831	 1	 D	 831	 833	 2	 S	 
1961	 784	 3	 C	 784	 835	 1	 A	
1962	 779	 3	 D	 779	 834	 2	 S	 
1963	 787	 3	 A	 787	 787	 50	 B	
1964	 836	 1	 C	 836	 836	 1	 A	
1965	 834	 1	 D	 834	 835	 2	 S	 
1966	 787	 3	 C	 787	 837	 1	 B	
1967	 784	 3	 D	 784	 836	 2	 S	 
1968	 836	 1	 D	 836	 837	 2	 S	 
1969	 788	 3	 A	 788	 788	 52	 B	
1970	 723	 2	 P	 723	 723	 117	 A	 
1971	 787	 3	 D	 787	 838	 2	 S	 
1972	 788	 3	 C	 788	 840	 1	 A	
1973	 839	 1	 C	 839	 839	 2	 B	
1974	 553	 4	 Q	 553	 553	 288	 S	
1975	 723	 2	 C	 723	 840	 2	 A	
1976	 840	 1	 C	 840	 840	 2	 B	
1977	 788	 3	 D	 788	 841	 1	 S	 
1978	 553	 4	 C	 553	 841	 2	 A	
1979	 842	 1	 C	 842	 842	 1	 B	
1980	 839	 1	 D	 839	 841	 2	 S	 
1981	 723	 2	 D	 723	 842	 2	 S	 
1982	 789	 3	 A	 789	 789	 56	 B	
1983	 840	 1	 D	 840	 842	 3	 S	 
1984	 726	 2	 P	 726	 726	 120	 A	 
1985	 844	 1	 C	 844	 844	 2	 B	
1986	 553	 4	 D	 553	 843	 3	 S	 
1987	 789	 3	 C	 789	 845	 2	 A	
1988	 726	 2	 C	 726	 846	 1	 B	
1989	 842	 1	 D	 842	 843	 4	 S	 
1990	 847	 1	 C	 847	 847	 1	 A	
1991	 844	 1	 D	 844	 846	 2	 S	 
1992	 790	 3	 A	 790	 790	 59	 B	
1993	 789	 3	 D	 789	 847	 2	 S	 
1994	 849	 1	 C	 849	 849	 1	 B	
1995	 726	 2	 D	 726	 847	 3	 S	 
1996	 731	 2	 P	 731	 731	 120	 A	 
1997	 790	 3	 C	 790	 849	 2	 B	
1998	 847	 1	 D	 847	 848	 3	 S	 
1999	 850	 1	 C	 850	 850	 2	 A	
2000	 731	 2	 C	 731	 851	 1	 B	
2001	 849	 1	 D	 849	 850	 2	 S	 
2002	 790	 3	 D	 790	 851	 2	 S	 
2003	 791	 3	 A	 791	 791	 63	 B	
2004	 850	 1	 D	 850	 852	 2	 S	 
2005	 739	 4	 P	 739	 739	 116	 A	 
2006	 791	 3	 C	 791	 854	 1	 B	
2007	 731	 2	 D	 731	 852	 3	 S	 
2008	 791	 3	 D	 791	 855	 1	 S	 
2009	 795	 3	 A	 795	 795	 62	 B	
2010	 556	 4	 Q	 556	 556	 301	 S	
2011	 740	 2	 P	 740	 740	 118	 A	 
2012	 856	 1	 C	 856	 856	 2	 B	
2013	 575	 5	 Q	 575	 575	 283	 S	
2014	 795	 3	 C	 795	 857	 2	 A	
2015	 857	 1	 C	 857	 857	 2	 B	
2016	 856	 1	 D	 856	 858	 1	 S	 
2017	 556	 4	 C	 556	 857	 3	 A	
2018	 740	 2	 C	 740	 858	 2	 B	
2019	 795	 3	 D	 795	 859	 1	 S	 
2020	 858	 1	 C	 858	 858	 3	 A	
2021	 575	 5	 C	 575	 858	 3	 B	
2022	 857	 1	 D	 857	 859	 2	 S	 
2023	 860	 1	 C	 860	 860	 2	 A	
2024	 556	 4	 D	 556	 860	 2	 S	 
2025	 798	 3	 A	 798	 798	 65	 B	
2026	 740	 2	 D	 740	 860	 3	 S	 
2027	 798	 3	 C	 798	 863	 1	 B	
2028	 858	 1	 D	 858	 861	 3	 S	 
2029	 742	 2	 P	 742	 742	 123	 A	 
2030	 863	 1	 C	 863	 863	 2	 B	
2031	 575	 5	 D	 575	 861	 4	 S	 
2032	 742	 2	 C	 742	 865	 1	 A	
2033	 860	 1	 D	 860	 862	 4	 S	 
2034	 801	 3	 A	 801	 801	 66	 B	
2035	 798	 3	 D	 798	 864	 3	 S	 
2036	 801	 3	 C	 801	 867	 1	 B	
2037	 863	 1	 D	 863	 865	 3	 S	 
2038	 748	 2	 P	 748	 748	 121	 A	 
2039	 867	 1	 C	 867	 867	 2	 B	
2040	 742	 2	 D	 742	 866	 3	 S	 
2041	 868	 1	 C	 868	 868	 2	 A	
2042	 748	 2	 C	 748	 869	 1	 B	
2043	 801	 3	 D	 801	 868	 2	 S	 
2044	 870	 1	 C	 870	 870	 1	 B	
2045	 867	 1	 D	 867	 869	 2	 S	 
2046	 871	 1	 C	 871	 871	 1	 B	
2047	 868	 1	 D	 868	 870	 2	 S	 
2048	 750	 2	 P	 750	 750	 123	 A	 
2049	 872	 1	 C	 872	 872	 1	 B	
2050	 748	 2	 D	 748	 870	 3	 S	 
2051	 750	 2	 C	 750	 873	 1	 A	
2052	 870	 1	 D	 870	 871	 3	 S	 
2053	 806	 3	 A	 806	 806	 69	 B	
2054	 871	 1	 D	 871	 872	 3	 S	 
2055	 874	 1	 C	 874	 874	 2	 B	
2056	 872	 1	 D	 872	 873	 3	 S	 
2057	 752	 4	 P	 752	 752	 125	 A	 
2058	 806	 3	 C	 806	 875	 2	 B	
2059	 750	 2	 D	 750	 874	 3	 S	 
2060	 876	 1	 C	 876	 876	 2	 A	
2061	 877	 1	 C	 877	 877	 1	 B	
2062	 874	 1	 D	 874	 876	 2	 S	 
2063	 878	 1	 C	 878	 878	 1	 B	
2064	 806	 3	 D	 806	 877	 2	 S	 
2065	 876	 1	 D	 876	 878	 2	 S	 
2066	 762	 4	 P	 762	 762	 119	 A	 
2067	 808	 3	 A	 808	 808	 73	 B	
2068	 877	 1	 D	 877	 878	 3	 S	 
2069	 880	 1	 C	 880	 880	 2	 A	
2070	 881	 1	 C	 881	 881	 1	 B	
2071	 878	 1	 D	 878	 879	 3	 S	 
2072	 808	 3	 C	 808	 881	 2	 A	
2073	 880	 1	 D	 880	 882	 1	 S	 
2074	 814	 3	 A	 814	 814	 70	 B	
2075	 881	 1	 D	 881	 882	 2	 S	 
2076	 884	 1	 C	 884	 884	 1	 B	
2077	 808	 3	 D	 808	 883	 2	 S	 
2078	 763	 2	 P	 763	 763	 123	 A	 
2079	 814	 3	 C	 814	 884	 2	 B	
2080	 884	 1	 D	 884	 885	 1	 S	 
2081	 763	 2	 C	 763	 886	 1	 A	
2082	 814	 3	 D	 814	 886	 1	 S	 
2083	 816	 5	 A	 816	 816	 72	 B	
2084	 763	 2	 D	 763	 887	 1	 S	 
2085	 888	 1	 C	 888	 888	 1	 B	
2086	 579	 4	 Q	 579	 579	 310	 S	
2087	 764	 2	 P	 764	 764	 126	 A	 
2088	 889	 1	 C	 889	 889	 1	 B	
2089	 888	 1	 D	 888	 889	 1	 S	 
2090	 579	 4	 C	 579	 889	 2	 A	
2091	 764	 2	 C	 764	 890	 1	 B	
2092	 889	 1	 D	 889	 890	 1	 S	 
2093	 579	 4	 D	 579	 891	 1	 S	 
2094	 817	 5	 A	 817	 817	 76	 B	
2095	 764	 2	 D	 764	 891	 2	 S	 
2096	 773	 2	 P	 773	 773	 121	 A	 
2097	 893	 1	 C	 893	 893	 1	 B	
2098	 589	 4	 Q	 589	 589	 305	 S	
2099	 773	 2	 C	 773	 894	 1	 A	
2100	 894	 1	 C	 894	 894	 1	 B	
2101	 893	 1	 D	 893	 894	 1	 S	 
2102	 589	 4	 C	 589	 894	 2	 A	
2103	 895	 1	 C	 895	 895	 1	 B	
2104	 773	 2	 D	 773	 895	 1	 S	 
2105	 896	 1	 C	 896	 896	 1	 B	
2106	 894	 1	 D	 894	 895	 2	 S	 
2107	 589	 4	 D	 589	 896	 2	 S	 
2108	 780	 2	 P	 780	 780	 119	 A	 
2109	 824	 3	 A	 824	 824	 75	 B	
2110	 895	 1	 D	 895	 896	 3	 S	 
2111	 898	 1	 C	 898	 898	 2	 A	
2112	 780	 2	 C	 780	 899	 1	 B	
2113	 896	 1	 D	 896	 897	 3	 S	 
2114	 899	 1	 C	 899	 899	 2	 A	
2115	 824	 3	 C	 824	 899	 2	 B	
2116	 898	 1	 D	 898	 900	 1	 S	 
2117	 780	 2	 D	 780	 900	 2	 S	 
2118	 830	 3	 A	 830	 830	 73	 B	
2119	 899	 1	 D	 899	 901	 2	 S	 
2120	 793	 2	 P	 793	 793	 111	 A	 
2121	 902	 1	 C	 902	 902	 2	 B	
2122	 824	 3	 D	 824	 901	 3	 S	 
2123	 830	 3	 C	 830	 903	 2	 A	
2124	 793	 2	 C	 793	 904	 1	 B	
2125	 902	 1	 D	 902	 904	 1	 S	 
2126	 904	 1	 C	 904	 904	 2	 A	
2127	 905	 1	 C	 905	 905	 1	 B	
2128	 830	 3	 D	 830	 905	 1	 S	 
2129	 793	 2	 D	 793	 905	 2	 S	 
2130	 837	 3	 A	 837	 837	 71	 B	
2131	 904	 1	 D	 904	 906	 2	 S	 
2132	 802	 2	 P	 802	 802	 107	 A	 
2133	 907	 1	 C	 907	 907	 2	 B	
2134	 905	 1	 D	 905	 906	 3	 S	 
2135	 837	 3	 C	 837	 908	 2	 A	
2136	 802	 2	 C	 802	 909	 1	 B	
2137	 907	 1	 D	 907	 909	 1	 S	 
2138	 909	 1	 C	 909	 909	 2	 A	
2139	 837	 3	 D	 837	 910	 1	 S	 
2140	 851	 5	 A	 851	 851	 61	 B	
2141	 802	 2	 D	 802	 910	 2	 S	 
2142	 911	 1	 C	 911	 911	 2	 B	
2143	 909	 1	 D	 909	 911	 2	 S	 
2144	 803	 2	 P	 803	 803	 111	 A	 
2145	 911	 1	 D	 911	 913	 1	 S	 
2146	 803	 2	 C	 803	 914	 1	 A	
2147	 852	 3	 A	 852	 852	 63	 B	
2148	 593	 4	 Q	 593	 593	 322	 S	
2149	 852	 3	 C	 852	 915	 1	 B	
2150	 803	 2	 D	 803	 915	 1	 S	 
2151	 593	 4	 C	 593	 915	 2	 B	
2152	 852	 3	 D	 852	 916	 1	 S	 
2153	 804	 2	 P	 804	 804	 114	 A	 
2154	 593	 4	 D	 593	 917	 1	 S	 
2155	 804	 2	 C	 804	 918	 1	 A	
2156	 853	 3	 A	 853	 853	 66	 B	
2157	 596	 5	 Q	 596	 596	 323	 S	
2158	 918	 1	 C	 918	 918	 2	 A	
2159	 853	 3	 C	 853	 919	 1	 B	
2160	 804	 2	 D	 804	 919	 1	 S	 
2161	 596	 5	 C	 596	 919	 2	 A	
2162	 918	 1	 D	 918	 920	 1	 S	 
2163	 855	 3	 A	 855	 855	 67	 B	
2164	 853	 3	 D	 853	 920	 2	 S	 
2165	 921	 1	 C	 921	 921	 2	 B	
2166	 596	 5	 D	 596	 921	 2	 S	 
2167	 819	 2	 P	 819	 819	 105	 A	 
2168	 855	 3	 C	 855	 922	 2	 B	
2169	 921	 1	 D	 921	 923	 1	 S	 
2170	 923	 1	 C	 923	 923	 2	 A	
2171	 819	 2	 C	 819	 924	 1	 B	
2172	 855	 3	 D	 855	 924	 1	 S	 
2173	 925	 1	 C	 925	 925	 1	 B	
2174	 924	 1	 C	 924	 924	 2	 A	
2175	 923	 1	 D	 923	 925	 1	 S	 
2176	 926	 1	 C	 926	 926	 1	 B	
2177	 819	 2	 D	 819	 925	 2	 S	 
2178	 927	 1	 C	 927	 927	 1	 B	
2179	 925	 1	 D	 925	 926	 2	 S	 
2180	 827	 2	 P	 827	 827	 102	 A	 
2181	 924	 1	 D	 924	 926	 3	 S	 
2182	 865	 5	 A	 865	 865	 65	 B	
2183	 827	 2	 C	 827	 929	 1	 A	
2184	 926	 1	 D	 926	 927	 3	 S	 
2185	 929	 1	 C	 929	 929	 2	 B	
2186	 930	 1	 C	 930	 930	 1	 A	
2187	 927	 1	 D	 927	 928	 3	 S	 
2188	 827	 2	 D	 827	 930	 2	 S	 
2189	 866	 3	 A	 866	 866	 67	 B	
2190	 929	 1	 D	 929	 931	 2	 S	 
2191	 832	 2	 P	 832	 832	 102	 A	 
2192	 932	 1	 C	 932	 932	 2	 B	
2193	 930	 1	 D	 930	 931	 3	 S	 
2194	 832	 2	 C	 832	 934	 1	 B	
2195	 866	 3	 C	 866	 933	 2	 A	
2196	 932	 1	 D	 932	 934	 1	 S	 
2197	 832	 2	 D	 832	 935	 1	 S	 
2198	 875	 5	 A	 875	 875	 62	 B	
2199	 866	 3	 D	 866	 935	 2	 S	 
2200	 833	 2	 P	 833	 833	 105	 A	 
2201	 936	 1	 C	 936	 936	 2	 B	
2202	 622	 5	 Q	 622	 622	 316	 S	
2203	 833	 2	 C	 833	 938	 1	 A	
2204	 936	 1	 D	 936	 938	 1	 S	 
2205	 882	 3	 A	 882	 882	 58	 B	
2206	 622	 5	 C	 622	 938	 2	 A	
2207	 833	 2	 D	 833	 939	 1	 S	 
2208	 882	 3	 C	 882	 940	 1	 B	
2209	 622	 5	 D	 622	 940	 1	 S	 
2210	 882	 3	 D	 882	 941	 1	 S	 
2211	 835	 4	 P	 835	 835	 108	 A	 
2212	 886	 5	 A	 886	 886	 57	 B	
2213	 650	 5	 Q	 650	 650	 293	 S	
2214	 661	 4	 Q	 661	 661	 283	 S	
2215	 887	 3	 A	 887	 887	 58	 B	
2216	 668	 5	 Q	 668	 668	 277	 S	
2217	 838	 4	 P	 838	 838	 108	 A	 
2218	 650	 5	 C	 650	 943	 3	 B	
2219	 672	 5	 Q	 672	 672	 274	 S	
2220	 944	 1	 C	 944	 944	 3	 A	
2221	 661	 4	 C	 661	 944	 3	 B	
2222	 650	 5	 D	 650	 946	 1	 S	 
2223	 945	 1	 C	 945	 945	 3	 A	
2224	 887	 3	 C	 887	 945	 3	 B	
2225	 944	 1	 D	 944	 947	 1	 S	 
2226	 668	 5	 C	 668	 945	 4	 A	
2227	 672	 5	 C	 672	 946	 3	 B	
2228	 661	 4	 D	 661	 947	 2	 S	 
2229	 947	 1	 C	 947	 947	 3	 A	
2230	 945	 1	 D	 945	 948	 2	 S	 
2231	 897	 3	 A	 897	 897	 54	 B	
2232	 950	 1	 C	 950	 950	 1	 A	
2233	 887	 3	 D	 887	 948	 3	 S	 
2234	 897	 3	 C	 897	 951	 1	 B	
2235	 951	 1	 C	 951	 951	 1	 A	
2236	 668	 5	 D	 668	 949	 3	 S	 
2237	 672	 5	 D	 672	 949	 4	 S	 
2238	 900	 3	 A	 900	 900	 54	 B	
2239	 947	 1	 D	 947	 950	 4	 S	 
2240	 841	 2	 P	 841	 841	 114	 A	 
2241	 900	 3	 C	 900	 954	 1	 B	
2242	 950	 1	 D	 950	 951	 4	 S	 
2243	 955	 1	 C	 955	 955	 1	 B	
2244	 841	 2	 C	 841	 955	 1	 A	
2245	 897	 3	 D	 897	 952	 4	 S	 
2246	 956	 1	 C	 956	 956	 1	 B	
2247	 951	 1	 D	 951	 952	 5	 S	 
2248	 957	 1	 C	 957	 957	 1	 B	
2249	 900	 3	 D	 900	 955	 3	 S	 
2250	 843	 2	 P	 843	 843	 116	 A	 
2251	 955	 1	 D	 955	 956	 3	 S	 
2252	 843	 2	 C	 843	 959	 1	 A	
2253	 906	 3	 A	 906	 906	 54	 B	
2254	 841	 2	 D	 841	 956	 4	 S	 
2255	 906	 3	 C	 906	 960	 1	 A	
2256	 956	 1	 D	 956	 957	 4	 S	 
2257	 908	 3	 A	 908	 908	 54	 B	
2258	 961	 1	 C	 961	 961	 1	 A	
2259	 957	 1	 D	 957	 958	 4	 S	 
2260	 908	 3	 C	 908	 962	 1	 B	
2261	 962	 1	 C	 962	 962	 1	 A	
2262	 843	 2	 D	 843	 960	 3	 S	 
2263	 963	 1	 C	 963	 963	 1	 B	
2264	 906	 3	 D	 906	 961	 3	 S	 
2265	 961	 1	 D	 961	 962	 3	 S	 
2266	 912	 3	 A	 912	 912	 54	 B	
2267	 845	 2	 P	 845	 845	 121	 A	 
2268	 908	 3	 D	 908	 963	 3	 S	 
2269	 912	 3	 C	 912	 966	 1	 B	
2270	 845	 2	 C	 845	 966	 1	 A	
2271	 962	 1	 D	 962	 963	 4	 S	 
2272	 967	 1	 C	 967	 967	 1	 B	
2273	 963	 1	 D	 963	 964	 4	 S	 
2274	 968	 1	 C	 968	 968	 1	 B	
2275	 912	 3	 D	 912	 967	 2	 S	 
2276	 846	 2	 P	 846	 846	 124	 A	 
2277	 845	 2	 D	 845	 967	 3	 S	 
2278	 970	 1	 C	 970	 970	 1	 A	
2279	 913	 3	 A	 913	 913	 58	 B	
2280	 967	 1	 D	 967	 968	 3	 S	 
2281	 846	 2	 C	 846	 970	 2	 A	
2282	 971	 1	 C	 971	 971	 1	 B	
2283	 968	 1	 D	 968	 969	 3	 S	 
2284	 913	 3	 C	 913	 971	 2	 A	
2285	 972	 1	 C	 972	 972	 1	 B	
2286	 970	 1	 D	 970	 971	 2	 S	 
2287	 973	 1	 C	 973	 973	 1	 A	
2288	 846	 2	 D	 846	 972	 2	 S	 
2289	 915	 3	 A	 915	 915	 60	 B	
2290	 974	 1	 C	 974	 974	 1	 A	
2291	 971	 1	 D	 971	 972	 3	 S	 
2292	 915	 3	 C	 915	 975	 1	 B	
2293	 913	 3	 D	 913	 973	 3	 S	 
2294	 976	 1	 C	 976	 976	 1	 B	
2295	 972	 1	 D	 972	 973	 4	 S	 
2296	 848	 2	 P	 848	 848	 130	 A	 
2297	 977	 1	 C	 977	 977	 1	 B	
2298	 973	 1	 D	 973	 974	 4	 S	 
2299	 978	 1	 C	 978	 978	 1	 A	
2300	 848	 2	 C	 848	 978	 1	 B	
2301	 974	 1	 D	 974	 975	 4	 S	 
2302	 979	 1	 C	 979	 979	 1	 A	
2303	 915	 3	 D	 915	 976	 4	 S	 
2304	 980	 1	 C	 980	 980	 1	 A	
2305	 928	 3	 A	 928	 928	 53	 B	
2306	 976	 1	 D	 976	 977	 4	 S	 
2307	 928	 3	 C	 928	 981	 1	 A	
2308	 977	 1	 D	 977	 978	 4	 S	 
2309	 937	 5	 A	 937	 937	 46	 B	
2310	 982	 1	 C	 982	 982	 1	 A	
2311	 978	 1	 D	 978	 979	 4	 S	 
2312	 983	 1	 C	 983	 983	 1	 B	
2313	 848	 2	 D	 848	 979	 5	 S	 
2314	 979	 1	 D	 979	 980	 5	 S	 
2315	 854	 2	 P	 854	 854	 132	 A	 
2316	 938	 3	 A	 938	 938	 48	 B	
2317	 980	 1	 D	 980	 981	 5	 S	 
2318	 854	 2	 C	 854	 986	 1	 A	
2319	 938	 3	 C	 938	 986	 1	 B	
2320	 928	 3	 D	 928	 982	 5	 S	 
2321	 982	 1	 D	 982	 983	 5	 S	 
2322	 939	 3	 A	 939	 939	 50	 B	
2323	 983	 1	 D	 983	 984	 5	 S	 
2324	 859	 2	 P	 859	 859	 131	 A	 
2325	 939	 3	 C	 939	 989	 1	 B	
2326	 854	 2	 D	 854	 987	 3	 S	 
2327	 989	 1	 C	 989	 989	 2	 A	
2328	 859	 2	 C	 859	 990	 1	 B	
2329	 938	 3	 D	 938	 987	 4	 S	 
2330	 939	 3	 D	 939	 990	 2	 S	 
2331	 943	 3	 A	 943	 943	 50	 B	
2332	 989	 1	 D	 989	 991	 2	 S	 
2333	 861	 4	 P	 861	 861	 133	 A	 
2334	 943	 3	 C	 943	 993	 1	 B	
2335	 859	 2	 D	 859	 991	 3	 S	 
2336	 994	 1	 C	 994	 994	 1	 B	
2337	 943	 3	 D	 943	 994	 1	 S	 
2338	 994	 1	 D	 994	 995	 1	 S	 
2339	 862	 2	 P	 862	 862	 135	 A	 
2340	 948	 3	 A	 948	 948	 49	 B	
2341	 680	 5	 Q	 680	 680	 317	 S	
2342	 862	 2	 C	 862	 997	 1	 A	
2343	 948	 3	 C	 948	 997	 1	 B	
2344	 701	 5	 Q	 701	 701	 297	 S	
2345	 680	 5	 C	 680	 997	 2	 A	
2346	 862	 2	 D	 862	 998	 1	 S	 
2347	 701	 5	 C	 701	 998	 2	 A	
2348	 952	 3	 A	 952	 952	 48	 B	
2349	 948	 3	 D	 948	 998	 2	 S	 
2350	 1000	 1	 C	 1000	 1000	 1	 A	
2351	 952	 3	 C	 952	 1000	 1	 B	
2352	 680	 5	 D	 680	 999	 2	 S	 
2353	 701	 5	 D	 701	 1000	 2	 S	 
2354	 954	 3	 A	 954	 954	 49	 B	
2355	 1000	 1	 D	 1000	 1001	 2	 S	 
2356	 864	 4	 P	 864	 864	 140	 A	 
2357	 954	 3	 C	 954	 1003	 1	 B	
2358	 952	 3	 D	 952	 1001	 3	 S	 
2359	 1004	 1	 C	 1004	 1004	 1	 B	
2360	 954	 3	 D	 954	 1004	 1	 S	 
2361	 1004	 1	 D	 1004	 1005	 1	 S	 
2362	 869	 2	 P	 869	 869	 138	 A	 
2363	 959	 5	 A	 959	 959	 48	 B	
2364	 708	 5	 Q	 708	 708	 299	 S	
2365	 1006	 1	 C	 1006	 1006	 2	 A	
2366	 869	 2	 C	 869	 1007	 1	 B	
2367	 710	 5	 Q	 710	 710	 298	 S	
2368	 708	 5	 C	 708	 1007	 2	 A	
2369	 1006	 1	 D	 1006	 1008	 1	 S	 
2370	 710	 5	 C	 710	 1008	 2	 A	
2371	 960	 3	 A	 960	 960	 50	 B	
2372	 869	 2	 D	 869	 1008	 2	 S	 
2373	 1009	 1	 C	 1009	 1009	 2	 A	
2374	 1010	 1	 C	 1010	 1010	 1	 B	
2375	 708	 5	 D	 708	 1009	 2	 S	 
2376	 960	 3	 C	 960	 1010	 2	 A	
2377	 1011	 1	 C	 1011	 1011	 1	 B	
2378	 710	 5	 D	 710	 1010	 2	 S	 
2379	 1009	 1	 D	 1009	 1011	 2	 S	 
2380	 964	 3	 A	 964	 964	 50	 B	
2381	 1010	 1	 D	 1010	 1011	 3	 S	 
2382	 873	 2	 P	 873	 873	 142	 A	 
2383	 1014	 1	 C	 1014	 1014	 1	 B	
2384	 960	 3	 D	 960	 1012	 3	 S	 
2385	 964	 3	 C	 964	 1014	 2	 A	
2386	 873	 2	 C	 873	 1015	 1	 B	
2387	 1011	 1	 D	 1011	 1012	 4	 S	 
2388	 1015	 1	 C	 1015	 1015	 2	 A	
2389	 1014	 1	 D	 1014	 1015	 2	 S	 
2390	 966	 3	 A	 966	 966	 52	 B	
2391	 964	 3	 D	 964	 1016	 2	 S	 
2392	 966	 3	 C	 966	 1018	 1	 B	
2393	 873	 2	 D	 873	 1016	 3	 S	 
2394	 879	 2	 P	 879	 879	 141	 A	 
2395	 1019	 1	 C	 1019	 1019	 1	 B	
2396	 1015	 1	 D	 1015	 1017	 3	 S	 
2397	 879	 2	 C	 879	 1020	 1	 A	
2398	 1020	 1	 C	 1020	 1020	 1	 B	
2399	 966	 3	 D	 966	 1019	 2	 S	 
2400	 1019	 1	 D	 1019	 1020	 2	 S	 
2401	 984	 3	 A	 984	 984	 39	 B	
2402	 879	 2	 D	 879	 1021	 2	 S	 
2403	 883	 2	 P	 883	 883	 141	 A	 
2404	 1022	 1	 C	 1022	 1022	 2	 B	
2405	 1020	 1	 D	 1020	 1021	 3	 S	 
2406	 984	 3	 C	 984	 1023	 2	 A	
2407	 883	 2	 C	 883	 1024	 1	 B	
2408	 1022	 1	 D	 1022	 1024	 1	 S	 
2409	 1024	 1	 C	 1024	 1024	 2	 A	
2410	 984	 3	 D	 984	 1025	 1	 S	 
2411	 985	 5	 A	 985	 985	 42	 B	
2412	 883	 2	 D	 883	 1025	 2	 S	 
2413	 1027	 1	 C	 1027	 1027	 1	 B	
2414	 1024	 1	 D	 1024	 1026	 2	 S	 
2415	 885	 4	 P	 885	 885	 144	 A	 
2416	 1027	 1	 D	 1027	 1028	 1	 S	 
2417	 990	 3	 A	 990	 990	 40	 B	
2418	 711	 4	 Q	 711	 711	 319	 S	
2419	 990	 3	 C	 990	 1030	 1	 B	
2420	 716	 5	 Q	 716	 716	 315	 S	
2421	 890	 4	 P	 890	 890	 142	 A	 
2422	 711	 4	 C	 711	 1030	 2	 B	
2423	 990	 3	 D	 990	 1031	 1	 S	 
2424	 1031	 1	 C	 1031	 1031	 2	 A	
2425	 716	 5	 C	 716	 1031	 2	 B	
2426	 711	 4	 D	 711	 1032	 1	 S	 
2427	 1031	 1	 D	 1031	 1033	 1	 S	 
2428	 992	 5	 A	 992	 992	 43	 B	
2429	 716	 5	 D	 716	 1033	 2	 S	 
2430	 891	 2	 P	 891	 891	 145	 A	 
2431	 1034	 1	 C	 1034	 1034	 2	 B	
2432	 722	 4	 Q	 722	 722	 314	 S	
2433	 1035	 1	 C	 1035	 1035	 2	 A	
2434	 891	 2	 C	 891	 1036	 1	 B	
2435	 1034	 1	 D	 1034	 1036	 1	 S	 
2436	 1036	 1	 C	 1036	 1036	 2	 A	
2437	 722	 4	 C	 722	 1036	 2	 B	
2438	 1035	 1	 D	 1035	 1037	 1	 S	 
2439	 891	 2	 D	 891	 1037	 2	 S	 
2440	 996	 3	 A	 996	 996	 44	 B	
2441	 1036	 1	 D	 1036	 1038	 2	 S	 
2442	 892	 2	 P	 892	 892	 149	 A	 
2443	 996	 3	 C	 996	 1040	 1	 B	
2444	 722	 4	 D	 722	 1038	 3	 S	 
2445	 1040	 1	 C	 1040	 1040	 2	 A	
2446	 892	 2	 C	 892	 1041	 1	 B	
2447	 996	 3	 D	 996	 1041	 1	 S	 
2448	 1040	 1	 D	 1040	 1042	 1	 S	 
2449	 997	 3	 A	 997	 997	 47	 B	
2450	 892	 2	 D	 892	 1042	 2	 S	 
2451	 901	 2	 P	 901	 901	 144	 A	 
2452	 1043	 1	 C	 1043	 1043	 2	 B	
2453	 739	 4	 Q	 739	 739	 306	 S	
2454	 997	 3	 C	 997	 1044	 2	 A	
2455	 1044	 1	 C	 1044	 1044	 2	 B	
2456	 1043	 1	 D	 1043	 1045	 1	 S	 
2457	 901	 2	 C	 901	 1045	 2	 A	
2458	 1045	 1	 C	 1045	 1045	 2	 B	
2459	 997	 3	 D	 997	 1046	 1	 S	 
2460	 739	 4	 C	 739	 1045	 3	 A	
2461	 1047	 1	 C	 1047	 1047	 1	 B	
2462	 1044	 1	 D	 1044	 1046	 2	 S	 
2463	 901	 2	 D	 901	 1047	 2	 S	 
2464	 999	 3	 A	 999	 999	 51	 B	
2465	 1045	 1	 D	 1045	 1047	 3	 S	 
2466	 903	 2	 P	 903	 903	 148	 A	 
2467	 999	 3	 C	 999	 1050	 1	 B	
2468	 739	 4	 D	 739	 1048	 3	 S	 
2469	 903	 2	 C	 903	 1051	 1	 A	
2470	 1051	 1	 C	 1051	 1051	 1	 B	
2471	 1047	 1	 D	 1047	 1048	 4	 S	 
2472	 1052	 1	 C	 1052	 1052	 1	 B	
2473	 999	 3	 D	 999	 1051	 2	 S	 
2474	 1053	 1	 C	 1053	 1053	 1	 B	
2475	 903	 2	 D	 903	 1052	 2	 S	 
2476	 910	 2	 P	 910	 910	 145	 A	 
2477	 1051	 1	 D	 1051	 1052	 3	 S	 
2478	 910	 2	 C	 910	 1055	 1	 A	
2479	 1005	 3	 A	 1005	 1005	 51	 B	
2480	 1052	 1	 D	 1052	 1053	 3	 S	 
2481	 1056	 1	 C	 1056	 1056	 1	 B	
2482	 1053	 1	 D	 1053	 1054	 3	 S	 
2483	 1005	 3	 C	 1005	 1056	 2	 B	
2484	 910	 2	 D	 910	 1056	 2	 S	 
2485	 914	 2	 P	 914	 914	 145	 A	 
2486	 1057	 1	 C	 1057	 1057	 2	 B	
2487	 1056	 1	 D	 1056	 1057	 2	 S	 
2488	 1058	 1	 C	 1058	 1058	 2	 A	
2489	 914	 2	 C	 914	 1059	 1	 B	
2490	 1005	 3	 D	 1005	 1058	 2	 S	 
2491	 1059	 1	 C	 1059	 1059	 2	 A	
2492	 1060	 1	 C	 1060	 1060	 1	 B	
2493	 1057	 1	 D	 1057	 1059	 2	 S	 
2494	 1061	 1	 C	 1061	 1061	 1	 B	
2495	 1058	 1	 D	 1058	 1060	 2	 S	 
2496	 1062	 1	 C	 1062	 1062	 1	 B	
2497	 914	 2	 D	 914	 1060	 3	 S	 
2498	 916	 2	 P	 916	 916	 148	 A	 
2499	 1059	 1	 D	 1059	 1061	 3	 S	 
2500	 916	 2	 C	 916	 1064	 1	 A	
2501	 1012	 5	 A	 1012	 1012	 53	 B	
2502	 1060	 1	 D	 1060	 1061	 4	 S	 
2503	 1064	 1	 C	 1064	 1064	 2	 A	
2504	 1061	 1	 D	 1061	 1062	 4	 S	 
2505	 1018	 3	 A	 1018	 1018	 49	 B	
2506	 1062	 1	 D	 1062	 1063	 4	 S	 
2507	 1066	 1	 C	 1066	 1066	 2	 B	
2508	 916	 2	 D	 916	 1065	 3	 S	 
2509	 917	 4	 P	 917	 917	 152	 A	 
2510	 1018	 3	 C	 1018	 1067	 2	 B	
2511	 1064	 1	 D	 1064	 1066	 3	 S	 
2512	 1066	 1	 D	 1066	 1068	 2	 S	 
2513	 1025	 5	 A	 1025	 1025	 46	 B	
2514	 1018	 3	 D	 1018	 1069	 2	 S	 
2515	 919	 4	 P	 919	 919	 153	 A	 
2516	 1070	 1	 C	 1070	 1070	 2	 B	
2517	 747	 5	 Q	 747	 747	 325	 S	
2518	 1070	 1	 D	 1070	 1072	 1	 S	 
2519	 1026	 5	 A	 1026	 1026	 48	 B	
2520	 752	 4	 Q	 752	 752	 322	 S	
2521	 920	 2	 P	 920	 920	 155	 A	 
2522	 747	 5	 C	 747	 1072	 3	 B	
2523	 761	 5	 Q	 761	 761	 314	 S	
2524	 752	 4	 C	 752	 1074	 2	 A	
2525	 920	 2	 C	 920	 1075	 1	 B	
2526	 747	 5	 D	 747	 1075	 1	 S	 
2527	 1075	 1	 C	 1075	 1075	 2	 A	
2528	 761	 5	 C	 761	 1075	 2	 B	
2529	 752	 4	 D	 752	 1076	 1	 S	 
2530	 1077	 1	 C	 1077	 1077	 1	 B	
2531	 920	 2	 D	 920	 1076	 2	 S	 
2532	 1075	 1	 D	 1075	 1077	 2	 S	 
2533	 922	 2	 P	 922	 922	 158	 A	 
2534	 1028	 3	 A	 1028	 1028	 52	 B	
2535	 761	 5	 D	 761	 1077	 3	 S	 
2536	 1079	 1	 C	 1079	 1079	 2	 A	
2537	 922	 2	 C	 922	 1080	 1	 B	
2538	 1077	 1	 D	 1077	 1078	 3	 S	 
2539	 1080	 1	 C	 1080	 1080	 2	 A	
2540	 1028	 3	 C	 1028	 1080	 2	 B	
2541	 1079	 1	 D	 1079	 1081	 1	 S	 
2542	 1081	 1	 C	 1081	 1081	 2	 A	
2543	 922	 2	 D	 922	 1081	 2	 S	 
2544	 1029	 3	 A	 1029	 1029	 55	 B	
2545	 1080	 1	 D	 1080	 1082	 2	 S	 
2546	 1083	 1	 C	 1083	 1083	 2	 B	
2547	 1028	 3	 D	 1028	 1082	 3	 S	 
2548	 931	 2	 P	 931	 931	 155	 A	 
2549	 1084	 1	 C	 1084	 1084	 2	 B	
2550	 1081	 1	 D	 1081	 1083	 3	 S	 
2551	 1029	 3	 C	 1029	 1084	 3	 A	
2552	 931	 2	 C	 931	 1086	 1	 B	
2553	 1083	 1	 D	 1083	 1085	 2	 S	 
2554	 1086	 1	 C	 1086	 1086	 2	 A	
2555	 1087	 1	 C	 1087	 1087	 1	 B	
2556	 1084	 1	 D	 1084	 1086	 2	 S	 
2557	 1029	 3	 D	 1029	 1087	 2	 S	 
2558	 1030	 3	 A	 1030	 1030	 60	 B	
2559	 931	 2	 D	 931	 1087	 3	 S	 
2560	 933	 2	 P	 933	 933	 158	 A	 
2561	 1089	 1	 C	 1089	 1089	 2	 B	
2562	 1086	 1	 D	 1086	 1088	 3	 S	 
2563	 1030	 3	 C	 1030	 1090	 2	 A	
2564	 933	 2	 C	 933	 1091	 1	 B	
2565	 1087	 1	 D	 1087	 1088	 4	 S	 
2566	 1089	 1	 D	 1089	 1091	 2	 S	 
2567	 1032	 3	 A	 1032	 1032	 62	 B	
2568	 1030	 3	 D	 1030	 1092	 2	 S	 
2569	 934	 4	 P	 934	 934	 161	 A	 
2570	 1094	 1	 C	 1094	 1094	 1	 B	
2571	 933	 2	 D	 933	 1092	 3	 S	 
2572	 1032	 3	 C	 1032	 1094	 2	 A	
2573	 1095	 1	 C	 1095	 1095	 1	 B	
2574	 1094	 1	 D	 1094	 1095	 1	 S	 
2575	 1096	 1	 C	 1096	 1096	 1	 B	
2576	 1032	 3	 D	 1032	 1096	 1	 S	 
2577	 1097	 1	 C	 1097	 1097	 1	 B	
2578	 1095	 1	 D	 1095	 1096	 2	 S	 
2579	 935	 2	 P	 935	 935	 164	 A	 
2580	 1096	 1	 D	 1096	 1097	 2	 S	 
2581	 935	 2	 C	 935	 1099	 1	 A	
2582	 1038	 3	 A	 1038	 1038	 62	 B	
2583	 1097	 1	 D	 1097	 1098	 2	 S	 
2584	 1099	 1	 C	 1099	 1099	 2	 A	
2585	 1038	 3	 C	 1038	 1100	 1	 B	
2586	 935	 2	 D	 935	 1100	 1	 S	 
2587	 1099	 1	 D	 1099	 1101	 1	 S	 
2588	 1041	 3	 A	 1041	 1041	 62	 B	
2589	 1038	 3	 D	 1038	 1101	 2	 S	 
2590	 940	 2	 P	 940	 940	 164	 A	 
2591	 1041	 3	 C	 1041	 1103	 1	 B	
2592	 762	 4	 Q	 762	 762	 342	 S	
2593	 940	 2	 C	 940	 1104	 1	 A	
2594	 1104	 1	 C	 1104	 1104	 1	 B	
2595	 1041	 3	 D	 1041	 1104	 1	 S	 
2596	 762	 4	 C	 762	 1104	 2	 A	
2597	 1105	 1	 C	 1105	 1105	 1	 B	
2598	 940	 2	 D	 940	 1105	 1	 S	 
2599	 1104	 1	 D	 1104	 1105	 2	 S	 
2600	 1042	 5	 A	 1042	 1042	 66	 B	
2601	 762	 4	 D	 762	 1106	 2	 S	 
2602	 941	 2	 P	 941	 941	 168	 A	 
2603	 1107	 1	 C	 1107	 1107	 2	 B	
2604	 1105	 1	 D	 1105	 1106	 3	 S	 
2605	 1108	 1	 C	 1108	 1108	 2	 A	
2606	 941	 2	 C	 941	 1109	 1	 B	
2607	 1107	 1	 D	 1107	 1109	 1	 S	 
2608	 1110	 1	 C	 1110	 1110	 1	 B	
2609	 1108	 1	 D	 1108	 1110	 1	 S	 
2610	 941	 2	 D	 941	 1110	 2	 S	 
2611	 942	 2	 P	 942	 942	 171	 A	 
2612	 1046	 5	 A	 1046	 1046	 67	 B	
2613	 1110	 1	 D	 1110	 1111	 2	 S	 
2614	 942	 2	 C	 942	 1113	 1	 A	
2615	 816	 5	 Q	 816	 816	 298	 S	
2616	 1050	 3	 A	 1050	 1050	 65	 B	
2617	 942	 2	 D	 942	 1114	 1	 S	 
2618	 816	 5	 C	 816	 1114	 2	 B	
2619	 817	 5	 Q	 817	 817	 299	 S	
2620	 946	 2	 P	 946	 946	 171	 A	 
2621	 1115	 1	 C	 1115	 1115	 2	 B	
2622	 816	 5	 D	 816	 1116	 1	 S	 
2623	 1050	 3	 C	 1050	 1115	 3	 A	
2624	 817	 5	 C	 817	 1116	 2	 B	
2625	 1115	 1	 D	 1115	 1117	 1	 S	 
2626	 946	 2	 C	 946	 1117	 2	 A	
2627	 1118	 1	 C	 1118	 1118	 1	 B	
2628	 1050	 3	 D	 1050	 1118	 1	 S	 
2629	 817	 5	 D	 817	 1118	 2	 S	 
2630	 1054	 3	 A	 1054	 1054	 67	 B	
2631	 946	 2	 D	 946	 1119	 2	 S	 
2632	 949	 2	 P	 949	 949	 173	 A	 
2633	 1054	 3	 C	 1054	 1121	 1	 B	
2634	 1118	 1	 D	 1118	 1119	 3	 S	 
2635	 949	 2	 C	 949	 1122	 1	 A	
2636	 1054	 3	 D	 1054	 1122	 1	 S	 
2637	 1055	 5	 A	 1055	 1055	 69	 B	
2638	 949	 2	 D	 949	 1123	 1	 S	 
2639	 1123	 1	 C	 1123	 1123	 2	 B	
2640	 835	 4	 Q	 835	 835	 290	 S	
2641	 953	 2	 P	 953	 953	 173	 A	 
2642	 1124	 1	 C	 1124	 1124	 2	 B	
2643	 1123	 1	 D	 1123	 1125	 1	 S	 
2644	 1125	 1	 C	 1125	 1125	 2	 A	
2645	 835	 4	 C	 835	 1125	 2	 B	
2646	 1124	 1	 D	 1124	 1126	 1	 S	 
2647	 953	 2	 C	 953	 1126	 2	 A	
2648	 1126	 1	 C	 1126	 1126	 2	 B	
2649	 1125	 1	 D	 1125	 1127	 1	 S	 
2650	 1128	 1	 C	 1128	 1128	 1	 B	
2651	 835	 4	 D	 835	 1127	 2	 S	 
2652	 953	 2	 D	 953	 1128	 2	 S	 
2653	 958	 2	 P	 958	 958	 173	 A	 
2654	 1063	 3	 A	 1063	 1063	 68	 B	
2655	 1126	 1	 D	 1126	 1128	 3	 S	 
2656	 1130	 1	 C	 1130	 1130	 2	 A	
2657	 958	 2	 C	 958	 1131	 1	 B	
2658	 1128	 1	 D	 1128	 1129	 3	 S	 
2659	 1063	 3	 C	 1063	 1131	 2	 A	
2660	 1130	 1	 D	 1130	 1132	 1	 S	 
2661	 1068	 3	 A	 1068	 1068	 66	 B	
2662	 958	 2	 D	 958	 1132	 2	 S	 
2663	 1134	 1	 C	 1134	 1134	 1	 B	
2664	 1063	 3	 D	 1063	 1133	 2	 S	 
2665	 965	 2	 P	 965	 965	 171	 A	 
2666	 1068	 3	 C	 1068	 1134	 2	 B	
2667	 1134	 1	 D	 1134	 1135	 1	 S	 
2668	 965	 2	 C	 965	 1136	 1	 A	
2669	 1136	 1	 C	 1136	 1136	 1	 B	
2670	 1068	 3	 D	 1068	 1136	 1	 S	 
2671	 965	 2	 D	 965	 1137	 1	 S	 
2672	 1069	 3	 A	 1069	 1069	 70	 B	
2673	 1136	 1	 D	 1136	 1137	 2	 S	 
2674	 969	 4	 P	 969	 969	 171	 A	 
2675	 1138	 1	 C	 1138	 1138	 2	 B	
2676	 838	 4	 Q	 838	 838	 302	 S	
2677	 1069	 3	 C	 1069	 1139	 2	 A	
2678	 1138	 1	 D	 1138	 1140	 1	 S	 
2679	 838	 4	 C	 838	 1140	 2	 A	
2680	 1071	 3	 A	 1071	 1071	 71	 B	
2681	 1069	 3	 D	 1069	 1141	 1	 S	 
2682	 1141	 1	 C	 1141	 1141	 2	 A	
2683	 1142	 1	 C	 1142	 1142	 1	 B	
2684	 838	 4	 D	 838	 1142	 1	 S	 
2685	 1071	 3	 C	 1071	 1142	 2	 A	
2686	 1143	 1	 C	 1143	 1143	 1	 B	
2687	 1141	 1	 D	 1141	 1143	 1	 S	 
2688	 1142	 1	 D	 1142	 1143	 2	 S	 
2689	 1072	 3	 A	 1072	 1072	 74	 B	
2690	 1071	 3	 D	 1071	 1144	 2	 S	 
2691	 975	 2	 P	 975	 975	 172	 A	 
2692	 1146	 1	 C	 1146	 1146	 1	 B	
2693	 1143	 1	 D	 1143	 1144	 3	 S	 
2694	 1072	 3	 C	 1072	 1146	 2	 A	
2695	 975	 2	 C	 975	 1147	 1	 B	
2696	 1146	 1	 D	 1146	 1147	 1	 S	 
2697	 1148	 1	 C	 1148	 1148	 1	 B	
2698	 1072	 3	 D	 1072	 1148	 1	 S	 
2699	 1149	 1	 C	 1149	 1149	 1	 B	
2700	 975	 2	 D	 975	 1148	 2	 S	 
2701	 981	 2	 P	 981	 981	 170	 A	 
2702	 1150	 1	 C	 1150	 1150	 1	 B	
2703	 1148	 1	 D	 1148	 1149	 2	 S	 
2704	 981	 2	 C	 981	 1151	 1	 A	
2705	 1149	 1	 D	 1149	 1150	 2	 S	 
2706	 1078	 3	 A	 1078	 1078	 75	 B	
2707	 1150	 1	 D	 1150	 1151	 2	 S	 
2708	 1078	 3	 C	 1078	 1153	 1	 B	
2709	 981	 2	 D	 981	 1152	 2	 S	 
2710	 986	 2	 P	 986	 986	 169	 A	 
2711	 1078	 3	 D	 1078	 1154	 1	 S	 
2712	 986	 2	 C	 986	 1155	 1	 A	
2713	 1092	 3	 A	 1092	 1092	 64	 B	
2714	 851	 5	 Q	 851	 851	 305	 S	
2715	 1156	 1	 C	 1156	 1156	 1	 B	
2716	 986	 2	 D	 986	 1156	 1	 S	 
2717	 1092	 3	 C	 1092	 1156	 2	 B	
2718	 1156	 1	 D	 1156	 1157	 1	 S	 
2719	 987	 4	 P	 987	 987	 172	 A	 
2720	 851	 5	 C	 851	 1156	 3	 B	
2721	 1092	 3	 D	 1092	 1158	 1	 S	 
2722	 1158	 1	 C	 1158	 1158	 2	 A	
2723	 851	 5	 D	 851	 1159	 1	 S	 
2724	 1093	 3	 A	 1093	 1093	 68	 B	
2725	 1158	 1	 D	 1158	 1160	 1	 S	 
2726	 1161	 1	 C	 1161	 1161	 1	 B	
2727	 861	 4	 Q	 861	 861	 301	 S	
2728	 988	 2	 P	 988	 988	 175	 A	 
2729	 1093	 3	 C	 1093	 1161	 2	 B	
2730	 1161	 1	 D	 1161	 1162	 1	 S	 
2731	 861	 4	 C	 861	 1162	 2	 A	
2732	 988	 2	 C	 988	 1163	 1	 B	
2733	 1093	 3	 D	 1093	 1163	 1	 S	 
2734	 1163	 1	 C	 1163	 1163	 2	 A	
2735	 1164	 1	 C	 1164	 1164	 1	 B	
2736	 861	 4	 D	 861	 1164	 1	 S	 
2737	 1165	 1	 C	 1165	 1165	 1	 B	
2738	 988	 2	 D	 988	 1164	 2	 S	 
2739	 1166	 1	 C	 1166	 1166	 1	 B	
2740	 1163	 1	 D	 1163	 1165	 2	 S	 
2741	 991	 2	 P	 991	 991	 177	 A	 
2742	 1164	 1	 D	 1164	 1165	 3	 S	 
2743	 991	 2	 C	 991	 1168	 1	 A	
2744	 1100	 3	 A	 1100	 1100	 69	 B	
2745	 1165	 1	 D	 1165	 1166	 3	 S	 
2746	 1100	 3	 C	 1100	 1169	 1	 B	
2747	 1166	 1	 D	 1166	 1167	 3	 S	 
2748	 1170	 1	 C	 1170	 1170	 1	 B	
2749	 991	 2	 D	 991	 1169	 2	 S	 
2750	 993	 4	 P	 993	 993	 179	 A	 
2751	 1100	 3	 D	 1100	 1170	 2	 S	 
2752	 1106	 3	 A	 1106	 1106	 67	 B	
2753	 1170	 1	 D	 1170	 1171	 2	 S	 
2754	 1172	 1	 C	 1172	 1172	 2	 B	
2755	 864	 4	 Q	 864	 864	 310	 S	
2756	 995	 2	 P	 995	 995	 180	 A	 
2757	 1106	 3	 C	 1106	 1173	 2	 B	
2758	 1172	 1	 D	 1172	 1174	 1	 S	 
2759	 864	 4	 C	 864	 1174	 2	 A	
2760	 995	 2	 C	 995	 1175	 1	 B	
2761	 1106	 3	 D	 1106	 1175	 1	 S	 
2762	 1175	 1	 C	 1175	 1175	 2	 A	
2763	 1176	 1	 C	 1176	 1176	 1	 B	
2764	 864	 4	 D	 864	 1176	 1	 S	 
2765	 1177	 1	 C	 1177	 1177	 1	 B	
2766	 995	 2	 D	 995	 1176	 2	 S	 
2767	 1175	 1	 D	 1175	 1177	 2	 S	 
2768	 998	 2	 P	 998	 998	 182	 A	 
2769	 1109	 5	 A	 1109	 1109	 71	 B	
2770	 1176	 1	 D	 1176	 1177	 3	 S	 
2771	 1179	 1	 C	 1179	 1179	 2	 A	
2772	 998	 2	 C	 998	 1180	 1	 B	
2773	 1177	 1	 D	 1177	 1178	 3	 S	 
2774	 1180	 1	 C	 1180	 1180	 2	 A	
2775	 1181	 1	 C	 1181	 1181	 1	 B	
2776	 1179	 1	 D	 1179	 1181	 1	 S	 
2777	 998	 2	 D	 998	 1181	 2	 S	 
2778	 1111	 5	 A	 1111	 1111	 73	 B	
2779	 1180	 1	 D	 1180	 1182	 2	 S	 
2780	 1001	 2	 P	 1001	 1001	 184	 A	 
2781	 1183	 1	 C	 1183	 1183	 2	 B	
2782	 1181	 1	 D	 1181	 1182	 3	 S	 
2783	 1184	 1	 C	 1184	 1184	 2	 A	
2784	 1001	 2	 C	 1001	 1185	 1	 B	
2785	 1183	 1	 D	 1183	 1185	 1	 S	 
2786	 1184	 1	 D	 1184	 1186	 1	 S	 
2787	 1112	 3	 A	 1112	 1112	 76	 B	
2788	 1001	 2	 D	 1001	 1186	 2	 S	 
2789	 1002	 2	 P	 1002	 1002	 187	 A	 
2790	 1187	 1	 C	 1187	 1187	 2	 B	
2791	 865	 5	 Q	 865	 865	 324	 S	
2792	 1188	 1	 C	 1188	 1188	 2	 A	
2793	 1112	 3	 C	 1112	 1188	 2	 B	
2794	 1187	 1	 D	 1187	 1189	 1	 S	 
2795	 1002	 2	 C	 1002	 1189	 2	 A	
2796	 1189	 1	 C	 1189	 1189	 2	 B	
2797	 1188	 1	 D	 1188	 1190	 1	 S	 
2798	 865	 5	 C	 865	 1189	 3	 A	
2799	 1112	 3	 D	 1112	 1190	 2	 S	 
2800	 1116	 3	 A	 1116	 1116	 77	 B	
2801	 1002	 2	 D	 1002	 1191	 2	 S	 
2802	 1193	 1	 C	 1193	 1193	 1	 B	
2803	 1189	 1	 D	 1189	 1191	 3	 S	 
2804	 1003	 2	 P	 1003	 1003	 192	 A	 
2805	 1116	 3	 C	 1116	 1193	 2	 B	
2806	 865	 5	 D	 865	 1192	 3	 S	 
2807	 1003	 2	 C	 1003	 1195	 1	 A	
2808	 1195	 1	 C	 1195	 1195	 1	 B	
2809	 1193	 1	 D	 1193	 1194	 2	 S	 
2810	 1116	 3	 D	 1116	 1195	 2	 S	 
2811	 1129	 3	 A	 1129	 1129	 69	 B	
2812	 1003	 2	 D	 1003	 1196	 2	 S	 
2813	 1007	 2	 P	 1007	 1007	 192	 A	 
2814	 1197	 1	 C	 1197	 1197	 2	 B	
2815	 1195	 1	 D	 1195	 1196	 3	 S	 
2816	 1129	 3	 C	 1129	 1198	 2	 A	
2817	 1007	 2	 C	 1007	 1199	 1	 B	
2818	 1197	 1	 D	 1197	 1199	 1	 S	 
