TID GID GT TTy ReqT TAr TT Res
1	 0	 4	 Q	 0	 0	 1	 S	 prioritize: 1	 
2	 0	 4	 P	 0	 0	 3	 A	 prioritize:1	 
3	 2	 1	 C	 2	 2	 1	 B	 prioritize:0	
4	 0	 4	 C	 0	 3	 1	 A	 prioritize:1	
5	 2	 1	 D	 2	 3	 1	 S	 prioritize:0	 
6	 3	 3	 A	 3	 3	 2	 B	 prioritize:0	
7	 4	 1	 C	 4	 4	 1	 A	 prioritize:0	
8	 0	 4	 D	 0	 4	 1	 S	 prioritize:1	 
9	 3	 3	 C	 3	 5	 1	 B	 prioritize:0	
10	 5	 1	 C	 5	 5	 1	 A	 prioritize:0	
11	 4	 1	 D	 4	 5	 1	 S	 prioritize:0	 
12	 6	 1	 C	 6	 6	 1	 B	 prioritize:0	
13	 3	 3	 D	 3	 6	 1	 S	 prioritize:0	 
14	 7	 1	 C	 7	 7	 1	 B	 prioritize:0	
15	 5	 1	 D	 5	 6	 2	 S	 prioritize:0	 
16	 1	 2	 P	 1	 1	 8	 A	 prioritize:0	 
17	 8	 1	 C	 8	 8	 1	 B	 prioritize:0	
18	 6	 1	 D	 6	 7	 2	 S	 prioritize:0	 
19	 7	 1	 D	 7	 8	 2	 S	 prioritize:0	 
20	 1	 2	 C	 1	 9	 1	 A	 prioritize:0	
21	 9	 3	 A	 9	 9	 2	 B	 prioritize:0	
22	 8	 1	 D	 8	 9	 2	 S	 prioritize:0	 
23	 9	 3	 C	 9	 11	 1	 B	 prioritize:0	
24	 1	 2	 D	 1	 10	 2	 S	 prioritize:0	 
25	 9	 3	 D	 9	 12	 1	 S	 prioritize:0	 
26	 10	 2	 P	 10	 10	 3	 A	 prioritize:0	 
27	 11	 3	 A	 11	 11	 3	 B	 prioritize:0	
28	 10	 2	 C	 10	 13	 1	 A	 prioritize:0	
29	 13	 1	 C	 13	 13	 2	 B	 prioritize:0	
30	 11	 3	 C	 11	 14	 1	 A	 prioritize:0	
31	 10	 2	 D	 10	 14	 1	 S	 prioritize:0	 
32	 13	 1	 D	 13	 15	 1	 S	 prioritize:0	 
33	 14	 3	 A	 14	 14	 3	 B	 prioritize:0	
34	 11	 3	 D	 11	 15	 2	 S	 prioritize:0	 
35	 12	 2	 P	 12	 12	 6	 A	 prioritize:0	 
36	 16	 1	 C	 16	 16	 2	 B	 prioritize:0	
37	 16	 1	 D	 16	 18	 1	 S	 prioritize:0	 
38	 14	 3	 C	 14	 17	 2	 A	 prioritize:0	
39	 12	 2	 C	 12	 18	 1	 B	 prioritize:0	
40	 14	 3	 D	 14	 19	 1	 S	 prioritize:0	 
41	 15	 3	 A	 15	 15	 6	 B	 prioritize:0	
42	 12	 2	 D	 12	 19	 2	 S	 prioritize:0	 
43	 17	 2	 P	 17	 17	 5	 A	 prioritize:0	 
44	 20	 1	 C	 20	 20	 2	 B	 prioritize:0	
45	 15	 3	 C	 15	 21	 2	 A	 prioritize:0	
46	 20	 1	 D	 20	 22	 1	 S	 prioritize:0	 
47	 17	 2	 C	 17	 22	 1	 B	 prioritize:0	
48	 22	 1	 C	 22	 22	 2	 A	 prioritize:0	
49	 15	 3	 D	 15	 23	 1	 S	 prioritize:0	 
50	 24	 1	 C	 24	 24	 1	 B	 prioritize:0	
51	 17	 2	 D	 17	 23	 2	 S	 prioritize:0	 
52	 22	 1	 D	 22	 24	 2	 S	 prioritize:0	 
53	 18	 2	 P	 18	 18	 9	 A	 prioritize:0	 
54	 25	 3	 A	 25	 25	 2	 B	 prioritize:0	
55	 24	 1	 D	 24	 25	 2	 S	 prioritize:0	 
56	 26	 1	 C	 26	 26	 2	 A	 prioritize:0	
57	 18	 2	 C	 18	 27	 1	 B	 prioritize:0	
58	 26	 1	 D	 26	 28	 1	 S	 prioritize:0	 
59	 25	 3	 C	 25	 27	 2	 A	 prioritize:0	
60	 27	 1	 C	 27	 27	 2	 B	 prioritize:0	
61	 18	 2	 D	 18	 28	 2	 S	 prioritize:0	 
62	 25	 3	 D	 25	 29	 2	 S	 prioritize:0	 
63	 29	 3	 A	 29	 29	 2	 B	 prioritize:0	
64	 19	 2	 P	 19	 19	 13	 A	 prioritize:0	 
65	 27	 1	 D	 27	 29	 3	 S	 prioritize:0	 
66	 30	 1	 C	 30	 30	 2	 B	 prioritize:1	
67	 29	 3	 C	 29	 31	 2	 A	 prioritize:0	
68	 28	 4	 Q	 28	 28	 5	 S	 prioritize: 0	 
69	 31	 1	 C	 31	 31	 2	 B	 prioritize:0	
70	 30	 1	 D	 30	 32	 2	 S	 prioritize:1	 
71	 19	 2	 C	 19	 32	 2	 A	 prioritize:0	
72	 33	 1	 C	 33	 33	 1	 B	 prioritize:0	
73	 29	 3	 D	 29	 33	 2	 S	 prioritize:0	 
74	 31	 1	 D	 31	 33	 3	 S	 prioritize:0	 
75	 32	 3	 A	 32	 32	 4	 B	 prioritize:0	
76	 21	 2	 P	 21	 21	 16	 A	 prioritize:0	 
77	 19	 2	 D	 19	 34	 3	 S	 prioritize:0	 
78	 36	 1	 C	 36	 36	 1	 B	 prioritize:0	
79	 32	 3	 C	 32	 36	 2	 A	 prioritize:0	
80	 33	 1	 D	 33	 34	 4	 S	 prioritize:0	 
81	 21	 2	 C	 21	 37	 1	 B	 prioritize:0	
82	 36	 1	 D	 36	 37	 2	 S	 prioritize:0	 
83	 37	 1	 C	 37	 37	 2	 A	 prioritize:0	
84	 32	 3	 D	 32	 38	 2	 S	 prioritize:0	 
85	 39	 1	 C	 39	 39	 1	 A	 prioritize:0	
86	 35	 3	 A	 35	 35	 5	 B	 prioritize:0	
87	 21	 2	 D	 21	 38	 3	 S	 prioritize:0	 
88	 35	 3	 C	 35	 40	 1	 B	 prioritize:0	
89	 37	 1	 D	 37	 39	 3	 S	 prioritize:0	 
90	 41	 1	 C	 41	 41	 1	 B	 prioritize:0	
91	 23	 2	 P	 23	 23	 20	 A	 prioritize:0	 
92	 39	 1	 D	 39	 40	 3	 S	 prioritize:0	 
93	 42	 1	 C	 42	 42	 1	 B	 prioritize:0	
94	 23	 2	 C	 23	 43	 1	 A	 prioritize:0	
95	 35	 3	 D	 35	 41	 3	 S	 prioritize:0	 
96	 41	 1	 D	 41	 42	 3	 S	 prioritize:0	 
97	 38	 3	 A	 38	 38	 7	 B	 prioritize:0	
98	 42	 1	 D	 42	 43	 3	 S	 prioritize:0	 
99	 44	 1	 C	 44	 44	 2	 B	 prioritize:0	
100	 28	 4	 P	 28	 28	 19	 A	 prioritize:0	 
101	 23	 2	 D	 23	 44	 3	 S	 prioritize:0	 
102	 45	 1	 C	 45	 45	 2	 B	 prioritize:0	
103	 38	 3	 C	 38	 45	 3	 A	 prioritize:0	
104	 44	 1	 D	 44	 46	 2	 S	 prioritize:0	 
105	 28	 4	 C	 28	 47	 1	 B	 prioritize:0	
106	 47	 1	 C	 47	 47	 2	 A	 prioritize:0	
107	 45	 1	 D	 45	 47	 2	 S	 prioritize:0	 
108	 38	 3	 D	 38	 48	 2	 S	 prioritize:0	 
109	 48	 5	 A	 48	 48	 2	 B	 prioritize:0	
110	 28	 4	 D	 28	 48	 3	 S	 prioritize:0	 
111	 50	 1	 C	 50	 50	 1	 B	 prioritize:0	
112	 34	 2	 P	 34	 34	 18	 A	 prioritize:0	 
113	 47	 1	 D	 47	 49	 3	 S	 prioritize:0	 
114	 52	 1	 C	 52	 52	 1	 B	 prioritize:0	
115	 34	 2	 C	 34	 52	 1	 A	 prioritize:0	
116	 50	 1	 D	 50	 51	 2	 S	 prioritize:0	 
117	 53	 1	 C	 53	 53	 1	 B	 prioritize:0	
118	 52	 1	 D	 52	 53	 1	 S	 prioritize:0	 
119	 34	 2	 D	 34	 53	 2	 S	 prioritize:0	 
120	 55	 1	 C	 55	 55	 1	 B	 prioritize:0	
121	 40	 2	 P	 40	 40	 16	 A	 prioritize:0	 
122	 53	 1	 D	 53	 54	 2	 S	 prioritize:0	 
123	 40	 2	 C	 40	 56	 1	 B	 prioritize:0	
124	 55	 1	 D	 55	 56	 1	 S	 prioritize:0	 
125	 40	 2	 D	 40	 57	 1	 S	 prioritize:0	 
126	 43	 2	 P	 43	 43	 16	 A	 prioritize:0	 
127	 57	 3	 A	 57	 57	 2	 B	 prioritize:0	
128	 48	 5	 Q	 48	 48	 11	 S	 prioritize: 0	 
129	 59	 1	 C	 59	 59	 1	 A	 prioritize:0	
130	 43	 2	 C	 43	 59	 1	 B	 prioritize:0	
131	 58	 5	 Q	 58	 58	 2	 S	 prioritize: 0	 
132	 57	 3	 C	 57	 59	 2	 B	 prioritize:0	
133	 59	 1	 D	 59	 60	 1	 S	 prioritize:0	 
134	 48	 5	 C	 48	 59	 3	 B	 prioritize:0	
135	 43	 2	 D	 43	 60	 2	 S	 prioritize:0	 
136	 60	 2	 P	 60	 60	 3	 A	 prioritize:1	 
137	 62	 1	 C	 62	 62	 1	 B	 prioritize:0	
138	 57	 3	 D	 57	 61	 2	 S	 prioritize:0	 
139	 60	 2	 C	 60	 63	 1	 A	 prioritize:1	
140	 63	 1	 C	 63	 63	 1	 B	 prioritize:0	
141	 48	 5	 D	 48	 62	 2	 S	 prioritize:0	 
142	 64	 1	 C	 64	 64	 1	 A	 prioritize:0	
143	 60	 2	 D	 60	 64	 1	 S	 prioritize:1	 
144	 58	 5	 A	 58	 58	 8	 B	 prioritize:0	
145	 62	 1	 D	 62	 63	 3	 S	 prioritize:0	 
146	 58	 5	 C	 58	 66	 1	 B	 prioritize:0	
147	 63	 1	 D	 63	 64	 3	 S	 prioritize:0	 
148	 46	 2	 P	 46	 46	 22	 A	 prioritize:0	 
149	 67	 1	 C	 67	 67	 1	 B	 prioritize:0	
150	 64	 1	 D	 64	 65	 3	 S	 prioritize:0	 
151	 68	 1	 C	 68	 68	 1	 A	 prioritize:0	
152	 46	 2	 C	 46	 68	 1	 B	 prioritize:0	
153	 58	 5	 D	 58	 67	 2	 S	 prioritize:0	 
154	 67	 1	 D	 67	 68	 2	 S	 prioritize:0	 
155	 61	 5	 A	 61	 61	 10	 B	 prioritize:0	
156	 61	 5	 Q	 61	 61	 10	 S	 prioritize: 0	 
157	 49	 2	 P	 49	 49	 23	 A	 prioritize:0	 
158	 71	 1	 C	 71	 71	 1	 B	 prioritize:0	
159	 68	 1	 D	 68	 69	 3	 S	 prioritize:0	 
160	 61	 5	 C	 61	 71	 2	 A	 prioritize:0	
161	 72	 1	 C	 72	 72	 1	 B	 prioritize:0	
162	 46	 2	 D	 46	 69	 4	 S	 prioritize:0	 
163	 49	 2	 C	 49	 72	 2	 A	 prioritize:0	
164	 71	 1	 D	 71	 72	 2	 S	 prioritize:0	 
165	 65	 3	 A	 65	 65	 10	 B	 prioritize:0	
166	 61	 5	 D	 61	 73	 2	 S	 prioritize:0	 
167	 65	 3	 C	 65	 75	 1	 B	 prioritize:0	
168	 66	 4	 Q	 66	 66	 10	 S	 prioritize: 0	 
169	 51	 2	 P	 51	 51	 26	 A	 prioritize:0	 
170	 76	 1	 C	 76	 76	 1	 B	 prioritize:0	
171	 72	 1	 D	 72	 73	 4	 S	 prioritize:0	 
172	 51	 2	 C	 51	 77	 1	 A	 prioritize:0	
173	 77	 1	 C	 77	 77	 1	 B	 prioritize:0	
174	 49	 2	 D	 49	 74	 4	 S	 prioritize:0	 
175	 65	 3	 D	 65	 76	 3	 S	 prioritize:0	 
176	 73	 3	 A	 73	 73	 7	 B	 prioritize:0	
177	 76	 1	 D	 76	 77	 3	 S	 prioritize:0	 
178	 54	 2	 P	 54	 54	 27	 A	 prioritize:0	 
179	 80	 1	 C	 80	 80	 1	 B	 prioritize:0	
180	 51	 2	 D	 51	 78	 3	 S	 prioritize:0	 
181	 73	 3	 C	 73	 80	 2	 A	 prioritize:0	
182	 54	 2	 C	 54	 81	 1	 B	 prioritize:0	
183	 70	 4	 Q	 70	 70	 12	 S	 prioritize: 0	 
184	 82	 1	 C	 82	 82	 1	 B	 prioritize:0	
185	 77	 1	 D	 77	 78	 5	 S	 prioritize:0	 
186	 83	 1	 C	 83	 83	 1	 B	 prioritize:0	
187	 80	 1	 D	 80	 81	 3	 S	 prioritize:0	 
188	 56	 2	 P	 56	 56	 29	 A	 prioritize:0	 
189	 84	 1	 C	 84	 84	 1	 B	 prioritize:0	
190	 73	 3	 D	 73	 82	 3	 S	 prioritize:0	 
191	 56	 2	 C	 56	 85	 1	 A	 prioritize:0	
192	 54	 2	 D	 54	 82	 4	 S	 prioritize:0	 
193	 75	 5	 A	 75	 75	 12	 B	 prioritize:0	
194	 82	 1	 D	 82	 83	 4	 S	 prioritize:0	 
195	 83	 1	 D	 83	 84	 4	 S	 prioritize:0	 
196	 66	 4	 P	 66	 66	 23	 A	 prioritize:0	 
197	 79	 3	 A	 79	 79	 10	 B	 prioritize:0	
198	 84	 1	 D	 84	 85	 4	 S	 prioritize:0	 
199	 88	 1	 C	 88	 88	 2	 A	 prioritize:0	
200	 56	 2	 D	 56	 86	 4	 S	 prioritize:0	 
201	 66	 4	 C	 66	 89	 1	 B	 prioritize:0	
202	 89	 1	 C	 89	 89	 2	 A	 prioritize:0	
203	 90	 4	 Q	 90	 90	 1	 S	 prioritize: 1	 
204	 79	 3	 C	 79	 89	 2	 B	 prioritize:0	
205	 88	 1	 D	 88	 90	 2	 S	 prioritize:0	 
206	 81	 5	 A	 81	 81	 12	 B	 prioritize:0	
207	 66	 4	 D	 66	 90	 3	 S	 prioritize:0	 
208	 90	 4	 P	 90	 90	 4	 A	 prioritize:1	 
209	 92	 1	 C	 92	 92	 2	 B	 prioritize:0	
210	 75	 5	 Q	 75	 75	 19	 S	 prioritize: 0	 
211	 90	 4	 C	 90	 94	 1	 A	 prioritize:1	
212	 94	 1	 C	 94	 94	 1	 B	 prioritize:0	
213	 89	 1	 D	 89	 91	 4	 S	 prioritize:0	 
214	 75	 5	 C	 75	 94	 2	 A	 prioritize:0	
215	 90	 4	 D	 90	 95	 1	 S	 prioritize:1	 
216	 95	 1	 C	 95	 95	 1	 B	 prioritize:0	
217	 79	 3	 D	 79	 91	 6	 S	 prioritize:0	 
218	 96	 1	 C	 96	 96	 1	 B	 prioritize:0	
219	 92	 1	 D	 92	 94	 4	 S	 prioritize:0	 
220	 97	 1	 C	 97	 97	 1	 B	 prioritize:0	
221	 69	 2	 P	 69	 69	 30	 A	 prioritize:0	 
222	 94	 1	 D	 94	 95	 4	 S	 prioritize:0	 
223	 98	 1	 C	 98	 98	 1	 B	 prioritize:0	
224	 69	 2	 C	 69	 99	 1	 A	 prioritize:0	
225	 75	 5	 D	 75	 96	 4	 S	 prioritize:0	 
226	 91	 3	 A	 91	 91	 10	 B	 prioritize:0	
227	 95	 1	 D	 95	 96	 5	 S	 prioritize:0	 
228	 96	 1	 D	 96	 97	 5	 S	 prioritize:0	 
229	 100	 1	 C	 100	 100	 2	 B	 prioritize:0	
230	 70	 4	 P	 70	 70	 33	 A	 prioritize:0	 
231	 97	 1	 D	 97	 98	 5	 S	 prioritize:0	 
232	 101	 1	 C	 101	 101	 2	 B	 prioritize:0	
233	 91	 3	 C	 91	 101	 3	 A	 prioritize:0	
234	 98	 1	 D	 98	 99	 5	 S	 prioritize:0	 
235	 102	 1	 C	 102	 102	 2	 B	 prioritize:0	
236	 70	 4	 C	 70	 103	 2	 A	 prioritize:0	
237	 69	 2	 D	 69	 100	 5	 S	 prioritize:0	 
238	 103	 1	 C	 103	 103	 2	 B	 prioritize:0	
239	 81	 5	 Q	 81	 81	 25	 S	 prioritize: 0	 
240	 93	 5	 A	 93	 93	 14	 B	 prioritize:0	
241	 100	 1	 D	 100	 102	 5	 S	 prioritize:0	 
242	 74	 2	 P	 74	 74	 34	 A	 prioritize:0	 
243	 101	 1	 D	 101	 103	 5	 S	 prioritize:0	 
244	 106	 1	 C	 106	 106	 2	 B	 prioritize:0	
245	 81	 5	 C	 81	 106	 3	 A	 prioritize:0	
246	 91	 3	 D	 91	 104	 5	 S	 prioritize:0	 
247	 107	 1	 C	 107	 107	 2	 B	 prioritize:0	
248	 74	 2	 C	 74	 108	 2	 A	 prioritize:0	
249	 102	 1	 D	 102	 104	 6	 S	 prioritize:0	 
250	 109	 1	 C	 109	 109	 1	 B	 prioritize:0	
251	 70	 4	 D	 70	 105	 6	 S	 prioritize:0	 
252	 110	 1	 C	 110	 110	 1	 B	 prioritize:0	
253	 103	 1	 D	 103	 105	 7	 S	 prioritize:0	 
254	 78	 2	 P	 78	 78	 35	 A	 prioritize:0	 
255	 99	 3	 A	 99	 99	 14	 B	 prioritize:0	
256	 106	 1	 D	 106	 108	 5	 S	 prioritize:0	 
257	 112	 1	 C	 112	 112	 2	 A	 prioritize:0	
258	 78	 2	 C	 78	 113	 1	 B	 prioritize:0	
259	 93	 5	 Q	 93	 93	 21	 S	 prioritize: 0	 
260	 99	 3	 C	 99	 113	 2	 A	 prioritize:0	
261	 81	 5	 D	 81	 109	 6	 S	 prioritize:0	 
262	 93	 5	 C	 93	 114	 2	 A	 prioritize:0	
263	 111	 3	 A	 111	 111	 5	 B	 prioritize:0	
264	 107	 1	 D	 107	 109	 7	 S	 prioritize:0	 
265	 116	 1	 C	 116	 116	 1	 B	 prioritize:0	
266	 74	 2	 D	 74	 110	 7	 S	 prioritize:0	 
267	 111	 3	 C	 111	 116	 2	 B	 prioritize:0	
268	 109	 1	 D	 109	 110	 8	 S	 prioritize:0	 
269	 85	 2	 P	 85	 85	 34	 A	 prioritize:0	 
270	 117	 1	 C	 117	 117	 2	 B	 prioritize:0	
271	 110	 1	 D	 110	 111	 8	 S	 prioritize:0	 
272	 85	 2	 C	 85	 119	 1	 A	 prioritize:0	
273	 119	 1	 C	 119	 119	 1	 B	 prioritize:0	
274	 112	 1	 D	 112	 114	 6	 S	 prioritize:0	 
275	 78	 2	 D	 78	 114	 7	 S	 prioritize:0	 
276	 113	 5	 A	 113	 113	 9	 B	 prioritize:0	
277	 99	 3	 D	 99	 115	 7	 S	 prioritize:0	 
278	 86	 2	 P	 86	 86	 37	 A	 prioritize:0	 
279	 93	 5	 D	 93	 116	 7	 S	 prioritize:0	 
280	 86	 2	 C	 86	 123	 1	 A	 prioritize:0	
281	 115	 3	 A	 115	 115	 9	 B	 prioritize:0	
282	 116	 1	 D	 116	 117	 7	 S	 prioritize:0	 
283	 115	 3	 C	 115	 124	 1	 B	 prioritize:0	
284	 111	 3	 D	 111	 118	 7	 S	 prioritize:0	 
285	 117	 1	 D	 117	 119	 7	 S	 prioritize:0	 
286	 87	 2	 P	 87	 87	 40	 A	 prioritize:0	 
287	 118	 3	 A	 118	 118	 9	 B	 prioritize:0	
288	 85	 2	 D	 85	 120	 7	 S	 prioritize:0	 
289	 87	 2	 C	 87	 127	 1	 A	 prioritize:0	
290	 118	 3	 C	 118	 127	 1	 B	 prioritize:0	
291	 119	 1	 D	 119	 120	 8	 S	 prioritize:0	 
292	 86	 2	 D	 86	 124	 5	 S	 prioritize:0	 
293	 115	 3	 D	 115	 125	 5	 S	 prioritize:0	 
294	 104	 2	 P	 104	 104	 27	 A	 prioritize:0	 
295	 87	 2	 D	 87	 128	 3	 S	 prioritize:0	 
296	 104	 2	 C	 104	 131	 1	 B	 prioritize:0	
297	 118	 3	 D	 118	 128	 4	 S	 prioritize:0	 
298	 104	 2	 D	 104	 132	 1	 S	 prioritize:0	 
299	 105	 4	 P	 105	 105	 29	 A	 prioritize:0	 
300	 105	 4	 Q	 105	 105	 29	 S	 prioritize: 0	 
301	 105	 4	 C	 105	 134	 1	 B	 prioritize:0	
302	 113	 5	 Q	 113	 113	 22	 S	 prioritize: 0	 
303	 105	 4	 D	 105	 135	 1	 S	 prioritize:0	 
304	 113	 5	 C	 113	 135	 1	 B	 prioritize:0	
305	 108	 2	 P	 108	 108	 29	 A	 prioritize:0	 
306	 113	 5	 D	 113	 136	 1	 S	 prioritize:0	 
307	 108	 2	 C	 108	 137	 1	 B	 prioritize:0	
308	 108	 2	 D	 108	 138	 1	 S	 prioritize:0	 
309	 114	 2	 P	 114	 114	 26	 A	 prioritize:0	 
310	 114	 2	 C	 114	 140	 1	 B	 prioritize:0	
311	 114	 2	 D	 114	 141	 1	 S	 prioritize:0	 
